<?xml version="1.0" encoding="UTF-8"?>
<testsuites name="Regression_Digiboxkh_Web" time="673.564" testsuitescount="7" testsuitespassed="7" testsuitesfailures="0" testsuiteserrors="0" testsuitesincompleted="0" testsuitesskipped="0" tests="26" passed="26" failures="0" errors="0" incompleted="0" skipped="0">
   <testsuite name="Registration_TestSuite" tests="4" passed="4" failures="0" errors="0" incompleted="0" skipped="0" time="70.977" timestamp="2026-07-07T02:26:37.027Z" hostname="AgungPriyadi - NB-GDA-55026" id="Test Suites/WEB/Registration/Registration_TestSuite" status="PASSED">
      <properties>
         <property name="deviceName" value=""/>
         <property name="devicePlatform"/>
         <property name="logFolder" value="C:\\Users\\AgungPriyadi\\git\\digibox-kh\\Reports\\20260707_092618\\WEB\\Registration\\Registration_TestSuite\\20260707_092618"/>
         <property name="logFiles" value="C:\\Users\\AgungPriyadi\\git\\digibox-kh\\Reports\\20260707_092618\\WEB\\Registration\\Registration_TestSuite\\20260707_092618\\console0.log, C:\\Users\\AgungPriyadi\\git\\digibox-kh\\Reports\\20260707_092618\\WEB\\Registration\\Registration_TestSuite\\20260707_092618\\execution0.log"/>
         <property name="attachments" value=""/>
         <property name="executionBindingVariables" value="[]"/>
         <property name="hostName" value="AgungPriyadi - NB-GDA-55026"/>
         <property name="os" value="Windows 11 64bit"/>
         <property name="katalonVersion" value="11.1.3.0"/>
         <property name="browser" value="Chrome 149.0.7827.103"/>
         <property name="userFullName" value="Agung Priyadi"/>
         <property name="hostAddress" value="192.168.110.50"/>
         <property name="sessionId" value="788473cbf83936e56d01bc067df5a71f"/>
         <property name="projectName" value="digibox-kh"/>
         <property name="seleniumVersion" value="4.39.0"/>
         <property name="proxyInformation" value="ProxyInformation { proxyOption=NO_PROXY, proxyServerType=HTTP, username=, password=********, proxyServerAddress=, proxyServerPort=0, executionList=&quot;&quot;, isApplyToDesiredCapabilities=true }"/>
         <property name="platform" value="Windows 11"/>
      </properties>
      <testcase name="Test Cases/WEB/Registration/Register with duplicate Account" time="16.539" classname="Test Cases/WEB/Registration/Register with duplicate Account" status="PASSED">
         <system-out><![CDATA[07-07-2026T09:26:37 - [TEST_CASE][PASSED] - Test Cases/WEB/Registration/Register with duplicate Account: Test Cases/WEB/Registration/Register with duplicate Account

07-07-2026T09:26:37 - [TEST_STEP][PASSED] - openBrowser(""): Browser is opened with url: ''

07-07-2026T09:26:37 - [MESSAGE][INFO] - Starting 'Chrome (headless)' driver

07-07-2026T09:26:37 - [MESSAGE][INFO] - User set preference: ['args', '[--disable-dev-shm-usage, --no-sandbox, --disable-gpu, --window-size=1920,1080]']

07-07-2026T09:26:37 - [MESSAGE][INFO] - Action delay is set to 0 milliseconds

07-07-2026T09:26:39 - [MESSAGE][PASSED] - Browser is opened with url: ''

07-07-2026T09:26:39 - [TEST_STEP][PASSED] - custom.BrowserHelper.setupBrowserWindow(): custom.BrowserHelper.setupBrowserWindow is PASSED

07-07-2026T09:26:39 - [MESSAGE][PASSED] - Viewport is set to new size with width = 1920 and height = 1080

07-07-2026T09:26:39 - [MESSAGE][PASSED] - custom.BrowserHelper.setupBrowserWindow is PASSED

07-07-2026T09:26:39 - [TEST_STEP][PASSED] - navigateToUrl(URL): Navigate to 'https://d-digibox-kh.blubox.id/' successfully

07-07-2026T09:26:42 - [MESSAGE][PASSED] - Navigate to 'https://d-digibox-kh.blubox.id/' successfully

07-07-2026T09:26:42 - [TEST_STEP][PASSED] - verifyElementVisible(findTestObject("WEB/Home Page/header_digibox")): Object 'Object Repository/WEB/Home Page/header_digibox' is visible

07-07-2026T09:26:42 - [MESSAGE][PASSED] - Object 'Object Repository/WEB/Home Page/header_digibox' is visible

07-07-2026T09:26:42 - [TEST_STEP][PASSED] - click(findTestObject("WEB/Registration/icon-acount")): Object: 'Object Repository/WEB/Registration/icon-acount' is clicked on

07-07-2026T09:26:42 - [MESSAGE][PASSED] - Object: 'Object Repository/WEB/Registration/icon-acount' is clicked on

07-07-2026T09:26:42 - [TEST_STEP][PASSED] - custom.BrowserHelper.closeFirefoxPopup(): custom.BrowserHelper.closeFirefoxPopup is PASSED

07-07-2026T09:26:43 - [MESSAGE][PASSED] - Delayed 1 second(s)

07-07-2026T09:26:43 - [MESSAGE][WARNING] - Test object with id 'Object Repository/' does not exist

07-07-2026T09:26:44 - [MESSAGE][PASSED] - Keys 'ESCAPE + ' sent to object: 'tempBody'

07-07-2026T09:26:44 - [MESSAGE][PASSED] - Execute JavaScript 'document.body.click();' successfully

07-07-2026T09:26:45 - [MESSAGE][PASSED] - Delayed 1 second(s)

07-07-2026T09:26:45 - [MESSAGE][PASSED] - custom.BrowserHelper.closeFirefoxPopup is PASSED

07-07-2026T09:26:45 - [TEST_STEP][PASSED] - click(findTestObject("WEB/Registration/btn-create-new-account")): Object: 'Object Repository/WEB/Registration/btn-create-new-account' is clicked on

07-07-2026T09:26:45 - [MESSAGE][PASSED] - Object: 'Object Repository/WEB/Registration/btn-create-new-account' is clicked on

07-07-2026T09:26:45 - [TEST_STEP][PASSED] - setText(findTestObject("WEB/Registration/field-Email"), "agungpriyadi@gmail.com"): Text 'agungpriyadi@gmail.com' is set on object 'Object Repository/WEB/Registration/field-Email'

07-07-2026T09:26:46 - [MESSAGE][PASSED] - Text 'agungpriyadi@gmail.com' is set on object 'Object Repository/WEB/Registration/field-Email'

07-07-2026T09:26:46 - [TEST_STEP][PASSED] - setText(findTestObject("WEB/Registration/field-account"), "agungpriyadi"): Text 'agungpriyadi' is set on object 'Object Repository/WEB/Registration/field-account'

07-07-2026T09:26:47 - [MESSAGE][PASSED] - Text 'agungpriyadi' is set on object 'Object Repository/WEB/Registration/field-account'

07-07-2026T09:26:47 - [TEST_STEP][PASSED] - setText(findTestObject("WEB/Registration/field-Password"), "Laskar123456"): Text 'Laskar123456' is set on object 'Object Repository/WEB/Registration/field-Password'

07-07-2026T09:26:48 - [MESSAGE][PASSED] - Text 'Laskar123456' is set on object 'Object Repository/WEB/Registration/field-Password'

07-07-2026T09:26:48 - [TEST_STEP][PASSED] - click(findTestObject("WEB/Registration/btn-sign-up")): Object: 'Object Repository/WEB/Registration/btn-sign-up' is clicked on

07-07-2026T09:26:48 - [MESSAGE][PASSED] - Object: 'Object Repository/WEB/Registration/btn-sign-up' is clicked on

07-07-2026T09:26:48 - [TEST_STEP][PASSED] - delay(2): Delayed 2 second(s)

07-07-2026T09:26:50 - [MESSAGE][PASSED] - Delayed 2 second(s)

07-07-2026T09:26:50 - [TEST_STEP][PASSED] - isDuplicateShown = verifyTextPresent("Duplicated-unknown-error.", false, OPTIONAL): Text 'Duplicated-unknown-error.' is present on page 

07-07-2026T09:26:51 - [MESSAGE][PASSED] - Text 'Duplicated-unknown-error.' is present on page 

07-07-2026T09:26:51 - [TEST_STEP][PASSED] - if (!(isDuplicateShown)): null

07-07-2026T09:26:51 - [TEST_STEP][PASSED] - closeBrowser(): Browser is closed

07-07-2026T09:26:51 - [MESSAGE][PASSED] - Browser is closed

07-07-2026T09:26:51 - [TEST_STEP][FAILED] - Start listener action : afterTestCase: null

07-07-2026T09:26:51 - [TEST_STEP][PASSED] - status = testCaseContext.getTestCaseStatus(): null

07-07-2026T09:26:51 - [TEST_STEP][PASSED] - if (status == "PASSED"): null

07-07-2026T09:26:51 - [TEST_STEP][PASSED] - saveScreenshot("PASSED"): null

07-07-2026T09:26:51 - [TEST_STEP][PASSED] - try: null

07-07-2026T09:26:51 - [TEST_STEP][PASSED] - tcName = getTestCaseName(): null

07-07-2026T09:26:51 - [TEST_STEP][PASSED] - return com.kms.katalon.core.configuration.RunConfiguration.getExecutionSourceName().replace(Test Cases/, ).replaceAll([\\/:*?"<>|], _): null

07-07-2026T09:26:51 - [TEST_STEP][PASSED] - folderPath = Screenshot/$status/$tcName/: null

07-07-2026T09:26:51 - [TEST_STEP][PASSED] - Files.createDirectories(Paths.get(folderPath)): null

07-07-2026T09:26:51 - [TEST_STEP][PASSED] - screenshotPath = $folderPath$status_$this.getTimestamp().png: null

07-07-2026T09:26:51 - [TEST_STEP][FAILED] - return new java.text.SimpleDateFormat(yyyyMMdd_HHmmss).format(new java.util.Date()): Cannot take screenshot (Root cause: com.kms.katalon.core.exception.StepFailedException: Cannot take screenshot
	at com.kms.katalon.core.webui.keyword.internal.WebUIKeywordMain.stepFailed(WebUIKeywordMain.groovy:177)
	at com.kms.katalon.core.webui.keyword.internal.WebUIKeywordMain.runKeyword(WebUIKeywordMain.groovy:49)
	at com.kms.katalon.core.webui.keyword.builtin.TakeScreenshotKeyword.takeScreenshot(TakeScreenshotKeyword.groovy:93)
	at com.kms.katalon.core.webui.keyword.builtin.TakeScreenshotKeyword.execute(TakeScreenshotKeyword.groovy:49)
	at com.kms.katalon.core.keyword.internal.KeywordExecutor.executeKeywordForPlatform(KeywordExecutor.groovy:99)
	at com.kms.katalon.core.webui.keyword.WebUiBuiltInKeywords.takeScreenshot(WebUiBuiltInKeywords.groovy:3076)
	at AutoScreenshotListener.saveScreenshot(AutoScreenshotListener.groovy:73)
	at AutoScreenshotListener.afterTestCase(AutoScreenshotListener.groovy:113)
	at java.base/jdk.internal.reflect.DirectMethodHandleAccessor.invoke(DirectMethodHandleAccessor.java:103)
	at com.kms.katalon.core.context.internal.TestHooker.invokeMethod(TestHooker.java:111)
	at com.kms.katalon.core.context.internal.TestHooker.lambda$3(TestHooker.java:95)
	at com.kms.katalon.core.context.internal.TestHooker.invokeContextMethods(TestHooker.java:94)
	at com.kms.katalon.core.context.internal.TestListenerCollector.lambda$3(TestListenerCollector.java:88)
	at com.kms.katalon.core.context.internal.TestListenerCollector.handleListenerEvent(TestListenerCollector.java:85)
	at com.kms.katalon.core.context.internal.ExecutionEventManager.publicEvent(ExecutionEventManager.java:47)
	at com.kms.katalon.core.main.TestCaseExecutor.execute(TestCaseExecutor.java:366)
	at com.kms.katalon.core.common.CommonExecutor.accessTestCaseMainPhase(CommonExecutor.java:71)
	at com.kms.katalon.core.main.TestSuiteExecutor.accessTestSuiteMainPhase(TestSuiteExecutor.java:153)
	at com.kms.katalon.core.main.TestSuiteExecutor.execute(TestSuiteExecutor.java:110)
	at com.kms.katalon.core.main.TestCaseMain.startTestSuite(TestCaseMain.java:206)
	at S0707_1.run(S0707_1.groovy:40)
	at java.base/jdk.internal.reflect.DirectMethodHandleAccessor.invoke(DirectMethodHandleAccessor.java:103)
Caused by: com.kms.katalon.core.webui.exception.BrowserNotOpenedException: Browser is not opened
Build info: version: '4.39.0', revision: '126f156aee'
System info: os.name: 'Windows 11', os.arch: 'amd64', os.version: '10.0', java.version: '21.0.9'
Driver info: driver.version: unknown
	at com.kms.katalon.core.webui.driver.DriverFactory.verifyWebDriverIsOpen(DriverFactory.java:600)
	at com.kms.katalon.core.webui.driver.DriverFactory.verifyWebDriver(DriverFactory.java:585)
	at com.kms.katalon.core.webui.driver.DriverFactory.getWebDriver(DriverFactory.java:559)
	at com.kms.katalon.core.webui.keyword.builtin.TakeScreenshotKeyword$_takeScreenshot_closure1.doCall(TakeScreenshotKeyword.groovy:95)
	at com.kms.katalon.core.webui.keyword.builtin.TakeScreenshotKeyword$_takeScreenshot_closure1.call(TakeScreenshotKeyword.groovy)
	at com.kms.katalon.core.webui.keyword.internal.WebUIKeywordMain.runKeyword(WebUIKeywordMain.groovy:41)
	... 20 more
)

07-07-2026T09:26:51 - [TEST_STEP][FAILED] - takeScreenshot(screenshotPath): Cannot take screenshot (Root cause: com.kms.katalon.core.exception.StepFailedException: Cannot take screenshot
	at com.kms.katalon.core.webui.keyword.internal.WebUIKeywordMain.stepFailed(WebUIKeywordMain.groovy:177)
	at com.kms.katalon.core.webui.keyword.internal.WebUIKeywordMain.runKeyword(WebUIKeywordMain.groovy:49)
	at com.kms.katalon.core.webui.keyword.builtin.TakeScreenshotKeyword.takeScreenshot(TakeScreenshotKeyword.groovy:93)
	at com.kms.katalon.core.webui.keyword.builtin.TakeScreenshotKeyword.execute(TakeScreenshotKeyword.groovy:49)
	at com.kms.katalon.core.keyword.internal.KeywordExecutor.executeKeywordForPlatform(KeywordExecutor.groovy:99)
	at com.kms.katalon.core.webui.keyword.WebUiBuiltInKeywords.takeScreenshot(WebUiBuiltInKeywords.groovy:3076)
	at AutoScreenshotListener.saveScreenshot(AutoScreenshotListener.groovy:73)
	at AutoScreenshotListener.afterTestCase(AutoScreenshotListener.groovy:113)
	at java.base/jdk.internal.reflect.DirectMethodHandleAccessor.invoke(DirectMethodHandleAccessor.java:103)
	at com.kms.katalon.core.context.internal.TestHooker.invokeMethod(TestHooker.java:111)
	at com.kms.katalon.core.context.internal.TestHooker.lambda$3(TestHooker.java:95)
	at com.kms.katalon.core.context.internal.TestHooker.invokeContextMethods(TestHooker.java:94)
	at com.kms.katalon.core.context.internal.TestListenerCollector.lambda$3(TestListenerCollector.java:88)
	at com.kms.katalon.core.context.internal.TestListenerCollector.handleListenerEvent(TestListenerCollector.java:85)
	at com.kms.katalon.core.context.internal.ExecutionEventManager.publicEvent(ExecutionEventManager.java:47)
	at com.kms.katalon.core.main.TestCaseExecutor.execute(TestCaseExecutor.java:366)
	at com.kms.katalon.core.common.CommonExecutor.accessTestCaseMainPhase(CommonExecutor.java:71)
	at com.kms.katalon.core.main.TestSuiteExecutor.accessTestSuiteMainPhase(TestSuiteExecutor.java:153)
	at com.kms.katalon.core.main.TestSuiteExecutor.execute(TestSuiteExecutor.java:110)
	at com.kms.katalon.core.main.TestCaseMain.startTestSuite(TestCaseMain.java:206)
	at S0707_1.run(S0707_1.groovy:40)
	at java.base/jdk.internal.reflect.DirectMethodHandleAccessor.invoke(DirectMethodHandleAccessor.java:103)
Caused by: com.kms.katalon.core.webui.exception.BrowserNotOpenedException: Browser is not opened
Build info: version: '4.39.0', revision: '126f156aee'
System info: os.name: 'Windows 11', os.arch: 'amd64', os.version: '10.0', java.version: '21.0.9'
Driver info: driver.version: unknown
	at com.kms.katalon.core.webui.driver.DriverFactory.verifyWebDriverIsOpen(DriverFactory.java:600)
	at com.kms.katalon.core.webui.driver.DriverFactory.verifyWebDriver(DriverFactory.java:585)
	at com.kms.katalon.core.webui.driver.DriverFactory.getWebDriver(DriverFactory.java:559)
	at com.kms.katalon.core.webui.keyword.builtin.TakeScreenshotKeyword$_takeScreenshot_closure1.doCall(TakeScreenshotKeyword.groovy:95)
	at com.kms.katalon.core.webui.keyword.builtin.TakeScreenshotKeyword$_takeScreenshot_closure1.call(TakeScreenshotKeyword.groovy)
	at com.kms.katalon.core.webui.keyword.internal.WebUIKeywordMain.runKeyword(WebUIKeywordMain.groovy:41)
	... 20 more
)

07-07-2026T09:26:51 - [MESSAGE][FAILED] - Cannot take screenshot (Root cause: com.kms.katalon.core.exception.StepFailedException: Cannot take screenshot
	at com.kms.katalon.core.webui.keyword.internal.WebUIKeywordMain.stepFailed(WebUIKeywordMain.groovy:177)
	at com.kms.katalon.core.webui.keyword.internal.WebUIKeywordMain.runKeyword(WebUIKeywordMain.groovy:49)
	at com.kms.katalon.core.webui.keyword.builtin.TakeScreenshotKeyword.takeScreenshot(TakeScreenshotKeyword.groovy:93)
	at com.kms.katalon.core.webui.keyword.builtin.TakeScreenshotKeyword.execute(TakeScreenshotKeyword.groovy:49)
	at com.kms.katalon.core.keyword.internal.KeywordExecutor.executeKeywordForPlatform(KeywordExecutor.groovy:99)
	at com.kms.katalon.core.webui.keyword.WebUiBuiltInKeywords.takeScreenshot(WebUiBuiltInKeywords.groovy:3076)
	at AutoScreenshotListener.saveScreenshot(AutoScreenshotListener.groovy:73)
	at AutoScreenshotListener.afterTestCase(AutoScreenshotListener.groovy:113)
	at java.base/jdk.internal.reflect.DirectMethodHandleAccessor.invoke(DirectMethodHandleAccessor.java:103)
	at com.kms.katalon.core.context.internal.TestHooker.invokeMethod(TestHooker.java:111)
	at com.kms.katalon.core.context.internal.TestHooker.lambda$3(TestHooker.java:95)
	at com.kms.katalon.core.context.internal.TestHooker.invokeContextMethods(TestHooker.java:94)
	at com.kms.katalon.core.context.internal.TestListenerCollector.lambda$3(TestListenerCollector.java:88)
	at com.kms.katalon.core.context.internal.TestListenerCollector.handleListenerEvent(TestListenerCollector.java:85)
	at com.kms.katalon.core.context.internal.ExecutionEventManager.publicEvent(ExecutionEventManager.java:47)
	at com.kms.katalon.core.main.TestCaseExecutor.execute(TestCaseExecutor.java:366)
	at com.kms.katalon.core.common.CommonExecutor.accessTestCaseMainPhase(CommonExecutor.java:71)
	at com.kms.katalon.core.main.TestSuiteExecutor.accessTestSuiteMainPhase(TestSuiteExecutor.java:153)
	at com.kms.katalon.core.main.TestSuiteExecutor.execute(TestSuiteExecutor.java:110)
	at com.kms.katalon.core.main.TestCaseMain.startTestSuite(TestCaseMain.java:206)
	at S0707_1.run(S0707_1.groovy:40)
	at java.base/jdk.internal.reflect.DirectMethodHandleAccessor.invoke(DirectMethodHandleAccessor.java:103)
Caused by: com.kms.katalon.core.webui.exception.BrowserNotOpenedException: Browser is not opened
Build info: version: '4.39.0', revision: '126f156aee'
System info: os.name: 'Windows 11', os.arch: 'amd64', os.version: '10.0', java.version: '21.0.9'
Driver info: driver.version: unknown
	at com.kms.katalon.core.webui.driver.DriverFactory.verifyWebDriverIsOpen(DriverFactory.java:600)
	at com.kms.katalon.core.webui.driver.DriverFactory.verifyWebDriver(DriverFactory.java:585)
	at com.kms.katalon.core.webui.driver.DriverFactory.getWebDriver(DriverFactory.java:559)
	at com.kms.katalon.core.webui.keyword.builtin.TakeScreenshotKeyword$_takeScreenshot_closure1.doCall(TakeScreenshotKeyword.groovy:95)
	at com.kms.katalon.core.webui.keyword.builtin.TakeScreenshotKeyword$_takeScreenshot_closure1.call(TakeScreenshotKeyword.groovy)
	at com.kms.katalon.core.webui.keyword.internal.WebUIKeywordMain.runKeyword(WebUIKeywordMain.groovy:41)
	... 20 more
)

07-07-2026T09:26:51 - [TEST_STEP][PASSED] - catch (Exception e): null

07-07-2026T09:26:51 - [TEST_STEP][PASSED] - println("Failed to save screenshot: " + e.getMessage()): null

07-07-2026T09:26:51 - [TEST_STEP][PASSED] - println(Test Case '$testCaseContext.getTestCaseId()' finished with status: $status): null]]></system-out>
         <system-err><![CDATA[]]></system-err>
      </testcase>
      <testcase name="Test Cases/WEB/Registration/Register with duplicate Email" time="15.011" classname="Test Cases/WEB/Registration/Register with duplicate Email" status="PASSED">
         <system-out><![CDATA[07-07-2026T09:26:53 - [TEST_CASE][PASSED] - Test Cases/WEB/Registration/Register with duplicate Email: Test Cases/WEB/Registration/Register with duplicate Email

07-07-2026T09:26:53 - [TEST_STEP][PASSED] - openBrowser(""): Browser is opened with url: ''

07-07-2026T09:26:53 - [MESSAGE][INFO] - Starting 'Chrome (headless)' driver

07-07-2026T09:26:53 - [MESSAGE][INFO] - User set preference: ['args', '[--disable-dev-shm-usage, --no-sandbox, --disable-gpu, --window-size=1920,1080]']

07-07-2026T09:26:53 - [MESSAGE][INFO] - Action delay is set to 0 milliseconds

07-07-2026T09:26:54 - [MESSAGE][PASSED] - Browser is opened with url: ''

07-07-2026T09:26:54 - [TEST_STEP][PASSED] - custom.BrowserHelper.setupBrowserWindow(): custom.BrowserHelper.setupBrowserWindow is PASSED

07-07-2026T09:26:54 - [MESSAGE][PASSED] - Viewport is set to new size with width = 1920 and height = 1080

07-07-2026T09:26:54 - [MESSAGE][PASSED] - custom.BrowserHelper.setupBrowserWindow is PASSED

07-07-2026T09:26:54 - [TEST_STEP][PASSED] - navigateToUrl(URL): Navigate to 'https://d-digibox-kh.blubox.id/' successfully

07-07-2026T09:26:56 - [MESSAGE][PASSED] - Navigate to 'https://d-digibox-kh.blubox.id/' successfully

07-07-2026T09:26:56 - [TEST_STEP][PASSED] - verifyElementVisible(findTestObject("WEB/Home Page/header_digibox")): Object 'Object Repository/WEB/Home Page/header_digibox' is visible

07-07-2026T09:26:56 - [MESSAGE][PASSED] - Object 'Object Repository/WEB/Home Page/header_digibox' is visible

07-07-2026T09:26:56 - [TEST_STEP][PASSED] - click(findTestObject("WEB/Registration/icon-acount")): Object: 'Object Repository/WEB/Registration/icon-acount' is clicked on

07-07-2026T09:26:57 - [MESSAGE][PASSED] - Object: 'Object Repository/WEB/Registration/icon-acount' is clicked on

07-07-2026T09:26:57 - [TEST_STEP][PASSED] - custom.BrowserHelper.closeFirefoxPopup(): custom.BrowserHelper.closeFirefoxPopup is PASSED

07-07-2026T09:26:58 - [MESSAGE][PASSED] - Delayed 1 second(s)

07-07-2026T09:26:58 - [MESSAGE][WARNING] - Test object with id 'Object Repository/' does not exist

07-07-2026T09:26:58 - [MESSAGE][PASSED] - Keys 'ESCAPE + ' sent to object: 'tempBody'

07-07-2026T09:26:58 - [MESSAGE][PASSED] - Execute JavaScript 'document.body.click();' successfully

07-07-2026T09:26:59 - [MESSAGE][PASSED] - Delayed 1 second(s)

07-07-2026T09:26:59 - [MESSAGE][PASSED] - custom.BrowserHelper.closeFirefoxPopup is PASSED

07-07-2026T09:26:59 - [TEST_STEP][PASSED] - waitForElementClickable(findTestObject("WEB/Registration/btn-create-new-account"), 10): Object 'Object Repository/WEB/Registration/btn-create-new-account' is clickable

07-07-2026T09:27:00 - [MESSAGE][PASSED] - Object 'Object Repository/WEB/Registration/btn-create-new-account' is clickable

07-07-2026T09:27:00 - [TEST_STEP][PASSED] - click(findTestObject("WEB/Registration/btn-create-new-account")): Object: 'Object Repository/WEB/Registration/btn-create-new-account' is clicked on

07-07-2026T09:27:00 - [MESSAGE][PASSED] - Object: 'Object Repository/WEB/Registration/btn-create-new-account' is clicked on

07-07-2026T09:27:00 - [TEST_STEP][PASSED] - setText(findTestObject("WEB/Registration/field-Email"), "agung.priyadi@gtech.digital"): Text 'agung.priyadi@gtech.digital' is set on object 'Object Repository/WEB/Registration/field-Email'

07-07-2026T09:27:01 - [MESSAGE][PASSED] - Text 'agung.priyadi@gtech.digital' is set on object 'Object Repository/WEB/Registration/field-Email'

07-07-2026T09:27:01 - [TEST_STEP][PASSED] - setText(findTestObject("WEB/Registration/field-account"), "agungpriyadi"): Text 'agungpriyadi' is set on object 'Object Repository/WEB/Registration/field-account'

07-07-2026T09:27:02 - [MESSAGE][PASSED] - Text 'agungpriyadi' is set on object 'Object Repository/WEB/Registration/field-account'

07-07-2026T09:27:02 - [TEST_STEP][PASSED] - setText(findTestObject("WEB/Registration/field-Password"), "Laskar123456"): Text 'Laskar123456' is set on object 'Object Repository/WEB/Registration/field-Password'

07-07-2026T09:27:03 - [MESSAGE][PASSED] - Text 'Laskar123456' is set on object 'Object Repository/WEB/Registration/field-Password'

07-07-2026T09:27:03 - [TEST_STEP][PASSED] - waitForElementClickable(findTestObject("WEB/Registration/btn-sign-up"), 10): Object 'Object Repository/WEB/Registration/btn-sign-up' is clickable

07-07-2026T09:27:03 - [MESSAGE][PASSED] - Object 'Object Repository/WEB/Registration/btn-sign-up' is clickable

07-07-2026T09:27:03 - [TEST_STEP][PASSED] - click(findTestObject("WEB/Registration/btn-sign-up")): Object: 'Object Repository/WEB/Registration/btn-sign-up' is clicked on

07-07-2026T09:27:04 - [MESSAGE][PASSED] - Object: 'Object Repository/WEB/Registration/btn-sign-up' is clicked on

07-07-2026T09:27:04 - [TEST_STEP][PASSED] - delay(2): Delayed 2 second(s)

07-07-2026T09:27:06 - [MESSAGE][PASSED] - Delayed 2 second(s)

07-07-2026T09:27:06 - [TEST_STEP][PASSED] - isDuplicateEmailShown = verifyTextPresent("The mobile or email already exist.", false, OPTIONAL): Text 'The mobile or email already exist.' is present on page 

07-07-2026T09:27:06 - [MESSAGE][PASSED] - Text 'The mobile or email already exist.' is present on page 

07-07-2026T09:27:06 - [TEST_STEP][PASSED] - if (!(isDuplicateEmailShown)): null

07-07-2026T09:27:06 - [TEST_STEP][PASSED] - closeBrowser(): Browser is closed

07-07-2026T09:27:06 - [MESSAGE][PASSED] - Browser is closed

07-07-2026T09:27:06 - [TEST_STEP][FAILED] - Start listener action : afterTestCase: null

07-07-2026T09:27:06 - [TEST_STEP][PASSED] - status = testCaseContext.getTestCaseStatus(): null

07-07-2026T09:27:06 - [TEST_STEP][PASSED] - if (status == "PASSED"): null

07-07-2026T09:27:06 - [TEST_STEP][PASSED] - saveScreenshot("PASSED"): null

07-07-2026T09:27:06 - [TEST_STEP][PASSED] - try: null

07-07-2026T09:27:06 - [TEST_STEP][PASSED] - tcName = getTestCaseName(): null

07-07-2026T09:27:06 - [TEST_STEP][PASSED] - return com.kms.katalon.core.configuration.RunConfiguration.getExecutionSourceName().replace(Test Cases/, ).replaceAll([\\/:*?"<>|], _): null

07-07-2026T09:27:06 - [TEST_STEP][PASSED] - folderPath = Screenshot/$status/$tcName/: null

07-07-2026T09:27:06 - [TEST_STEP][PASSED] - Files.createDirectories(Paths.get(folderPath)): null

07-07-2026T09:27:06 - [TEST_STEP][PASSED] - screenshotPath = $folderPath$status_$this.getTimestamp().png: null

07-07-2026T09:27:06 - [TEST_STEP][FAILED] - return new java.text.SimpleDateFormat(yyyyMMdd_HHmmss).format(new java.util.Date()): Cannot take screenshot (Root cause: com.kms.katalon.core.exception.StepFailedException: Cannot take screenshot
	at com.kms.katalon.core.webui.keyword.internal.WebUIKeywordMain.stepFailed(WebUIKeywordMain.groovy:177)
	at com.kms.katalon.core.webui.keyword.internal.WebUIKeywordMain.runKeyword(WebUIKeywordMain.groovy:49)
	at com.kms.katalon.core.webui.keyword.builtin.TakeScreenshotKeyword.takeScreenshot(TakeScreenshotKeyword.groovy:93)
	at com.kms.katalon.core.webui.keyword.builtin.TakeScreenshotKeyword.execute(TakeScreenshotKeyword.groovy:49)
	at com.kms.katalon.core.keyword.internal.KeywordExecutor.executeKeywordForPlatform(KeywordExecutor.groovy:99)
	at com.kms.katalon.core.webui.keyword.WebUiBuiltInKeywords.takeScreenshot(WebUiBuiltInKeywords.groovy:3076)
	at AutoScreenshotListener.saveScreenshot(AutoScreenshotListener.groovy:73)
	at AutoScreenshotListener.afterTestCase(AutoScreenshotListener.groovy:113)
	at java.base/jdk.internal.reflect.DirectMethodHandleAccessor.invoke(DirectMethodHandleAccessor.java:103)
	at com.kms.katalon.core.context.internal.TestHooker.invokeMethod(TestHooker.java:111)
	at com.kms.katalon.core.context.internal.TestHooker.lambda$3(TestHooker.java:95)
	at com.kms.katalon.core.context.internal.TestHooker.invokeContextMethods(TestHooker.java:94)
	at com.kms.katalon.core.context.internal.TestListenerCollector.lambda$3(TestListenerCollector.java:88)
	at com.kms.katalon.core.context.internal.TestListenerCollector.handleListenerEvent(TestListenerCollector.java:85)
	at com.kms.katalon.core.context.internal.ExecutionEventManager.publicEvent(ExecutionEventManager.java:47)
	at com.kms.katalon.core.main.TestCaseExecutor.execute(TestCaseExecutor.java:366)
	at com.kms.katalon.core.common.CommonExecutor.accessTestCaseMainPhase(CommonExecutor.java:71)
	at com.kms.katalon.core.main.TestSuiteExecutor.accessTestSuiteMainPhase(TestSuiteExecutor.java:153)
	at com.kms.katalon.core.main.TestSuiteExecutor.execute(TestSuiteExecutor.java:110)
	at com.kms.katalon.core.main.TestCaseMain.startTestSuite(TestCaseMain.java:206)
	at S0707_1.run(S0707_1.groovy:40)
	at java.base/jdk.internal.reflect.DirectMethodHandleAccessor.invoke(DirectMethodHandleAccessor.java:103)
Caused by: com.kms.katalon.core.webui.exception.BrowserNotOpenedException: Browser is not opened
Build info: version: '4.39.0', revision: '126f156aee'
System info: os.name: 'Windows 11', os.arch: 'amd64', os.version: '10.0', java.version: '21.0.9'
Driver info: driver.version: unknown
	at com.kms.katalon.core.webui.driver.DriverFactory.verifyWebDriverIsOpen(DriverFactory.java:600)
	at com.kms.katalon.core.webui.driver.DriverFactory.verifyWebDriver(DriverFactory.java:585)
	at com.kms.katalon.core.webui.driver.DriverFactory.getWebDriver(DriverFactory.java:559)
	at com.kms.katalon.core.webui.keyword.builtin.TakeScreenshotKeyword$_takeScreenshot_closure1.doCall(TakeScreenshotKeyword.groovy:95)
	at com.kms.katalon.core.webui.keyword.builtin.TakeScreenshotKeyword$_takeScreenshot_closure1.call(TakeScreenshotKeyword.groovy)
	at com.kms.katalon.core.webui.keyword.internal.WebUIKeywordMain.runKeyword(WebUIKeywordMain.groovy:41)
	... 20 more
)

07-07-2026T09:27:06 - [TEST_STEP][FAILED] - takeScreenshot(screenshotPath): Cannot take screenshot (Root cause: com.kms.katalon.core.exception.StepFailedException: Cannot take screenshot
	at com.kms.katalon.core.webui.keyword.internal.WebUIKeywordMain.stepFailed(WebUIKeywordMain.groovy:177)
	at com.kms.katalon.core.webui.keyword.internal.WebUIKeywordMain.runKeyword(WebUIKeywordMain.groovy:49)
	at com.kms.katalon.core.webui.keyword.builtin.TakeScreenshotKeyword.takeScreenshot(TakeScreenshotKeyword.groovy:93)
	at com.kms.katalon.core.webui.keyword.builtin.TakeScreenshotKeyword.execute(TakeScreenshotKeyword.groovy:49)
	at com.kms.katalon.core.keyword.internal.KeywordExecutor.executeKeywordForPlatform(KeywordExecutor.groovy:99)
	at com.kms.katalon.core.webui.keyword.WebUiBuiltInKeywords.takeScreenshot(WebUiBuiltInKeywords.groovy:3076)
	at AutoScreenshotListener.saveScreenshot(AutoScreenshotListener.groovy:73)
	at AutoScreenshotListener.afterTestCase(AutoScreenshotListener.groovy:113)
	at java.base/jdk.internal.reflect.DirectMethodHandleAccessor.invoke(DirectMethodHandleAccessor.java:103)
	at com.kms.katalon.core.context.internal.TestHooker.invokeMethod(TestHooker.java:111)
	at com.kms.katalon.core.context.internal.TestHooker.lambda$3(TestHooker.java:95)
	at com.kms.katalon.core.context.internal.TestHooker.invokeContextMethods(TestHooker.java:94)
	at com.kms.katalon.core.context.internal.TestListenerCollector.lambda$3(TestListenerCollector.java:88)
	at com.kms.katalon.core.context.internal.TestListenerCollector.handleListenerEvent(TestListenerCollector.java:85)
	at com.kms.katalon.core.context.internal.ExecutionEventManager.publicEvent(ExecutionEventManager.java:47)
	at com.kms.katalon.core.main.TestCaseExecutor.execute(TestCaseExecutor.java:366)
	at com.kms.katalon.core.common.CommonExecutor.accessTestCaseMainPhase(CommonExecutor.java:71)
	at com.kms.katalon.core.main.TestSuiteExecutor.accessTestSuiteMainPhase(TestSuiteExecutor.java:153)
	at com.kms.katalon.core.main.TestSuiteExecutor.execute(TestSuiteExecutor.java:110)
	at com.kms.katalon.core.main.TestCaseMain.startTestSuite(TestCaseMain.java:206)
	at S0707_1.run(S0707_1.groovy:40)
	at java.base/jdk.internal.reflect.DirectMethodHandleAccessor.invoke(DirectMethodHandleAccessor.java:103)
Caused by: com.kms.katalon.core.webui.exception.BrowserNotOpenedException: Browser is not opened
Build info: version: '4.39.0', revision: '126f156aee'
System info: os.name: 'Windows 11', os.arch: 'amd64', os.version: '10.0', java.version: '21.0.9'
Driver info: driver.version: unknown
	at com.kms.katalon.core.webui.driver.DriverFactory.verifyWebDriverIsOpen(DriverFactory.java:600)
	at com.kms.katalon.core.webui.driver.DriverFactory.verifyWebDriver(DriverFactory.java:585)
	at com.kms.katalon.core.webui.driver.DriverFactory.getWebDriver(DriverFactory.java:559)
	at com.kms.katalon.core.webui.keyword.builtin.TakeScreenshotKeyword$_takeScreenshot_closure1.doCall(TakeScreenshotKeyword.groovy:95)
	at com.kms.katalon.core.webui.keyword.builtin.TakeScreenshotKeyword$_takeScreenshot_closure1.call(TakeScreenshotKeyword.groovy)
	at com.kms.katalon.core.webui.keyword.internal.WebUIKeywordMain.runKeyword(WebUIKeywordMain.groovy:41)
	... 20 more
)

07-07-2026T09:27:06 - [MESSAGE][FAILED] - Cannot take screenshot (Root cause: com.kms.katalon.core.exception.StepFailedException: Cannot take screenshot
	at com.kms.katalon.core.webui.keyword.internal.WebUIKeywordMain.stepFailed(WebUIKeywordMain.groovy:177)
	at com.kms.katalon.core.webui.keyword.internal.WebUIKeywordMain.runKeyword(WebUIKeywordMain.groovy:49)
	at com.kms.katalon.core.webui.keyword.builtin.TakeScreenshotKeyword.takeScreenshot(TakeScreenshotKeyword.groovy:93)
	at com.kms.katalon.core.webui.keyword.builtin.TakeScreenshotKeyword.execute(TakeScreenshotKeyword.groovy:49)
	at com.kms.katalon.core.keyword.internal.KeywordExecutor.executeKeywordForPlatform(KeywordExecutor.groovy:99)
	at com.kms.katalon.core.webui.keyword.WebUiBuiltInKeywords.takeScreenshot(WebUiBuiltInKeywords.groovy:3076)
	at AutoScreenshotListener.saveScreenshot(AutoScreenshotListener.groovy:73)
	at AutoScreenshotListener.afterTestCase(AutoScreenshotListener.groovy:113)
	at java.base/jdk.internal.reflect.DirectMethodHandleAccessor.invoke(DirectMethodHandleAccessor.java:103)
	at com.kms.katalon.core.context.internal.TestHooker.invokeMethod(TestHooker.java:111)
	at com.kms.katalon.core.context.internal.TestHooker.lambda$3(TestHooker.java:95)
	at com.kms.katalon.core.context.internal.TestHooker.invokeContextMethods(TestHooker.java:94)
	at com.kms.katalon.core.context.internal.TestListenerCollector.lambda$3(TestListenerCollector.java:88)
	at com.kms.katalon.core.context.internal.TestListenerCollector.handleListenerEvent(TestListenerCollector.java:85)
	at com.kms.katalon.core.context.internal.ExecutionEventManager.publicEvent(ExecutionEventManager.java:47)
	at com.kms.katalon.core.main.TestCaseExecutor.execute(TestCaseExecutor.java:366)
	at com.kms.katalon.core.common.CommonExecutor.accessTestCaseMainPhase(CommonExecutor.java:71)
	at com.kms.katalon.core.main.TestSuiteExecutor.accessTestSuiteMainPhase(TestSuiteExecutor.java:153)
	at com.kms.katalon.core.main.TestSuiteExecutor.execute(TestSuiteExecutor.java:110)
	at com.kms.katalon.core.main.TestCaseMain.startTestSuite(TestCaseMain.java:206)
	at S0707_1.run(S0707_1.groovy:40)
	at java.base/jdk.internal.reflect.DirectMethodHandleAccessor.invoke(DirectMethodHandleAccessor.java:103)
Caused by: com.kms.katalon.core.webui.exception.BrowserNotOpenedException: Browser is not opened
Build info: version: '4.39.0', revision: '126f156aee'
System info: os.name: 'Windows 11', os.arch: 'amd64', os.version: '10.0', java.version: '21.0.9'
Driver info: driver.version: unknown
	at com.kms.katalon.core.webui.driver.DriverFactory.verifyWebDriverIsOpen(DriverFactory.java:600)
	at com.kms.katalon.core.webui.driver.DriverFactory.verifyWebDriver(DriverFactory.java:585)
	at com.kms.katalon.core.webui.driver.DriverFactory.getWebDriver(DriverFactory.java:559)
	at com.kms.katalon.core.webui.keyword.builtin.TakeScreenshotKeyword$_takeScreenshot_closure1.doCall(TakeScreenshotKeyword.groovy:95)
	at com.kms.katalon.core.webui.keyword.builtin.TakeScreenshotKeyword$_takeScreenshot_closure1.call(TakeScreenshotKeyword.groovy)
	at com.kms.katalon.core.webui.keyword.internal.WebUIKeywordMain.runKeyword(WebUIKeywordMain.groovy:41)
	... 20 more
)

07-07-2026T09:27:06 - [TEST_STEP][PASSED] - catch (Exception e): null

07-07-2026T09:27:06 - [TEST_STEP][PASSED] - println("Failed to save screenshot: " + e.getMessage()): null

07-07-2026T09:27:06 - [TEST_STEP][PASSED] - println(Test Case '$testCaseContext.getTestCaseId()' finished with status: $status): null]]></system-out>
         <system-err><![CDATA[]]></system-err>
      </testcase>
      <testcase name="Test Cases/WEB/Registration/Register with invalid data (email or password)" time="19.365" classname="Test Cases/WEB/Registration/Register with invalid data (email or password)" status="PASSED">
         <system-out><![CDATA[07-07-2026T09:27:08 - [TEST_CASE][PASSED] - Test Cases/WEB/Registration/Register with invalid data (email or password): Test Cases/WEB/Registration/Register with invalid data (email or password)

07-07-2026T09:27:08 - [TEST_STEP][PASSED] - openBrowser(""): Browser is opened with url: ''

07-07-2026T09:27:08 - [MESSAGE][INFO] - Starting 'Chrome (headless)' driver

07-07-2026T09:27:08 - [MESSAGE][INFO] - User set preference: ['args', '[--disable-dev-shm-usage, --no-sandbox, --disable-gpu, --window-size=1920,1080]']

07-07-2026T09:27:08 - [MESSAGE][INFO] - Action delay is set to 0 milliseconds

07-07-2026T09:27:09 - [MESSAGE][PASSED] - Browser is opened with url: ''

07-07-2026T09:27:09 - [TEST_STEP][PASSED] - custom.BrowserHelper.setupBrowserWindow(): custom.BrowserHelper.setupBrowserWindow is PASSED

07-07-2026T09:27:09 - [MESSAGE][PASSED] - Viewport is set to new size with width = 1920 and height = 1080

07-07-2026T09:27:09 - [MESSAGE][PASSED] - custom.BrowserHelper.setupBrowserWindow is PASSED

07-07-2026T09:27:09 - [TEST_STEP][PASSED] - navigateToUrl(URL): Navigate to 'https://d-digibox-kh.blubox.id/' successfully

07-07-2026T09:27:11 - [MESSAGE][PASSED] - Navigate to 'https://d-digibox-kh.blubox.id/' successfully

07-07-2026T09:27:11 - [TEST_STEP][PASSED] - verifyElementVisible(findTestObject("WEB/Home Page/header_digibox")): Object 'Object Repository/WEB/Home Page/header_digibox' is visible

07-07-2026T09:27:12 - [MESSAGE][PASSED] - Object 'Object Repository/WEB/Home Page/header_digibox' is visible

07-07-2026T09:27:12 - [TEST_STEP][PASSED] - click(findTestObject("WEB/Registration/icon-acount")): Object: 'Object Repository/WEB/Registration/icon-acount' is clicked on

07-07-2026T09:27:12 - [MESSAGE][PASSED] - Object: 'Object Repository/WEB/Registration/icon-acount' is clicked on

07-07-2026T09:27:12 - [TEST_STEP][PASSED] - custom.BrowserHelper.closeFirefoxPopup(): custom.BrowserHelper.closeFirefoxPopup is PASSED

07-07-2026T09:27:13 - [MESSAGE][PASSED] - Delayed 1 second(s)

07-07-2026T09:27:13 - [MESSAGE][WARNING] - Test object with id 'Object Repository/' does not exist

07-07-2026T09:27:13 - [MESSAGE][PASSED] - Keys 'ESCAPE + ' sent to object: 'tempBody'

07-07-2026T09:27:13 - [MESSAGE][PASSED] - Execute JavaScript 'document.body.click();' successfully

07-07-2026T09:27:14 - [MESSAGE][PASSED] - Delayed 1 second(s)

07-07-2026T09:27:14 - [MESSAGE][PASSED] - custom.BrowserHelper.closeFirefoxPopup is PASSED

07-07-2026T09:27:14 - [TEST_STEP][PASSED] - click(findTestObject("WEB/Registration/btn-create-new-account")): Object: 'Object Repository/WEB/Registration/btn-create-new-account' is clicked on

07-07-2026T09:27:14 - [MESSAGE][PASSED] - Object: 'Object Repository/WEB/Registration/btn-create-new-account' is clicked on

07-07-2026T09:27:14 - [TEST_STEP][PASSED] - setText(findTestObject("WEB/Registration/field-Email"), "salahemailgmail.com"): Text 'salahemailgmail.com' is set on object 'Object Repository/WEB/Registration/field-Email'

07-07-2026T09:27:16 - [MESSAGE][PASSED] - Text 'salahemailgmail.com' is set on object 'Object Repository/WEB/Registration/field-Email'

07-07-2026T09:27:16 - [TEST_STEP][PASSED] - setText(findTestObject("WEB/Registration/field-account"), ""): Text '' is set on object 'Object Repository/WEB/Registration/field-account'

07-07-2026T09:27:16 - [MESSAGE][PASSED] - Text '' is set on object 'Object Repository/WEB/Registration/field-account'

07-07-2026T09:27:16 - [TEST_STEP][PASSED] - setText(findTestObject("WEB/Registration/field-Password"), ""): Text '' is set on object 'Object Repository/WEB/Registration/field-Password'

07-07-2026T09:27:17 - [MESSAGE][PASSED] - Text '' is set on object 'Object Repository/WEB/Registration/field-Password'

07-07-2026T09:27:17 - [TEST_STEP][PASSED] - click(findTestObject("WEB/Registration/btn-sign-up")): Object: 'Object Repository/WEB/Registration/btn-sign-up' is clicked on

07-07-2026T09:27:18 - [MESSAGE][PASSED] - Object: 'Object Repository/WEB/Registration/btn-sign-up' is clicked on

07-07-2026T09:27:18 - [TEST_STEP][PASSED] - delay(2): Delayed 2 second(s)

07-07-2026T09:27:20 - [MESSAGE][PASSED] - Delayed 2 second(s)

07-07-2026T09:27:20 - [TEST_STEP][PASSED] - emailError = verifyTextPresent("Please enter a valid email address", false, OPTIONAL): Text 'Please enter a valid email address' is present on page 

07-07-2026T09:27:20 - [MESSAGE][PASSED] - Text 'Please enter a valid email address' is present on page 

07-07-2026T09:27:20 - [TEST_STEP][PASSED] - requiredError = verifyTextPresent("Required", false, OPTIONAL): Text 'Required' is present on page 

07-07-2026T09:27:20 - [MESSAGE][PASSED] - Text 'Required' is present on page 

07-07-2026T09:27:20 - [TEST_STEP][PASSED] - if (!(emailError) || !(requiredError)): null

07-07-2026T09:27:20 - [TEST_STEP][PASSED] - setText(findTestObject("WEB/Registration/field-Email"), "agung.priyadi@gtech.digital"): Text 'agung.priyadi@gtech.digital' is set on object 'Object Repository/WEB/Registration/field-Email'

07-07-2026T09:27:21 - [MESSAGE][PASSED] - Text 'agung.priyadi@gtech.digital' is set on object 'Object Repository/WEB/Registration/field-Email'

07-07-2026T09:27:21 - [TEST_STEP][PASSED] - setText(findTestObject("WEB/Registration/field-account"), "agungpriyadi"): Text 'agungpriyadi' is set on object 'Object Repository/WEB/Registration/field-account'

07-07-2026T09:27:22 - [MESSAGE][PASSED] - Text 'agungpriyadi' is set on object 'Object Repository/WEB/Registration/field-account'

07-07-2026T09:27:22 - [TEST_STEP][PASSED] - setText(findTestObject("WEB/Registration/field-Password"), "Las"): Text 'Las' is set on object 'Object Repository/WEB/Registration/field-Password'

07-07-2026T09:27:22 - [MESSAGE][PASSED] - Text 'Las' is set on object 'Object Repository/WEB/Registration/field-Password'

07-07-2026T09:27:22 - [TEST_STEP][PASSED] - click(findTestObject("WEB/Registration/btn-sign-up")): Object: 'Object Repository/WEB/Registration/btn-sign-up' is clicked on

07-07-2026T09:27:23 - [MESSAGE][PASSED] - Object: 'Object Repository/WEB/Registration/btn-sign-up' is clicked on

07-07-2026T09:27:23 - [TEST_STEP][PASSED] - delay(2): Delayed 2 second(s)

07-07-2026T09:27:25 - [MESSAGE][PASSED] - Delayed 2 second(s)

07-07-2026T09:27:25 - [TEST_STEP][PASSED] - passwordLengthError = verifyTextPresent("Password length is 6-20 digits", false, OPTIONAL): Text 'Password length is 6-20 digits' is present on page 

07-07-2026T09:27:25 - [MESSAGE][PASSED] - Text 'Password length is 6-20 digits' is present on page 

07-07-2026T09:27:25 - [TEST_STEP][PASSED] - if (!(passwordLengthError)): null

07-07-2026T09:27:25 - [TEST_STEP][PASSED] - closeBrowser(): Browser is closed

07-07-2026T09:27:26 - [MESSAGE][PASSED] - Browser is closed

07-07-2026T09:27:26 - [TEST_STEP][FAILED] - Start listener action : afterTestCase: null

07-07-2026T09:27:26 - [TEST_STEP][PASSED] - status = testCaseContext.getTestCaseStatus(): null

07-07-2026T09:27:26 - [TEST_STEP][PASSED] - if (status == "PASSED"): null

07-07-2026T09:27:26 - [TEST_STEP][PASSED] - saveScreenshot("PASSED"): null

07-07-2026T09:27:26 - [TEST_STEP][PASSED] - try: null

07-07-2026T09:27:26 - [TEST_STEP][PASSED] - tcName = getTestCaseName(): null

07-07-2026T09:27:26 - [TEST_STEP][PASSED] - return com.kms.katalon.core.configuration.RunConfiguration.getExecutionSourceName().replace(Test Cases/, ).replaceAll([\\/:*?"<>|], _): null

07-07-2026T09:27:26 - [TEST_STEP][PASSED] - folderPath = Screenshot/$status/$tcName/: null

07-07-2026T09:27:26 - [TEST_STEP][PASSED] - Files.createDirectories(Paths.get(folderPath)): null

07-07-2026T09:27:26 - [TEST_STEP][PASSED] - screenshotPath = $folderPath$status_$this.getTimestamp().png: null

07-07-2026T09:27:26 - [TEST_STEP][FAILED] - return new java.text.SimpleDateFormat(yyyyMMdd_HHmmss).format(new java.util.Date()): Cannot take screenshot (Root cause: com.kms.katalon.core.exception.StepFailedException: Cannot take screenshot
	at com.kms.katalon.core.webui.keyword.internal.WebUIKeywordMain.stepFailed(WebUIKeywordMain.groovy:177)
	at com.kms.katalon.core.webui.keyword.internal.WebUIKeywordMain.runKeyword(WebUIKeywordMain.groovy:49)
	at com.kms.katalon.core.webui.keyword.builtin.TakeScreenshotKeyword.takeScreenshot(TakeScreenshotKeyword.groovy:93)
	at com.kms.katalon.core.webui.keyword.builtin.TakeScreenshotKeyword.execute(TakeScreenshotKeyword.groovy:49)
	at com.kms.katalon.core.keyword.internal.KeywordExecutor.executeKeywordForPlatform(KeywordExecutor.groovy:99)
	at com.kms.katalon.core.webui.keyword.WebUiBuiltInKeywords.takeScreenshot(WebUiBuiltInKeywords.groovy:3076)
	at AutoScreenshotListener.saveScreenshot(AutoScreenshotListener.groovy:73)
	at AutoScreenshotListener.afterTestCase(AutoScreenshotListener.groovy:113)
	at java.base/jdk.internal.reflect.DirectMethodHandleAccessor.invoke(DirectMethodHandleAccessor.java:103)
	at com.kms.katalon.core.context.internal.TestHooker.invokeMethod(TestHooker.java:111)
	at com.kms.katalon.core.context.internal.TestHooker.lambda$3(TestHooker.java:95)
	at com.kms.katalon.core.context.internal.TestHooker.invokeContextMethods(TestHooker.java:94)
	at com.kms.katalon.core.context.internal.TestListenerCollector.lambda$3(TestListenerCollector.java:88)
	at com.kms.katalon.core.context.internal.TestListenerCollector.handleListenerEvent(TestListenerCollector.java:85)
	at com.kms.katalon.core.context.internal.ExecutionEventManager.publicEvent(ExecutionEventManager.java:47)
	at com.kms.katalon.core.main.TestCaseExecutor.execute(TestCaseExecutor.java:366)
	at com.kms.katalon.core.common.CommonExecutor.accessTestCaseMainPhase(CommonExecutor.java:71)
	at com.kms.katalon.core.main.TestSuiteExecutor.accessTestSuiteMainPhase(TestSuiteExecutor.java:153)
	at com.kms.katalon.core.main.TestSuiteExecutor.execute(TestSuiteExecutor.java:110)
	at com.kms.katalon.core.main.TestCaseMain.startTestSuite(TestCaseMain.java:206)
	at S0707_1.run(S0707_1.groovy:40)
	at java.base/jdk.internal.reflect.DirectMethodHandleAccessor.invoke(DirectMethodHandleAccessor.java:103)
Caused by: com.kms.katalon.core.webui.exception.BrowserNotOpenedException: Browser is not opened
Build info: version: '4.39.0', revision: '126f156aee'
System info: os.name: 'Windows 11', os.arch: 'amd64', os.version: '10.0', java.version: '21.0.9'
Driver info: driver.version: unknown
	at com.kms.katalon.core.webui.driver.DriverFactory.verifyWebDriverIsOpen(DriverFactory.java:600)
	at com.kms.katalon.core.webui.driver.DriverFactory.verifyWebDriver(DriverFactory.java:585)
	at com.kms.katalon.core.webui.driver.DriverFactory.getWebDriver(DriverFactory.java:559)
	at com.kms.katalon.core.webui.keyword.builtin.TakeScreenshotKeyword$_takeScreenshot_closure1.doCall(TakeScreenshotKeyword.groovy:95)
	at com.kms.katalon.core.webui.keyword.builtin.TakeScreenshotKeyword$_takeScreenshot_closure1.call(TakeScreenshotKeyword.groovy)
	at com.kms.katalon.core.webui.keyword.internal.WebUIKeywordMain.runKeyword(WebUIKeywordMain.groovy:41)
	... 20 more
)

07-07-2026T09:27:26 - [TEST_STEP][FAILED] - takeScreenshot(screenshotPath): Cannot take screenshot (Root cause: com.kms.katalon.core.exception.StepFailedException: Cannot take screenshot
	at com.kms.katalon.core.webui.keyword.internal.WebUIKeywordMain.stepFailed(WebUIKeywordMain.groovy:177)
	at com.kms.katalon.core.webui.keyword.internal.WebUIKeywordMain.runKeyword(WebUIKeywordMain.groovy:49)
	at com.kms.katalon.core.webui.keyword.builtin.TakeScreenshotKeyword.takeScreenshot(TakeScreenshotKeyword.groovy:93)
	at com.kms.katalon.core.webui.keyword.builtin.TakeScreenshotKeyword.execute(TakeScreenshotKeyword.groovy:49)
	at com.kms.katalon.core.keyword.internal.KeywordExecutor.executeKeywordForPlatform(KeywordExecutor.groovy:99)
	at com.kms.katalon.core.webui.keyword.WebUiBuiltInKeywords.takeScreenshot(WebUiBuiltInKeywords.groovy:3076)
	at AutoScreenshotListener.saveScreenshot(AutoScreenshotListener.groovy:73)
	at AutoScreenshotListener.afterTestCase(AutoScreenshotListener.groovy:113)
	at java.base/jdk.internal.reflect.DirectMethodHandleAccessor.invoke(DirectMethodHandleAccessor.java:103)
	at com.kms.katalon.core.context.internal.TestHooker.invokeMethod(TestHooker.java:111)
	at com.kms.katalon.core.context.internal.TestHooker.lambda$3(TestHooker.java:95)
	at com.kms.katalon.core.context.internal.TestHooker.invokeContextMethods(TestHooker.java:94)
	at com.kms.katalon.core.context.internal.TestListenerCollector.lambda$3(TestListenerCollector.java:88)
	at com.kms.katalon.core.context.internal.TestListenerCollector.handleListenerEvent(TestListenerCollector.java:85)
	at com.kms.katalon.core.context.internal.ExecutionEventManager.publicEvent(ExecutionEventManager.java:47)
	at com.kms.katalon.core.main.TestCaseExecutor.execute(TestCaseExecutor.java:366)
	at com.kms.katalon.core.common.CommonExecutor.accessTestCaseMainPhase(CommonExecutor.java:71)
	at com.kms.katalon.core.main.TestSuiteExecutor.accessTestSuiteMainPhase(TestSuiteExecutor.java:153)
	at com.kms.katalon.core.main.TestSuiteExecutor.execute(TestSuiteExecutor.java:110)
	at com.kms.katalon.core.main.TestCaseMain.startTestSuite(TestCaseMain.java:206)
	at S0707_1.run(S0707_1.groovy:40)
	at java.base/jdk.internal.reflect.DirectMethodHandleAccessor.invoke(DirectMethodHandleAccessor.java:103)
Caused by: com.kms.katalon.core.webui.exception.BrowserNotOpenedException: Browser is not opened
Build info: version: '4.39.0', revision: '126f156aee'
System info: os.name: 'Windows 11', os.arch: 'amd64', os.version: '10.0', java.version: '21.0.9'
Driver info: driver.version: unknown
	at com.kms.katalon.core.webui.driver.DriverFactory.verifyWebDriverIsOpen(DriverFactory.java:600)
	at com.kms.katalon.core.webui.driver.DriverFactory.verifyWebDriver(DriverFactory.java:585)
	at com.kms.katalon.core.webui.driver.DriverFactory.getWebDriver(DriverFactory.java:559)
	at com.kms.katalon.core.webui.keyword.builtin.TakeScreenshotKeyword$_takeScreenshot_closure1.doCall(TakeScreenshotKeyword.groovy:95)
	at com.kms.katalon.core.webui.keyword.builtin.TakeScreenshotKeyword$_takeScreenshot_closure1.call(TakeScreenshotKeyword.groovy)
	at com.kms.katalon.core.webui.keyword.internal.WebUIKeywordMain.runKeyword(WebUIKeywordMain.groovy:41)
	... 20 more
)

07-07-2026T09:27:26 - [MESSAGE][FAILED] - Cannot take screenshot (Root cause: com.kms.katalon.core.exception.StepFailedException: Cannot take screenshot
	at com.kms.katalon.core.webui.keyword.internal.WebUIKeywordMain.stepFailed(WebUIKeywordMain.groovy:177)
	at com.kms.katalon.core.webui.keyword.internal.WebUIKeywordMain.runKeyword(WebUIKeywordMain.groovy:49)
	at com.kms.katalon.core.webui.keyword.builtin.TakeScreenshotKeyword.takeScreenshot(TakeScreenshotKeyword.groovy:93)
	at com.kms.katalon.core.webui.keyword.builtin.TakeScreenshotKeyword.execute(TakeScreenshotKeyword.groovy:49)
	at com.kms.katalon.core.keyword.internal.KeywordExecutor.executeKeywordForPlatform(KeywordExecutor.groovy:99)
	at com.kms.katalon.core.webui.keyword.WebUiBuiltInKeywords.takeScreenshot(WebUiBuiltInKeywords.groovy:3076)
	at AutoScreenshotListener.saveScreenshot(AutoScreenshotListener.groovy:73)
	at AutoScreenshotListener.afterTestCase(AutoScreenshotListener.groovy:113)
	at java.base/jdk.internal.reflect.DirectMethodHandleAccessor.invoke(DirectMethodHandleAccessor.java:103)
	at com.kms.katalon.core.context.internal.TestHooker.invokeMethod(TestHooker.java:111)
	at com.kms.katalon.core.context.internal.TestHooker.lambda$3(TestHooker.java:95)
	at com.kms.katalon.core.context.internal.TestHooker.invokeContextMethods(TestHooker.java:94)
	at com.kms.katalon.core.context.internal.TestListenerCollector.lambda$3(TestListenerCollector.java:88)
	at com.kms.katalon.core.context.internal.TestListenerCollector.handleListenerEvent(TestListenerCollector.java:85)
	at com.kms.katalon.core.context.internal.ExecutionEventManager.publicEvent(ExecutionEventManager.java:47)
	at com.kms.katalon.core.main.TestCaseExecutor.execute(TestCaseExecutor.java:366)
	at com.kms.katalon.core.common.CommonExecutor.accessTestCaseMainPhase(CommonExecutor.java:71)
	at com.kms.katalon.core.main.TestSuiteExecutor.accessTestSuiteMainPhase(TestSuiteExecutor.java:153)
	at com.kms.katalon.core.main.TestSuiteExecutor.execute(TestSuiteExecutor.java:110)
	at com.kms.katalon.core.main.TestCaseMain.startTestSuite(TestCaseMain.java:206)
	at S0707_1.run(S0707_1.groovy:40)
	at java.base/jdk.internal.reflect.DirectMethodHandleAccessor.invoke(DirectMethodHandleAccessor.java:103)
Caused by: com.kms.katalon.core.webui.exception.BrowserNotOpenedException: Browser is not opened
Build info: version: '4.39.0', revision: '126f156aee'
System info: os.name: 'Windows 11', os.arch: 'amd64', os.version: '10.0', java.version: '21.0.9'
Driver info: driver.version: unknown
	at com.kms.katalon.core.webui.driver.DriverFactory.verifyWebDriverIsOpen(DriverFactory.java:600)
	at com.kms.katalon.core.webui.driver.DriverFactory.verifyWebDriver(DriverFactory.java:585)
	at com.kms.katalon.core.webui.driver.DriverFactory.getWebDriver(DriverFactory.java:559)
	at com.kms.katalon.core.webui.keyword.builtin.TakeScreenshotKeyword$_takeScreenshot_closure1.doCall(TakeScreenshotKeyword.groovy:95)
	at com.kms.katalon.core.webui.keyword.builtin.TakeScreenshotKeyword$_takeScreenshot_closure1.call(TakeScreenshotKeyword.groovy)
	at com.kms.katalon.core.webui.keyword.internal.WebUIKeywordMain.runKeyword(WebUIKeywordMain.groovy:41)
	... 20 more
)

07-07-2026T09:27:26 - [TEST_STEP][PASSED] - catch (Exception e): null

07-07-2026T09:27:26 - [TEST_STEP][PASSED] - println("Failed to save screenshot: " + e.getMessage()): null

07-07-2026T09:27:26 - [TEST_STEP][PASSED] - println(Test Case '$testCaseContext.getTestCaseId()' finished with status: $status): null]]></system-out>
         <system-err><![CDATA[]]></system-err>
      </testcase>
      <testcase name="Test Cases/WEB/Registration/Register with true data" time="19.839" classname="Test Cases/WEB/Registration/Register with true data" status="PASSED">
         <system-out><![CDATA[07-07-2026T09:27:28 - [TEST_CASE][PASSED] - Test Cases/WEB/Registration/Register with true data: Test Cases/WEB/Registration/Register with true data

07-07-2026T09:27:28 - [TEST_STEP][PASSED] - randomEmail = custom.RandomData.generateRandomEmail(): custom.RandomData.generateRandomEmail is PASSED

07-07-2026T09:27:28 - [MESSAGE][PASSED] - custom.RandomData.generateRandomEmail is PASSED

07-07-2026T09:27:28 - [TEST_STEP][PASSED] - randomUsername = custom.RandomData.generateRandomUsername(): custom.RandomData.generateRandomUsername is PASSED

07-07-2026T09:27:28 - [MESSAGE][PASSED] - custom.RandomData.generateRandomUsername is PASSED

07-07-2026T09:27:28 - [TEST_STEP][PASSED] - openBrowser(""): Browser is opened with url: ''

07-07-2026T09:27:28 - [MESSAGE][INFO] - Starting 'Chrome (headless)' driver

07-07-2026T09:27:28 - [MESSAGE][INFO] - User set preference: ['args', '[--disable-dev-shm-usage, --no-sandbox, --disable-gpu, --window-size=1920,1080]']

07-07-2026T09:27:28 - [MESSAGE][INFO] - Action delay is set to 0 milliseconds

07-07-2026T09:27:29 - [MESSAGE][PASSED] - Browser is opened with url: ''

07-07-2026T09:27:29 - [TEST_STEP][PASSED] - maximizeWindow(): Current window maximized

07-07-2026T09:27:29 - [MESSAGE][PASSED] - Current window maximized

07-07-2026T09:27:29 - [TEST_STEP][PASSED] - navigateToUrl(URL): Navigate to 'https://d-digibox-kh.blubox.id/' successfully

07-07-2026T09:27:31 - [MESSAGE][PASSED] - Navigate to 'https://d-digibox-kh.blubox.id/' successfully

07-07-2026T09:27:31 - [TEST_STEP][PASSED] - waitForPageLoad(20): Wait for page load successfully

07-07-2026T09:27:31 - [MESSAGE][PASSED] - Wait for page load successfully

07-07-2026T09:27:31 - [TEST_STEP][PASSED] - verifyElementVisible(findTestObject("WEB/Home Page/header_digibox")): Object 'Object Repository/WEB/Home Page/header_digibox' is visible

07-07-2026T09:27:31 - [MESSAGE][PASSED] - Object 'Object Repository/WEB/Home Page/header_digibox' is visible

07-07-2026T09:27:31 - [TEST_STEP][PASSED] - click(findTestObject("WEB/Registration/icon-acount")): Object: 'Object Repository/WEB/Registration/icon-acount' is clicked on

07-07-2026T09:27:31 - [MESSAGE][PASSED] - Object: 'Object Repository/WEB/Registration/icon-acount' is clicked on

07-07-2026T09:27:31 - [TEST_STEP][PASSED] - custom.BrowserHelper.closeFirefoxPopup(): custom.BrowserHelper.closeFirefoxPopup is PASSED

07-07-2026T09:27:32 - [MESSAGE][PASSED] - Delayed 1 second(s)

07-07-2026T09:27:32 - [MESSAGE][WARNING] - Test object with id 'Object Repository/' does not exist

07-07-2026T09:27:33 - [MESSAGE][PASSED] - Keys 'ESCAPE + ' sent to object: 'tempBody'

07-07-2026T09:27:33 - [MESSAGE][PASSED] - Execute JavaScript 'document.body.click();' successfully

07-07-2026T09:27:34 - [MESSAGE][PASSED] - Delayed 1 second(s)

07-07-2026T09:27:34 - [MESSAGE][PASSED] - custom.BrowserHelper.closeFirefoxPopup is PASSED

07-07-2026T09:27:34 - [TEST_STEP][PASSED] - waitForElementClickable(findTestObject("WEB/Registration/btn-create-new-account"), 10): Object 'Object Repository/WEB/Registration/btn-create-new-account' is clickable

07-07-2026T09:27:34 - [MESSAGE][PASSED] - Object 'Object Repository/WEB/Registration/btn-create-new-account' is clickable

07-07-2026T09:27:34 - [TEST_STEP][PASSED] - click(findTestObject("WEB/Registration/btn-create-new-account")): Object: 'Object Repository/WEB/Registration/btn-create-new-account' is clicked on

07-07-2026T09:27:34 - [MESSAGE][PASSED] - Object: 'Object Repository/WEB/Registration/btn-create-new-account' is clicked on

07-07-2026T09:27:34 - [TEST_STEP][PASSED] - setText(findTestObject("WEB/Registration/field-Email"), randomEmail): Text 'agungpriyadimyq@gmail.com' is set on object 'Object Repository/WEB/Registration/field-Email'

07-07-2026T09:27:35 - [MESSAGE][PASSED] - Text 'agungpriyadimyq@gmail.com' is set on object 'Object Repository/WEB/Registration/field-Email'

07-07-2026T09:27:35 - [TEST_STEP][PASSED] - setText(findTestObject("WEB/Registration/field-account"), randomUsername): Text 'agung2482586946' is set on object 'Object Repository/WEB/Registration/field-account'

07-07-2026T09:27:36 - [MESSAGE][PASSED] - Text 'agung2482586946' is set on object 'Object Repository/WEB/Registration/field-account'

07-07-2026T09:27:36 - [TEST_STEP][PASSED] - setText(findTestObject("WEB/Registration/field-Password"), "Laskar123456"): Text 'Laskar123456' is set on object 'Object Repository/WEB/Registration/field-Password'

07-07-2026T09:27:37 - [MESSAGE][PASSED] - Text 'Laskar123456' is set on object 'Object Repository/WEB/Registration/field-Password'

07-07-2026T09:27:37 - [TEST_STEP][PASSED] - waitForElementClickable(findTestObject("WEB/Registration/btn-sign-up"), 10): Object 'Object Repository/WEB/Registration/btn-sign-up' is clickable

07-07-2026T09:27:38 - [MESSAGE][PASSED] - Object 'Object Repository/WEB/Registration/btn-sign-up' is clickable

07-07-2026T09:27:38 - [TEST_STEP][PASSED] - click(findTestObject("WEB/Registration/btn-sign-up")): Object: 'Object Repository/WEB/Registration/btn-sign-up' is clicked on

07-07-2026T09:27:38 - [MESSAGE][PASSED] - Object: 'Object Repository/WEB/Registration/btn-sign-up' is clicked on

07-07-2026T09:27:38 - [TEST_STEP][PASSED] - delay(2): Delayed 2 second(s)

07-07-2026T09:27:40 - [MESSAGE][PASSED] - Delayed 2 second(s)

07-07-2026T09:27:40 - [TEST_STEP][WARNING] - isStillOnRegister = verifyElementPresent(findTestObject("WEB/Registration/btn-sign-up"), 5, OPTIONAL): com.kms.katalon.core.webui.exception.WebElementNotFoundException: Web element with id: 'Object Repository/WEB/Registration/btn-sign-up' located by 'By.xpath: //span[text()='Sign Up']' not found (Root cause: com.kms.katalon.core.exception.StepFailedException: com.kms.katalon.core.webui.exception.WebElementNotFoundException: Web element with id: 'Object Repository/WEB/Registration/btn-sign-up' located by 'By.xpath: //span[text()='Sign Up']' not found
	at com.kms.katalon.core.webui.keyword.internal.WebUIKeywordMain.stepFailed(WebUIKeywordMain.groovy:177)
	at com.kms.katalon.core.webui.keyword.builtin.VerifyElementPresentKeyword$_verifyElementPresent_closure1.doCall(VerifyElementPresentKeyword.groovy:88)
	at com.kms.katalon.core.webui.keyword.builtin.VerifyElementPresentKeyword$_verifyElementPresent_closure1.call(VerifyElementPresentKeyword.groovy)
	at com.kms.katalon.core.webui.keyword.internal.WebUIKeywordMain.runKeyword(WebUIKeywordMain.groovy:41)
	at com.kms.katalon.core.webui.keyword.builtin.VerifyElementPresentKeyword.verifyElementPresent(VerifyElementPresentKeyword.groovy:95)
	at com.kms.katalon.core.webui.keyword.builtin.VerifyElementPresentKeyword.execute(VerifyElementPresentKeyword.groovy:68)
	at com.kms.katalon.core.keyword.internal.KeywordExecutor.executeKeywordForPlatform(KeywordExecutor.groovy:99)
	at com.kms.katalon.core.webui.keyword.WebUiBuiltInKeywords.verifyElementPresent(WebUiBuiltInKeywords.groovy:1550)
	at Register with true data.run(Register with true data:78)
	at com.kms.katalon.core.main.ScriptEngine.run(ScriptEngine.java:203)
	at com.kms.katalon.core.main.ScriptEngine.runScriptAsRawText(ScriptEngine.java:115)
	at com.kms.katalon.core.main.TestCaseExecutor.runScript(TestCaseExecutor.java:504)
	at com.kms.katalon.core.main.TestCaseExecutor.doExecute(TestCaseExecutor.java:495)
	at com.kms.katalon.core.main.TestCaseExecutor.processExecutionPhase(TestCaseExecutor.java:474)
	at com.kms.katalon.core.main.TestCaseExecutor.accessMainPhase(TestCaseExecutor.java:466)
	at com.kms.katalon.core.main.TestCaseExecutor.execute(TestCaseExecutor.java:336)
	at com.kms.katalon.core.common.CommonExecutor.accessTestCaseMainPhase(CommonExecutor.java:71)
	at com.kms.katalon.core.main.TestSuiteExecutor.accessTestSuiteMainPhase(TestSuiteExecutor.java:153)
	at com.kms.katalon.core.main.TestSuiteExecutor.execute(TestSuiteExecutor.java:110)
	at com.kms.katalon.core.main.TestCaseMain.startTestSuite(TestCaseMain.java:206)
	at S0707_1.run(S0707_1.groovy:40)
	at java.base/jdk.internal.reflect.DirectMethodHandleAccessor.invoke(DirectMethodHandleAccessor.java:103)
)

07-07-2026T09:27:45 - [MESSAGE][WARNING] - com.kms.katalon.core.webui.exception.WebElementNotFoundException: Web element with id: 'Object Repository/WEB/Registration/btn-sign-up' located by 'By.xpath: //span[text()='Sign Up']' not found (Root cause: com.kms.katalon.core.exception.StepFailedException: com.kms.katalon.core.webui.exception.WebElementNotFoundException: Web element with id: 'Object Repository/WEB/Registration/btn-sign-up' located by 'By.xpath: //span[text()='Sign Up']' not found
	at com.kms.katalon.core.webui.keyword.internal.WebUIKeywordMain.stepFailed(WebUIKeywordMain.groovy:177)
	at com.kms.katalon.core.webui.keyword.builtin.VerifyElementPresentKeyword$_verifyElementPresent_closure1.doCall(VerifyElementPresentKeyword.groovy:88)
	at com.kms.katalon.core.webui.keyword.builtin.VerifyElementPresentKeyword$_verifyElementPresent_closure1.call(VerifyElementPresentKeyword.groovy)
	at com.kms.katalon.core.webui.keyword.internal.WebUIKeywordMain.runKeyword(WebUIKeywordMain.groovy:41)
	at com.kms.katalon.core.webui.keyword.builtin.VerifyElementPresentKeyword.verifyElementPresent(VerifyElementPresentKeyword.groovy:95)
	at com.kms.katalon.core.webui.keyword.builtin.VerifyElementPresentKeyword.execute(VerifyElementPresentKeyword.groovy:68)
	at com.kms.katalon.core.keyword.internal.KeywordExecutor.executeKeywordForPlatform(KeywordExecutor.groovy:99)
	at com.kms.katalon.core.webui.keyword.WebUiBuiltInKeywords.verifyElementPresent(WebUiBuiltInKeywords.groovy:1550)
	at Register with true data.run(Register with true data:78)
	at com.kms.katalon.core.main.ScriptEngine.run(ScriptEngine.java:203)
	at com.kms.katalon.core.main.ScriptEngine.runScriptAsRawText(ScriptEngine.java:115)
	at com.kms.katalon.core.main.TestCaseExecutor.runScript(TestCaseExecutor.java:504)
	at com.kms.katalon.core.main.TestCaseExecutor.doExecute(TestCaseExecutor.java:495)
	at com.kms.katalon.core.main.TestCaseExecutor.processExecutionPhase(TestCaseExecutor.java:474)
	at com.kms.katalon.core.main.TestCaseExecutor.accessMainPhase(TestCaseExecutor.java:466)
	at com.kms.katalon.core.main.TestCaseExecutor.execute(TestCaseExecutor.java:336)
	at com.kms.katalon.core.common.CommonExecutor.accessTestCaseMainPhase(CommonExecutor.java:71)
	at com.kms.katalon.core.main.TestSuiteExecutor.accessTestSuiteMainPhase(TestSuiteExecutor.java:153)
	at com.kms.katalon.core.main.TestSuiteExecutor.execute(TestSuiteExecutor.java:110)
	at com.kms.katalon.core.main.TestCaseMain.startTestSuite(TestCaseMain.java:206)
	at S0707_1.run(S0707_1.groovy:40)
	at java.base/jdk.internal.reflect.DirectMethodHandleAccessor.invoke(DirectMethodHandleAccessor.java:103)
)

07-07-2026T09:27:45 - [TEST_STEP][PASSED] - if (isStillOnRegister): null

07-07-2026T09:27:45 - [TEST_STEP][PASSED] - comment("Email used: " + randomEmail): Email used: agungpriyadimyq@gmail.com

07-07-2026T09:27:45 - [MESSAGE][INFO] - Email used: agungpriyadimyq@gmail.com

07-07-2026T09:27:45 - [TEST_STEP][PASSED] - comment("Username used: " + randomUsername): Username used: agung2482586946

07-07-2026T09:27:45 - [MESSAGE][INFO] - Username used: agung2482586946

07-07-2026T09:27:45 - [TEST_STEP][PASSED] - closeBrowser(): Browser is closed

07-07-2026T09:27:45 - [MESSAGE][PASSED] - Browser is closed

07-07-2026T09:27:45 - [TEST_STEP][FAILED] - Start listener action : afterTestCase: null

07-07-2026T09:27:45 - [TEST_STEP][PASSED] - status = testCaseContext.getTestCaseStatus(): null

07-07-2026T09:27:45 - [TEST_STEP][PASSED] - if (status == "PASSED"): null

07-07-2026T09:27:45 - [TEST_STEP][PASSED] - saveScreenshot("PASSED"): null

07-07-2026T09:27:45 - [TEST_STEP][PASSED] - try: null

07-07-2026T09:27:45 - [TEST_STEP][PASSED] - tcName = getTestCaseName(): null

07-07-2026T09:27:45 - [TEST_STEP][PASSED] - return com.kms.katalon.core.configuration.RunConfiguration.getExecutionSourceName().replace(Test Cases/, ).replaceAll([\\/:*?"<>|], _): null

07-07-2026T09:27:45 - [TEST_STEP][PASSED] - folderPath = Screenshot/$status/$tcName/: null

07-07-2026T09:27:45 - [TEST_STEP][PASSED] - Files.createDirectories(Paths.get(folderPath)): null

07-07-2026T09:27:45 - [TEST_STEP][PASSED] - screenshotPath = $folderPath$status_$this.getTimestamp().png: null

07-07-2026T09:27:45 - [TEST_STEP][FAILED] - return new java.text.SimpleDateFormat(yyyyMMdd_HHmmss).format(new java.util.Date()): Cannot take screenshot (Root cause: com.kms.katalon.core.exception.StepFailedException: Cannot take screenshot
	at com.kms.katalon.core.webui.keyword.internal.WebUIKeywordMain.stepFailed(WebUIKeywordMain.groovy:177)
	at com.kms.katalon.core.webui.keyword.internal.WebUIKeywordMain.runKeyword(WebUIKeywordMain.groovy:49)
	at com.kms.katalon.core.webui.keyword.builtin.TakeScreenshotKeyword.takeScreenshot(TakeScreenshotKeyword.groovy:93)
	at com.kms.katalon.core.webui.keyword.builtin.TakeScreenshotKeyword.execute(TakeScreenshotKeyword.groovy:49)
	at com.kms.katalon.core.keyword.internal.KeywordExecutor.executeKeywordForPlatform(KeywordExecutor.groovy:99)
	at com.kms.katalon.core.webui.keyword.WebUiBuiltInKeywords.takeScreenshot(WebUiBuiltInKeywords.groovy:3076)
	at AutoScreenshotListener.saveScreenshot(AutoScreenshotListener.groovy:73)
	at AutoScreenshotListener.afterTestCase(AutoScreenshotListener.groovy:113)
	at java.base/jdk.internal.reflect.DirectMethodHandleAccessor.invoke(DirectMethodHandleAccessor.java:103)
	at com.kms.katalon.core.context.internal.TestHooker.invokeMethod(TestHooker.java:111)
	at com.kms.katalon.core.context.internal.TestHooker.lambda$3(TestHooker.java:95)
	at com.kms.katalon.core.context.internal.TestHooker.invokeContextMethods(TestHooker.java:94)
	at com.kms.katalon.core.context.internal.TestListenerCollector.lambda$3(TestListenerCollector.java:88)
	at com.kms.katalon.core.context.internal.TestListenerCollector.handleListenerEvent(TestListenerCollector.java:85)
	at com.kms.katalon.core.context.internal.ExecutionEventManager.publicEvent(ExecutionEventManager.java:47)
	at com.kms.katalon.core.main.TestCaseExecutor.execute(TestCaseExecutor.java:366)
	at com.kms.katalon.core.common.CommonExecutor.accessTestCaseMainPhase(CommonExecutor.java:71)
	at com.kms.katalon.core.main.TestSuiteExecutor.accessTestSuiteMainPhase(TestSuiteExecutor.java:153)
	at com.kms.katalon.core.main.TestSuiteExecutor.execute(TestSuiteExecutor.java:110)
	at com.kms.katalon.core.main.TestCaseMain.startTestSuite(TestCaseMain.java:206)
	at S0707_1.run(S0707_1.groovy:40)
	at java.base/jdk.internal.reflect.DirectMethodHandleAccessor.invoke(DirectMethodHandleAccessor.java:103)
Caused by: com.kms.katalon.core.webui.exception.BrowserNotOpenedException: Browser is not opened
Build info: version: '4.39.0', revision: '126f156aee'
System info: os.name: 'Windows 11', os.arch: 'amd64', os.version: '10.0', java.version: '21.0.9'
Driver info: driver.version: unknown
	at com.kms.katalon.core.webui.driver.DriverFactory.verifyWebDriverIsOpen(DriverFactory.java:600)
	at com.kms.katalon.core.webui.driver.DriverFactory.verifyWebDriver(DriverFactory.java:585)
	at com.kms.katalon.core.webui.driver.DriverFactory.getWebDriver(DriverFactory.java:559)
	at com.kms.katalon.core.webui.keyword.builtin.TakeScreenshotKeyword$_takeScreenshot_closure1.doCall(TakeScreenshotKeyword.groovy:95)
	at com.kms.katalon.core.webui.keyword.builtin.TakeScreenshotKeyword$_takeScreenshot_closure1.call(TakeScreenshotKeyword.groovy)
	at com.kms.katalon.core.webui.keyword.internal.WebUIKeywordMain.runKeyword(WebUIKeywordMain.groovy:41)
	... 20 more
)

07-07-2026T09:27:45 - [TEST_STEP][FAILED] - takeScreenshot(screenshotPath): Cannot take screenshot (Root cause: com.kms.katalon.core.exception.StepFailedException: Cannot take screenshot
	at com.kms.katalon.core.webui.keyword.internal.WebUIKeywordMain.stepFailed(WebUIKeywordMain.groovy:177)
	at com.kms.katalon.core.webui.keyword.internal.WebUIKeywordMain.runKeyword(WebUIKeywordMain.groovy:49)
	at com.kms.katalon.core.webui.keyword.builtin.TakeScreenshotKeyword.takeScreenshot(TakeScreenshotKeyword.groovy:93)
	at com.kms.katalon.core.webui.keyword.builtin.TakeScreenshotKeyword.execute(TakeScreenshotKeyword.groovy:49)
	at com.kms.katalon.core.keyword.internal.KeywordExecutor.executeKeywordForPlatform(KeywordExecutor.groovy:99)
	at com.kms.katalon.core.webui.keyword.WebUiBuiltInKeywords.takeScreenshot(WebUiBuiltInKeywords.groovy:3076)
	at AutoScreenshotListener.saveScreenshot(AutoScreenshotListener.groovy:73)
	at AutoScreenshotListener.afterTestCase(AutoScreenshotListener.groovy:113)
	at java.base/jdk.internal.reflect.DirectMethodHandleAccessor.invoke(DirectMethodHandleAccessor.java:103)
	at com.kms.katalon.core.context.internal.TestHooker.invokeMethod(TestHooker.java:111)
	at com.kms.katalon.core.context.internal.TestHooker.lambda$3(TestHooker.java:95)
	at com.kms.katalon.core.context.internal.TestHooker.invokeContextMethods(TestHooker.java:94)
	at com.kms.katalon.core.context.internal.TestListenerCollector.lambda$3(TestListenerCollector.java:88)
	at com.kms.katalon.core.context.internal.TestListenerCollector.handleListenerEvent(TestListenerCollector.java:85)
	at com.kms.katalon.core.context.internal.ExecutionEventManager.publicEvent(ExecutionEventManager.java:47)
	at com.kms.katalon.core.main.TestCaseExecutor.execute(TestCaseExecutor.java:366)
	at com.kms.katalon.core.common.CommonExecutor.accessTestCaseMainPhase(CommonExecutor.java:71)
	at com.kms.katalon.core.main.TestSuiteExecutor.accessTestSuiteMainPhase(TestSuiteExecutor.java:153)
	at com.kms.katalon.core.main.TestSuiteExecutor.execute(TestSuiteExecutor.java:110)
	at com.kms.katalon.core.main.TestCaseMain.startTestSuite(TestCaseMain.java:206)
	at S0707_1.run(S0707_1.groovy:40)
	at java.base/jdk.internal.reflect.DirectMethodHandleAccessor.invoke(DirectMethodHandleAccessor.java:103)
Caused by: com.kms.katalon.core.webui.exception.BrowserNotOpenedException: Browser is not opened
Build info: version: '4.39.0', revision: '126f156aee'
System info: os.name: 'Windows 11', os.arch: 'amd64', os.version: '10.0', java.version: '21.0.9'
Driver info: driver.version: unknown
	at com.kms.katalon.core.webui.driver.DriverFactory.verifyWebDriverIsOpen(DriverFactory.java:600)
	at com.kms.katalon.core.webui.driver.DriverFactory.verifyWebDriver(DriverFactory.java:585)
	at com.kms.katalon.core.webui.driver.DriverFactory.getWebDriver(DriverFactory.java:559)
	at com.kms.katalon.core.webui.keyword.builtin.TakeScreenshotKeyword$_takeScreenshot_closure1.doCall(TakeScreenshotKeyword.groovy:95)
	at com.kms.katalon.core.webui.keyword.builtin.TakeScreenshotKeyword$_takeScreenshot_closure1.call(TakeScreenshotKeyword.groovy)
	at com.kms.katalon.core.webui.keyword.internal.WebUIKeywordMain.runKeyword(WebUIKeywordMain.groovy:41)
	... 20 more
)

07-07-2026T09:27:45 - [MESSAGE][FAILED] - Cannot take screenshot (Root cause: com.kms.katalon.core.exception.StepFailedException: Cannot take screenshot
	at com.kms.katalon.core.webui.keyword.internal.WebUIKeywordMain.stepFailed(WebUIKeywordMain.groovy:177)
	at com.kms.katalon.core.webui.keyword.internal.WebUIKeywordMain.runKeyword(WebUIKeywordMain.groovy:49)
	at com.kms.katalon.core.webui.keyword.builtin.TakeScreenshotKeyword.takeScreenshot(TakeScreenshotKeyword.groovy:93)
	at com.kms.katalon.core.webui.keyword.builtin.TakeScreenshotKeyword.execute(TakeScreenshotKeyword.groovy:49)
	at com.kms.katalon.core.keyword.internal.KeywordExecutor.executeKeywordForPlatform(KeywordExecutor.groovy:99)
	at com.kms.katalon.core.webui.keyword.WebUiBuiltInKeywords.takeScreenshot(WebUiBuiltInKeywords.groovy:3076)
	at AutoScreenshotListener.saveScreenshot(AutoScreenshotListener.groovy:73)
	at AutoScreenshotListener.afterTestCase(AutoScreenshotListener.groovy:113)
	at java.base/jdk.internal.reflect.DirectMethodHandleAccessor.invoke(DirectMethodHandleAccessor.java:103)
	at com.kms.katalon.core.context.internal.TestHooker.invokeMethod(TestHooker.java:111)
	at com.kms.katalon.core.context.internal.TestHooker.lambda$3(TestHooker.java:95)
	at com.kms.katalon.core.context.internal.TestHooker.invokeContextMethods(TestHooker.java:94)
	at com.kms.katalon.core.context.internal.TestListenerCollector.lambda$3(TestListenerCollector.java:88)
	at com.kms.katalon.core.context.internal.TestListenerCollector.handleListenerEvent(TestListenerCollector.java:85)
	at com.kms.katalon.core.context.internal.ExecutionEventManager.publicEvent(ExecutionEventManager.java:47)
	at com.kms.katalon.core.main.TestCaseExecutor.execute(TestCaseExecutor.java:366)
	at com.kms.katalon.core.common.CommonExecutor.accessTestCaseMainPhase(CommonExecutor.java:71)
	at com.kms.katalon.core.main.TestSuiteExecutor.accessTestSuiteMainPhase(TestSuiteExecutor.java:153)
	at com.kms.katalon.core.main.TestSuiteExecutor.execute(TestSuiteExecutor.java:110)
	at com.kms.katalon.core.main.TestCaseMain.startTestSuite(TestCaseMain.java:206)
	at S0707_1.run(S0707_1.groovy:40)
	at java.base/jdk.internal.reflect.DirectMethodHandleAccessor.invoke(DirectMethodHandleAccessor.java:103)
Caused by: com.kms.katalon.core.webui.exception.BrowserNotOpenedException: Browser is not opened
Build info: version: '4.39.0', revision: '126f156aee'
System info: os.name: 'Windows 11', os.arch: 'amd64', os.version: '10.0', java.version: '21.0.9'
Driver info: driver.version: unknown
	at com.kms.katalon.core.webui.driver.DriverFactory.verifyWebDriverIsOpen(DriverFactory.java:600)
	at com.kms.katalon.core.webui.driver.DriverFactory.verifyWebDriver(DriverFactory.java:585)
	at com.kms.katalon.core.webui.driver.DriverFactory.getWebDriver(DriverFactory.java:559)
	at com.kms.katalon.core.webui.keyword.builtin.TakeScreenshotKeyword$_takeScreenshot_closure1.doCall(TakeScreenshotKeyword.groovy:95)
	at com.kms.katalon.core.webui.keyword.builtin.TakeScreenshotKeyword$_takeScreenshot_closure1.call(TakeScreenshotKeyword.groovy)
	at com.kms.katalon.core.webui.keyword.internal.WebUIKeywordMain.runKeyword(WebUIKeywordMain.groovy:41)
	... 20 more
)

07-07-2026T09:27:45 - [TEST_STEP][PASSED] - catch (Exception e): null

07-07-2026T09:27:45 - [TEST_STEP][PASSED] - println("Failed to save screenshot: " + e.getMessage()): null

07-07-2026T09:27:45 - [TEST_STEP][PASSED] - println(Test Case '$testCaseContext.getTestCaseId()' finished with status: $status): null]]></system-out>
         <system-err><![CDATA[]]></system-err>
      </testcase>
      <system-out><![CDATA[07-07-2026T09:26:37 - [TEST_SUITE][PASSED] - Registration_TestSuite: null]]></system-out>
      <system-err><![CDATA[]]></system-err>
   </testsuite>
   <testsuite name="Login_TestSuite" tests="4" passed="4" failures="0" errors="0" incompleted="0" skipped="0" time="52.186" timestamp="2026-07-07T02:27:52.444Z" hostname="AgungPriyadi - NB-GDA-55026" id="Test Suites/WEB/Login/Login_TestSuite" status="PASSED">
      <properties>
         <property name="deviceName" value=""/>
         <property name="devicePlatform"/>
         <property name="logFolder" value="C:\\Users\\AgungPriyadi\\git\\digibox-kh\\Reports\\20260707_092618\\WEB\\Login\\Login_TestSuite\\20260707_092619"/>
         <property name="logFiles" value="C:\\Users\\AgungPriyadi\\git\\digibox-kh\\Reports\\20260707_092618\\WEB\\Login\\Login_TestSuite\\20260707_092619\\console0.log, C:\\Users\\AgungPriyadi\\git\\digibox-kh\\Reports\\20260707_092618\\WEB\\Login\\Login_TestSuite\\20260707_092619\\execution0.log"/>
         <property name="attachments" value=""/>
         <property name="executionBindingVariables" value="[]"/>
         <property name="hostName" value="AgungPriyadi - NB-GDA-55026"/>
         <property name="os" value="Windows 11 64bit"/>
         <property name="katalonVersion" value="11.1.3.0"/>
         <property name="browser" value="Chrome 149.0.7827.103"/>
         <property name="userFullName" value="Agung Priyadi"/>
         <property name="hostAddress" value="192.168.110.50"/>
         <property name="sessionId" value="647c147d686a0d6f075a8e57123844fd"/>
         <property name="projectName" value="digibox-kh"/>
         <property name="seleniumVersion" value="4.39.0"/>
         <property name="proxyInformation" value="ProxyInformation { proxyOption=NO_PROXY, proxyServerType=HTTP, username=, password=********, proxyServerAddress=, proxyServerPort=0, executionList=&quot;&quot;, isApplyToDesiredCapabilities=true }"/>
         <property name="platform" value="Windows 11"/>
      </properties>
      <testcase name="Test Cases/WEB/Login/Login with data Invalid Account" time="13.25" classname="Test Cases/WEB/Login/Login with data Invalid Account" status="PASSED">
         <system-out><![CDATA[07-07-2026T09:27:52 - [TEST_CASE][PASSED] - Test Cases/WEB/Login/Login with data Invalid Account: Test Cases/WEB/Login/Login with data Invalid Account

07-07-2026T09:27:53 - [TEST_STEP][PASSED] - openBrowser(""): Browser is opened with url: ''

07-07-2026T09:27:53 - [MESSAGE][INFO] - Starting 'Chrome (headless)' driver

07-07-2026T09:27:53 - [MESSAGE][INFO] - User set preference: ['args', '[--disable-dev-shm-usage, --no-sandbox, --disable-gpu, --window-size=1920,1080]']

07-07-2026T09:27:53 - [MESSAGE][INFO] - Action delay is set to 0 milliseconds

07-07-2026T09:27:55 - [MESSAGE][PASSED] - Browser is opened with url: ''

07-07-2026T09:27:55 - [TEST_STEP][PASSED] - setViewPortSize(1920, 1080): Viewport is set to new size with width = 1920 and height = 1080

07-07-2026T09:27:55 - [MESSAGE][PASSED] - Viewport is set to new size with width = 1920 and height = 1080

07-07-2026T09:27:55 - [TEST_STEP][PASSED] - enableSmartWait(): null

07-07-2026T09:27:55 - [TEST_STEP][PASSED] - navigateToUrl(URL): Navigate to 'https://d-digibox-kh.blubox.id/' successfully

07-07-2026T09:27:57 - [MESSAGE][PASSED] - Navigate to 'https://d-digibox-kh.blubox.id/' successfully

07-07-2026T09:27:57 - [TEST_STEP][PASSED] - custom.BrowserHelper.setupBrowserWindow(): custom.BrowserHelper.setupBrowserWindow is PASSED

07-07-2026T09:27:57 - [MESSAGE][PASSED] - Viewport is set to new size with width = 1920 and height = 1080

07-07-2026T09:27:57 - [MESSAGE][PASSED] - custom.BrowserHelper.setupBrowserWindow is PASSED

07-07-2026T09:27:57 - [TEST_STEP][PASSED] - waitForPageLoad(30): Wait for page load successfully

07-07-2026T09:27:58 - [MESSAGE][PASSED] - Wait for page load successfully

07-07-2026T09:27:58 - [TEST_STEP][PASSED] - waitForElementVisible(findTestObject("WEB/Home Page/header_digibox"), 30): Object 'Object Repository/WEB/Home Page/header_digibox' is visible

07-07-2026T09:27:58 - [MESSAGE][PASSED] - Object 'Object Repository/WEB/Home Page/header_digibox' is visible

07-07-2026T09:27:58 - [TEST_STEP][PASSED] - verifyElementVisible(findTestObject("WEB/Home Page/header_digibox")): Object 'Object Repository/WEB/Home Page/header_digibox' is visible

07-07-2026T09:27:58 - [MESSAGE][PASSED] - Object 'Object Repository/WEB/Home Page/header_digibox' is visible

[...]

07-07-2026T09:37:18 - [MESSAGE][PASSED] - Object 'Object Repository/WEB/Product and Cart/Add to cart/i_icon-cart' is present

07-07-2026T09:37:18 - [TEST_STEP][PASSED] - waitForElementClickable(findTestObject("WEB/Product and Cart/Add to cart/i_icon-cart"), 30): Object 'Object Repository/WEB/Product and Cart/Add to cart/i_icon-cart' is clickable

07-07-2026T09:37:19 - [MESSAGE][PASSED] - Object 'Object Repository/WEB/Product and Cart/Add to cart/i_icon-cart' is clickable

07-07-2026T09:37:19 - [TEST_STEP][PASSED] - enhancedClick(findTestObject("WEB/Product and Cart/Add to cart/i_icon-cart")): Object: 'Object Repository/WEB/Product and Cart/Add to cart/i_icon-cart' is clicked on

07-07-2026T09:37:19 - [MESSAGE][PASSED] - Object: 'Object Repository/WEB/Product and Cart/Add to cart/i_icon-cart' is clicked on

07-07-2026T09:37:19 - [TEST_STEP][PASSED] - waitForElementVisible(findTestObject("WEB/Checkout/Address/Address Ship To/btn_checkout"), 30): Object 'Object Repository/WEB/Checkout/Address/Address Ship To/btn_checkout' is visible

07-07-2026T09:37:21 - [MESSAGE][PASSED] - Object 'Object Repository/WEB/Checkout/Address/Address Ship To/btn_checkout' is visible

07-07-2026T09:37:21 - [TEST_STEP][PASSED] - waitForElementClickable(findTestObject("WEB/Checkout/Address/Address Ship To/btn_checkout"), 30): Object 'Object Repository/WEB/Checkout/Address/Address Ship To/btn_checkout' is clickable

07-07-2026T09:37:21 - [MESSAGE][PASSED] - Object 'Object Repository/WEB/Checkout/Address/Address Ship To/btn_checkout' is clickable

07-07-2026T09:37:21 - [TEST_STEP][PASSED] - enhancedClick(findTestObject("WEB/Checkout/Address/Address Ship To/btn_checkout")): Object: 'Object Repository/WEB/Checkout/Address/Address Ship To/btn_checkout' is clicked on

07-07-2026T09:37:21 - [MESSAGE][PASSED] - Object: 'Object Repository/WEB/Checkout/Address/Address Ship To/btn_checkout' is clicked on

07-07-2026T09:37:21 - [TEST_STEP][PASSED] - waitForPageLoad(30): Wait for page load successfully

07-07-2026T09:37:21 - [MESSAGE][PASSED] - Wait for page load successfully

07-07-2026T09:37:21 - [TEST_STEP][PASSED] - waitForElementVisible(findTestObject("WEB/Checkout/Checkout guest/field_email"), 30): Object 'Object Repository/WEB/Checkout/Checkout guest/field_email' is visible

07-07-2026T09:37:23 - [MESSAGE][PASSED] - Object 'Object Repository/WEB/Checkout/Checkout guest/field_email' is visible

07-07-2026T09:37:23 - [TEST_STEP][PASSED] - setText(findTestObject("WEB/Checkout/Checkout guest/field_email"), randomEmail): Text 'agungpriyaditbm@gmail.com' is set on object 'Object Repository/WEB/Checkout/Checkout guest/field_email'

07-07-2026T09:37:23 - [MESSAGE][PASSED] - Text 'agungpriyaditbm@gmail.com' is set on object 'Object Repository/WEB/Checkout/Checkout guest/field_email'

07-07-2026T09:37:23 - [TEST_STEP][PASSED] - waitForElementClickable(findTestObject("WEB/Checkout/Checkout guest/btn_continue"), 30): Object 'Object Repository/WEB/Checkout/Checkout guest/btn_continue' is clickable

07-07-2026T09:37:24 - [MESSAGE][PASSED] - Object 'Object Repository/WEB/Checkout/Checkout guest/btn_continue' is clickable

07-07-2026T09:37:24 - [TEST_STEP][PASSED] - enhancedClick(findTestObject("WEB/Checkout/Checkout guest/btn_continue")): Object: 'Object Repository/WEB/Checkout/Checkout guest/btn_continue' is clicked on

07-07-2026T09:37:24 - [MESSAGE][PASSED] - Object: 'Object Repository/WEB/Checkout/Checkout guest/btn_continue' is clicked on

07-07-2026T09:37:24 - [TEST_STEP][PASSED] - waitForPageLoad(30): Wait for page load successfully

07-07-2026T09:37:24 - [MESSAGE][PASSED] - Wait for page load successfully

07-07-2026T09:37:24 - [TEST_STEP][PASSED] - waitForElementVisible(findTestObject("WEB/Checkout/Address/Address Ship To/field_First Name"), 30): Object 'Object Repository/WEB/Checkout/Address/Address Ship To/field_First Name' is visible

07-07-2026T09:37:25 - [MESSAGE][PASSED] - Object 'Object Repository/WEB/Checkout/Address/Address Ship To/field_First Name' is visible

07-07-2026T09:37:25 - [TEST_STEP][PASSED] - setText(findTestObject("WEB/Checkout/Address/Address Ship To/field_First Name"), randomFirstName): Text 'Rina' is set on object 'Object Repository/WEB/Checkout/Address/Address Ship To/field_First Name'

07-07-2026T09:37:27 - [MESSAGE][PASSED] - Text 'Rina' is set on object 'Object Repository/WEB/Checkout/Address/Address Ship To/field_First Name'

07-07-2026T09:37:27 - [TEST_STEP][PASSED] - setText(findTestObject("WEB/Checkout/Address/Address Ship To/field_Last Name"), randomLastName): Text 'Priyadi' is set on object 'Object Repository/WEB/Checkout/Address/Address Ship To/field_Last Name'

07-07-2026T09:37:28 - [MESSAGE][PASSED] - Text 'Priyadi' is set on object 'Object Repository/WEB/Checkout/Address/Address Ship To/field_Last Name'

07-07-2026T09:37:28 - [TEST_STEP][PASSED] - setText(findTestObject("WEB/Checkout/Address/Address Ship To/field_mobile phone"), randomPhone): Text '08645234555' is set on object 'Object Repository/WEB/Checkout/Address/Address Ship To/field_mobile phone'

07-07-2026T09:37:29 - [MESSAGE][PASSED] - Text '08645234555' is set on object 'Object Repository/WEB/Checkout/Address/Address Ship To/field_mobile phone'

07-07-2026T09:37:29 - [TEST_STEP][PASSED] - setText(findTestObject("WEB/Checkout/Address/Address Ship To/field_Address"), randomAddress): Text 'Jakarta Testing 7915' is set on object 'Object Repository/WEB/Checkout/Address/Address Ship To/field_Address'

07-07-2026T09:37:30 - [MESSAGE][PASSED] - Text 'Jakarta Testing 7915' is set on object 'Object Repository/WEB/Checkout/Address/Address Ship To/field_Address'

07-07-2026T09:37:30 - [TEST_STEP][PASSED] - setText(findTestObject("WEB/Checkout/Address/Address Ship To/input_ZipPostal Code"), randomCode): Text '158107' is set on object 'Object Repository/WEB/Checkout/Address/Address Ship To/input_ZipPostal Code'

07-07-2026T09:37:31 - [MESSAGE][PASSED] - Text '158107' is set on object 'Object Repository/WEB/Checkout/Address/Address Ship To/input_ZipPostal Code'

07-07-2026T09:37:31 - [TEST_STEP][PASSED] - waitForElementClickable(findTestObject("WEB/Checkout/Address/Address Ship To/input_Province"), 30): Object 'Object Repository/WEB/Checkout/Address/Address Ship To/input_Province' is clickable

07-07-2026T09:37:32 - [MESSAGE][PASSED] - Object 'Object Repository/WEB/Checkout/Address/Address Ship To/input_Province' is clickable

07-07-2026T09:37:32 - [TEST_STEP][PASSED] - enhancedClick(findTestObject("WEB/Checkout/Address/Address Ship To/input_Province")): Object: 'Object Repository/WEB/Checkout/Address/Address Ship To/input_Province' is clicked on

07-07-2026T09:37:33 - [MESSAGE][PASSED] - Object: 'Object Repository/WEB/Checkout/Address/Address Ship To/input_Province' is clicked on

07-07-2026T09:37:33 - [TEST_STEP][PASSED] - waitForElementVisible(findTestObject("WEB/Checkout/Address/Address Ship To/li_Phnom Penh Capital_Province"), 30): Object 'Object Repository/WEB/Checkout/Address/Address Ship To/li_Phnom Penh Capital_Province' is visible

07-07-2026T09:37:33 - [MESSAGE][PASSED] - Object 'Object Repository/WEB/Checkout/Address/Address Ship To/li_Phnom Penh Capital_Province' is visible

07-07-2026T09:37:33 - [TEST_STEP][PASSED] - enhancedClick(findTestObject("WEB/Checkout/Address/Address Ship To/li_Phnom Penh Capital_Province")): Object: 'Object Repository/WEB/Checkout/Address/Address Ship To/li_Phnom Penh Capital_Province' is clicked on

07-07-2026T09:37:33 - [MESSAGE][PASSED] - Object: 'Object Repository/WEB/Checkout/Address/Address Ship To/li_Phnom Penh Capital_Province' is clicked on

07-07-2026T09:37:33 - [TEST_STEP][PASSED] - waitForElementClickable(findTestObject("WEB/Checkout/Address/Address Ship To/input_Select Province"), 30): Object 'Object Repository/WEB/Checkout/Address/Address Ship To/input_Select Province' is clickable

07-07-2026T09:37:34 - [MESSAGE][PASSED] - Object 'Object Repository/WEB/Checkout/Address/Address Ship To/input_Select Province' is clickable

07-07-2026T09:37:34 - [TEST_STEP][PASSED] - enhancedClick(findTestObject("WEB/Checkout/Address/Address Ship To/input_Select Province")): Object: 'Object Repository/WEB/Checkout/Address/Address Ship To/input_Select Province' is clicked on

07-07-2026T09:37:34 - [MESSAGE][PASSED] - Object: 'Object Repository/WEB/Checkout/Address/Address Ship To/input_Select Province' is clicked on

07-07-2026T09:37:34 - [TEST_STEP][PASSED] - waitForElementVisible(findTestObject("WEB/Checkout/Address/Address Ship To/li_Khan Chamkar Mon_Select_Province"), 30): Object 'Object Repository/WEB/Checkout/Address/Address Ship To/li_Khan Chamkar Mon_Select_Province' is visible

07-07-2026T09:37:35 - [MESSAGE][PASSED] - Object 'Object Repository/WEB/Checkout/Address/Address Ship To/li_Khan Chamkar Mon_Select_Province' is visible

07-07-2026T09:37:35 - [TEST_STEP][PASSED] - enhancedClick(findTestObject("WEB/Checkout/Address/Address Ship To/li_Khan Chamkar Mon_Select_Province")): Object: 'Object Repository/WEB/Checkout/Address/Address Ship To/li_Khan Chamkar Mon_Select_Province' is clicked on

07-07-2026T09:37:35 - [MESSAGE][PASSED] - Object: 'Object Repository/WEB/Checkout/Address/Address Ship To/li_Khan Chamkar Mon_Select_Province' is clicked on

07-07-2026T09:37:35 - [TEST_STEP][PASSED] - waitForElementClickable(findTestObject("WEB/Checkout/Address/Address Ship To/input_Districts"), 30): Object 'Object Repository/WEB/Checkout/Address/Address Ship To/input_Districts' is clickable

07-07-2026T09:37:35 - [MESSAGE][PASSED] - Object 'Object Repository/WEB/Checkout/Address/Address Ship To/input_Districts' is clickable

07-07-2026T09:37:35 - [TEST_STEP][PASSED] - enhancedClick(findTestObject("WEB/Checkout/Address/Address Ship To/input_Districts")): Object: 'Object Repository/WEB/Checkout/Address/Address Ship To/input_Districts' is clicked on

07-07-2026T09:37:36 - [MESSAGE][PASSED] - Object: 'Object Repository/WEB/Checkout/Address/Address Ship To/input_Districts' is clicked on

07-07-2026T09:37:36 - [TEST_STEP][PASSED] - waitForElementVisible(findTestObject("WEB/Checkout/Address/Address Ship To/li_Sangkat Tonle Basak_Districts"), 30): Object 'Object Repository/WEB/Checkout/Address/Address Ship To/li_Sangkat Tonle Basak_Districts' is visible

07-07-2026T09:37:36 - [MESSAGE][PASSED] - Object 'Object Repository/WEB/Checkout/Address/Address Ship To/li_Sangkat Tonle Basak_Districts' is visible

07-07-2026T09:37:36 - [TEST_STEP][PASSED] - enhancedClick(findTestObject("WEB/Checkout/Address/Address Ship To/li_Sangkat Tonle Basak_Districts")): Object: 'Object Repository/WEB/Checkout/Address/Address Ship To/li_Sangkat Tonle Basak_Districts' is clicked on

07-07-2026T09:37:37 - [MESSAGE][PASSED] - Object: 'Object Repository/WEB/Checkout/Address/Address Ship To/li_Sangkat Tonle Basak_Districts' is clicked on

07-07-2026T09:37:37 - [TEST_STEP][PASSED] - scrollToElement(findTestObject("WEB/Checkout/Address/Address Ship To/btn-save"), 5): Scroll to object 'Object Repository/WEB/Checkout/Address/Address Ship To/btn-save' successfully

07-07-2026T09:37:37 - [MESSAGE][PASSED] - Scroll to object 'Object Repository/WEB/Checkout/Address/Address Ship To/btn-save' successfully

07-07-2026T09:37:37 - [TEST_STEP][PASSED] - waitForElementClickable(findTestObject("WEB/Checkout/Address/Address Ship To/btn-save"), 30): Object 'Object Repository/WEB/Checkout/Address/Address Ship To/btn-save' is clickable

07-07-2026T09:37:37 - [MESSAGE][PASSED] - Object 'Object Repository/WEB/Checkout/Address/Address Ship To/btn-save' is clickable

07-07-2026T09:37:37 - [TEST_STEP][PASSED] - enhancedClick(findTestObject("WEB/Checkout/Address/Address Ship To/btn-save")): Object: 'Object Repository/WEB/Checkout/Address/Address Ship To/btn-save' is clicked on

07-07-2026T09:37:38 - [MESSAGE][PASSED] - Object: 'Object Repository/WEB/Checkout/Address/Address Ship To/btn-save' is clicked on

07-07-2026T09:37:38 - [TEST_STEP][PASSED] - waitForPageLoad(30): Wait for page load successfully

07-07-2026T09:37:38 - [MESSAGE][PASSED] - Wait for page load successfully

07-07-2026T09:37:38 - [TEST_STEP][PASSED] - scrollToElement(findTestObject("WEB/Checkout/Address/Address Ship To/btn-change"), 5): Scroll to object 'Object Repository/WEB/Checkout/Address/Address Ship To/btn-change' successfully

07-07-2026T09:37:38 - [MESSAGE][PASSED] - Scroll to object 'Object Repository/WEB/Checkout/Address/Address Ship To/btn-change' successfully

07-07-2026T09:37:38 - [TEST_STEP][PASSED] - waitForElementVisible(findTestObject("WEB/Checkout/Address/Address Ship To/btn-change"), 30): Object 'Object Repository/WEB/Checkout/Address/Address Ship To/btn-change' is visible

07-07-2026T09:37:38 - [MESSAGE][PASSED] - Object 'Object Repository/WEB/Checkout/Address/Address Ship To/btn-change' is visible

07-07-2026T09:37:38 - [TEST_STEP][PASSED] - waitForElementClickable(findTestObject("WEB/Checkout/Address/Address Ship To/btn-change"), 30): Object 'Object Repository/WEB/Checkout/Address/Address Ship To/btn-change' is clickable

07-07-2026T09:37:39 - [MESSAGE][PASSED] - Object 'Object Repository/WEB/Checkout/Address/Address Ship To/btn-change' is clickable

07-07-2026T09:37:39 - [TEST_STEP][PASSED] - enhancedClick(findTestObject("WEB/Checkout/Address/Address Ship To/btn-change")): Object: 'Object Repository/WEB/Checkout/Address/Address Ship To/btn-change' is clicked on

07-07-2026T09:37:39 - [MESSAGE][PASSED] - Object: 'Object Repository/WEB/Checkout/Address/Address Ship To/btn-change' is clicked on

07-07-2026T09:37:39 - [TEST_STEP][PASSED] - waitForPageLoad(30): Wait for page load successfully

07-07-2026T09:37:39 - [MESSAGE][PASSED] - Wait for page load successfully

07-07-2026T09:37:39 - [TEST_STEP][PASSED] - updateAddress = custom.RandomData.generateRandomAddress(): custom.RandomData.generateRandomAddress is PASSED

07-07-2026T09:37:39 - [MESSAGE][PASSED] - custom.RandomData.generateRandomAddress is PASSED

07-07-2026T09:37:39 - [TEST_STEP][PASSED] - updateCode = custom.RandomData.generateRandomCode(): custom.RandomData.generateRandomCode is PASSED

07-07-2026T09:37:39 - [MESSAGE][PASSED] - custom.RandomData.generateRandomCode is PASSED

07-07-2026T09:37:39 - [TEST_STEP][PASSED] - waitForElementVisible(findTestObject("WEB/Checkout/Address/Address Ship To/field_Address"), 30): Object 'Object Repository/WEB/Checkout/Address/Address Ship To/field_Address' is visible

07-07-2026T09:37:40 - [MESSAGE][PASSED] - Object 'Object Repository/WEB/Checkout/Address/Address Ship To/field_Address' is visible

07-07-2026T09:37:40 - [TEST_STEP][PASSED] - clearText(findTestObject("WEB/Checkout/Address/Address Ship To/field_Address")): Text of object 'Object Repository/WEB/Checkout/Address/Address Ship To/field_Address' is cleared

07-07-2026T09:37:40 - [MESSAGE][PASSED] - Text of object 'Object Repository/WEB/Checkout/Address/Address Ship To/field_Address' is cleared

07-07-2026T09:37:40 - [TEST_STEP][PASSED] - setText(findTestObject("WEB/Checkout/Address/Address Ship To/field_Address"), updateAddress): Text 'Jakarta Testing 2958' is set on object 'Object Repository/WEB/Checkout/Address/Address Ship To/field_Address'

07-07-2026T09:37:40 - [MESSAGE][PASSED] - Text 'Jakarta Testing 2958' is set on object 'Object Repository/WEB/Checkout/Address/Address Ship To/field_Address'

07-07-2026T09:37:40 - [TEST_STEP][PASSED] - clearText(findTestObject("WEB/Checkout/Address/Address Ship To/input_ZipPostal Code")): Text of object 'Object Repository/WEB/Checkout/Address/Address Ship To/input_ZipPostal Code' is cleared

07-07-2026T09:37:41 - [MESSAGE][PASSED] - Text of object 'Object Repository/WEB/Checkout/Address/Address Ship To/input_ZipPostal Code' is cleared

07-07-2026T09:37:41 - [TEST_STEP][PASSED] - setText(findTestObject("WEB/Checkout/Address/Address Ship To/input_ZipPostal Code"), updateCode): Text '158100' is set on object 'Object Repository/WEB/Checkout/Address/Address Ship To/input_ZipPostal Code'

07-07-2026T09:37:42 - [MESSAGE][PASSED] - Text '158100' is set on object 'Object Repository/WEB/Checkout/Address/Address Ship To/input_ZipPostal Code'

07-07-2026T09:37:42 - [TEST_STEP][PASSED] - scrollToElement(findTestObject("WEB/Checkout/Address/Address Ship To/btn-save"), 5): Scroll to object 'Object Repository/WEB/Checkout/Address/Address Ship To/btn-save' successfully

07-07-2026T09:37:43 - [MESSAGE][PASSED] - Scroll to object 'Object Repository/WEB/Checkout/Address/Address Ship To/btn-save' successfully

07-07-2026T09:37:43 - [TEST_STEP][PASSED] - waitForElementClickable(findTestObject("WEB/Checkout/Address/Address Ship To/btn-save"), 30): Object 'Object Repository/WEB/Checkout/Address/Address Ship To/btn-save' is clickable

07-07-2026T09:37:43 - [MESSAGE][PASSED] - Object 'Object Repository/WEB/Checkout/Address/Address Ship To/btn-save' is clickable

07-07-2026T09:37:43 - [TEST_STEP][PASSED] - enhancedClick(findTestObject("WEB/Checkout/Address/Address Ship To/btn-save")): Object: 'Object Repository/WEB/Checkout/Address/Address Ship To/btn-save' is clicked on

07-07-2026T09:37:43 - [MESSAGE][PASSED] - Object: 'Object Repository/WEB/Checkout/Address/Address Ship To/btn-save' is clicked on

07-07-2026T09:37:43 - [TEST_STEP][PASSED] - waitForPageLoad(30): Wait for page load successfully

07-07-2026T09:37:43 - [MESSAGE][PASSED] - Wait for page load successfully

07-07-2026T09:37:43 - [TEST_STEP][PASSED] - scrollToElement(findTestObject("WEB/Checkout/Address/Address Ship To/btn-change"), 5): Scroll to object 'Object Repository/WEB/Checkout/Address/Address Ship To/btn-change' successfully

07-07-2026T09:37:44 - [MESSAGE][PASSED] - Scroll to object 'Object Repository/WEB/Checkout/Address/Address Ship To/btn-change' successfully

07-07-2026T09:37:44 - [TEST_STEP][PASSED] - waitForElementVisible(findTestObject("WEB/Checkout/Address/Address Ship To/btn-change"), 30): Object 'Object Repository/WEB/Checkout/Address/Address Ship To/btn-change' is visible

07-07-2026T09:37:44 - [MESSAGE][PASSED] - Object 'Object Repository/WEB/Checkout/Address/Address Ship To/btn-change' is visible

07-07-2026T09:37:44 - [TEST_STEP][PASSED] - Start listener action : afterTestCase: null

07-07-2026T09:37:44 - [TEST_STEP][PASSED] - status = testCaseContext.getTestCaseStatus(): null

07-07-2026T09:37:44 - [TEST_STEP][PASSED] - if (status == "PASSED"): null

07-07-2026T09:37:44 - [TEST_STEP][PASSED] - saveScreenshot("PASSED"): null

07-07-2026T09:37:44 - [TEST_STEP][PASSED] - try: null

07-07-2026T09:37:44 - [TEST_STEP][PASSED] - tcName = getTestCaseName(): null

07-07-2026T09:37:44 - [TEST_STEP][PASSED] - return com.kms.katalon.core.configuration.RunConfiguration.getExecutionSourceName().replace(Test Cases/, ).replaceAll([\\/:*?"<>|], _): null

07-07-2026T09:37:44 - [TEST_STEP][PASSED] - folderPath = Screenshot/$status/$tcName/: null

07-07-2026T09:37:44 - [TEST_STEP][PASSED] - Files.createDirectories(Paths.get(folderPath)): null

07-07-2026T09:37:44 - [TEST_STEP][PASSED] - screenshotPath = $folderPath$status_$this.getTimestamp().png: null

07-07-2026T09:37:44 - [TEST_STEP][PASSED] - return new java.text.SimpleDateFormat(yyyyMMdd_HHmmss).format(new java.util.Date()): null

07-07-2026T09:37:44 - [TEST_STEP][PASSED] - takeScreenshot(screenshotPath): Taking screenshot successfully

07-07-2026T09:37:44 - [MESSAGE][PASSED] - Taking screenshot successfully
[[ATTACHMENT|C:\\Users\\AgungPriyadi\\git\\digibox-kh\\Reports\\20260707_092618\\WEB\\Address\\Address_TestSuite\\20260707_092624\\Screenshot/PASSED/Address_TestSuite/PASSED_20260707_093744.png]]

07-07-2026T09:37:44 - [TEST_STEP][PASSED] - println("Screenshot saved : " + screenshotPath): null

07-07-2026T09:37:44 - [TEST_STEP][PASSED] - println(Test Case '$testCaseContext.getTestCaseId()' finished with status: $status): null]]></system-out>
         <system-err><![CDATA[]]></system-err>
      </testcase>
      <system-out><![CDATA[07-07-2026T09:35:04 - [TEST_SUITE][PASSED] - Address_TestSuite: null]]></system-out>
      <system-err><![CDATA[]]></system-err>
   </testsuite>
</testsuites>
