<?xml version="1.0" encoding="UTF-8"?>
<testsuites name="ProductCart_TestSuite" time="438.376" tests="1" passed="1" failures="0" errors="0" incompleted="0" skipped="0">
   <testsuite name="ProductCart_TestSuite" tests="1" passed="1" failures="0" errors="0" incompleted="0" skipped="0" time="438.376" timestamp="2026-05-29T09:39:49.999Z" hostname="AgungPriyadi - NB-GDA-55026" id="Test Suites/WEB/Product And Cart/ProductCart_TestSuite" status="PASSED">
      <properties>
[...]
</properties>
      <testcase name="Test Cases/WEB/Product and Cart/Ensure user can add - update - remove product to shopping cart" time="438.2" classname="Test Cases/WEB/Product and Cart/Ensure user can add - update - remove product to shopping cart" status="PASSED">
         <system-out><![CDATA[29-05-2026T16:39:50 - [TEST_CASE][PASSED] - Test Cases/WEB/Product and Cart/Ensure user can add - update - remove product to shopping cart: Test Cases/WEB/Product and Cart/Ensure user can add - update - remove product to shopping cart

29-05-2026T16:39:50 - [TEST_STEP][PASSED] - openBrowser(URL): Browser is opened with url: 'https://d-digibox-kh.blubox.id/'

29-05-2026T16:39:51 - [MESSAGE][INFO] - Starting 'Firefox (headless)' driver

29-05-2026T16:39:51 - [MESSAGE][INFO] - Action delay is set to 0 milliseconds

29-05-2026T16:39:58 - [MESSAGE][PASSED] - Browser is opened with url: 'https://d-digibox-kh.blubox.id/'

29-05-2026T16:39:58 - [TEST_STEP][PASSED] - verifyElementVisible(findTestObject("Home Page/header_digibox")): Object 'Object Repository/Home Page/header_digibox' is visible

29-05-2026T16:39:58 - [MESSAGE][PASSED] - Object 'Object Repository/Home Page/header_digibox' is visible

29-05-2026T16:39:58 - [TEST_STEP][PASSED] - click(findTestObject("Registration/icon-acount")): Object: 'Object Repository/Registration/icon-acount' is clicked on

29-05-2026T16:39:59 - [MESSAGE][PASSED] - Object: 'Object Repository/Registration/icon-acount' is clicked on

29-05-2026T16:39:59 - [TEST_STEP][PASSED] - setText(findTestObject("Registration/field-account"), "agungpriyadi"): Text 'agungpriyadi' is set on object 'Object Repository/Registration/field-account'

29-05-2026T16:40:09 - [MESSAGE][WARNING] - Waiting for element timed out

29-05-2026T16:40:09 - [MESSAGE][WARNING] - Waiting for element timed out

29-05-2026T16:40:09 - [MESSAGE][PASSED] - Text 'agungpriyadi' is set on object 'Object Repository/Registration/field-account'

29-05-2026T16:40:09 - [TEST_STEP][PASSED] - setText(findTestObject("Registration/field-Password"), "Laskar123456"): Text 'Laskar123456' is set on object 'Object Repository/Registration/field-Password'

29-05-2026T16:40:10 - [MESSAGE][PASSED] - Text 'Laskar123456' is set on object 'Object Repository/Registration/field-Password'

29-05-2026T16:40:10 - [TEST_STEP][PASSED] - click(findTestObject("Login/btn-sign in")): Object: 'Object Repository/Login/btn-sign in' is clicked on

29-05-2026T16:40:10 - [MESSAGE][PASSED] - Object: 'Object Repository/Login/btn-sign in' is clicked on

29-05-2026T16:40:10 - [TEST_STEP][PASSED] - click(findTestObject("Registration/icon-acount")): Object: 'Object Repository/Registration/icon-acount' is clicked on

29-05-2026T16:40:11 - [MESSAGE][PASSED] - Object: 'Object Repository/Registration/icon-acount' is clicked on

29-05-2026T16:40:11 - [TEST_STEP][PASSED] - verifyElementVisible(findTestObject("Home Page/verify-succes-acount-login")): Object 'Object Repository/Home Page/verify-succes-acount-login' is visible

29-05-2026T16:40:13 - [MESSAGE][PASSED] - Object 'Object Repository/Home Page/verify-succes-acount-login' is visible

29-05-2026T16:40:13 - [TEST_STEP][PASSED] - click(findTestObject("Home Page/Search/icon-search")): Object: 'Object Repository/Home Page/Search/icon-search' is clicked on

29-05-2026T16:40:14 - [MESSAGE][PASSED] - Object: 'Object Repository/Home Page/Search/icon-search' is clicked on

29-05-2026T16:40:14 - [TEST_STEP][PASSED] - setText(findTestObject("Home Page/Search/field-search"), "Iphone 11"): Text 'Iphone 11' is set on object 'Object Repository/Home Page/Search/field-search'

29-05-2026T16:40:14 - [MESSAGE][PASSED] - Text 'Iphone 11' is set on object 'Object Repository/Home Page/Search/field-search'

29-05-2026T16:40:14 - [TEST_STEP][PASSED] - sendKeys(findTestObject("Home Page/Search/field-search"), Keys.chord(ENTER)): Keys 'ENTER + ' sent to object: 'Object Repository/Home Page/Search/field-search'

29-05-2026T16:40:15 - [MESSAGE][PASSED] - Keys 'ENTER + ' sent to object: 'Object Repository/Home Page/Search/field-search'

29-05-2026T16:40:15 - [TEST_STEP][PASSED] - custom.ProductHelper.addAnyAvailableProduct(): custom.ProductHelper.addAnyAvailableProduct is PASSED

29-05-2026T16:40:18 - [MESSAGE][PASSED] - Object 'Object Repository/Home Page/Search/list_product' is visible

29-05-2026T16:40:18 - [MESSAGE][INFO] - Total product found : 100

29-05-2026T16:40:18 - [MESSAGE][INFO] - Checking product index : 1

29-05-2026T16:40:18 - [MESSAGE][PASSED] - Object '' is clickable

29-05-2026T16:40:19 - [MESSAGE][PASSED] - Scroll to object '' successfully

29-05-2026T16:40:19 - [MESSAGE][PASSED] - Object: '' is clicked on

29-05-2026T16:40:19 - [MESSAGE][PASSED] - Wait for page load successfully

29-05-2026T16:40:29 - [MESSAGE][WARNING] - Web element with id: 'Object Repository/Product and Cart/Add to cart/button_Add to Cart' located by 'By.xpath: //button[contains(@class,'add-to-cart')]' not found (Root cause: com.kms.katalon.core.exception.StepFailedException: Web element with id: 'Object Repository/Product and Cart/Add to cart/button_Add to Cart' located by 'By.xpath: //button[contains(@class,'add-to-cart')]' not found
	at com.kms.katalon.core.webui.keyword.internal.WebUIKeywordMain.stepFailed(WebUIKeywordMain.groovy:177)
	at com.kms.katalon.core.webui.keyword.builtin.VerifyElementVisibleKeyword$_verifyElementVisible_closure1.doCall(VerifyElementVisibleKeyword.groovy:64)
	at java.base/jdk.internal.reflect.DirectMethodHandleAccessor.invoke(DirectMethodHandleAccessor.java:103)
	at jdk.proxy2/jdk.proxy2.$Proxy57.execute(Unknown Source)
	at com.kms.katalon.core.webui.model.SeleniumActionRetryController.performAction(SeleniumActionRetryController.java:96)
	at com.kms.katalon.core.webui.model.SeleniumActionRetryController.performAction(SeleniumActionRetryController.java:83)
	at com.kms.katalon.core.webui.keyword.internal.WebUIKeywordMain$_runKeywordUntilTimeout_closure1.doCall(WebUIKeywordMain.groovy:135)
	at com.kms.katalon.core.webui.keyword.internal.WebUIKeywordMain$_runKeywordUntilTimeout_closure1.call(WebUIKeywordMain.groovy)
	at com.kms.katalon.core.webui.keyword.internal.WebUIKeywordMain.runKeyword(WebUIKeywordMain.groovy:41)
	at com.kms.katalon.core.webui.keyword.internal.WebUIKeywordMain.runKeywordUntilTimeout(WebUIKeywordMain.groovy:133)
	at com.kms.katalon.core.webui.keyword.builtin.VerifyElementVisibleKeyword.verifyElementVisible(VerifyElementVisibleKeyword.groovy:72)
	at com.kms.katalon.core.webui.keyword.builtin.VerifyElementVisibleKeyword.execute(VerifyElementVisibleKeyword.groovy:37)
	at com.kms.katalon.core.keyword.internal.KeywordExecutor.executeKeywordForPlatform(KeywordExecutor.groovy:99)
	at com.kms.katalon.core.webui.keyword.WebUiBuiltInKeywords.verifyElementVisible(WebUiBuiltInKeywords.groovy:439)
	at custom.ProductHelper.addAnyAvailableProduct(ProductHelper.groovy:70)
	at java.base/jdk.internal.reflect.DirectMethodHandleAccessor.invoke(DirectMethodHandleAccessor.java:103)
	at com.kms.katalon.core.main.CustomKeywordDelegatingMetaClass.invokeStaticMethod(CustomKeywordDelegatingMetaClass.java:55)
	at Ensure user can add - update - remove product to shopping cart.run(Ensure user can add - update - remove product to shopping cart:45)
	at com.kms.katalon.core.main.ScriptEngine.run(ScriptEngine.java:203)
	at com.kms.katalon.core.main.ScriptEngine.runScriptAsRawText(ScriptEngine.java:115)
	at com.kms.katalon.core.main.TestCaseExecutor.runScript(TestCaseExecutor.java:504)
	at com.kms.katalon.core.main.TestCaseExecutor.doExecute(TestCaseExecutor.java:495)
	at com.kms.katalon.core.main.TestCaseExecutor.processExecutionPhase(TestCaseExecutor.java:474)
	at com.kms.katalon.core.main.TestCaseExecutor.accessMainPhase(TestCaseExecutor.java:466)
	at com.kms.katalon.core.main.TestCaseExecutor.execute(TestCaseExecutor.java:336)
	at com.kms.katalon.core.common.CommonExecutor.accessTestCaseMainPhase(CommonExecutor.java:71)
	at com.kms.katalon.core.main.TestSuiteExecutor.accessTestSuiteMainPhase(TestSuiteExecutor.java:153)
	at com.kms.katalon.core.main.TestSuiteExecutor.execute(TestSuiteExecutor.java:110)
	at com.kms.katalon.core.main.TestCaseMain.startTestSuite(TestCaseMain.java:206)
	at S0529_54.run(S0529_54.groovy:40)
	at java.base/jdk.internal.reflect.DirectMethodHandleAccessor.invoke(DirectMethodHandleAccessor.java:103)
)

29-05-2026T16:40:29 - [MESSAGE][INFO] - Product sold out

29-05-2026T16:40:29 - [MESSAGE][PASSED] - Navigate back successfully

29-05-2026T16:40:29 - [MESSAGE][PASSED] - Wait for page load successfully

29-05-2026T16:40:31 - [MESSAGE][PASSED] - Object 'Object Repository/Home Page/Search/list_product' is visible

29-05-2026T16:40:31 - [MESSAGE][INFO] - Checking product index : 2

29-05-2026T16:40:32 - [MESSAGE][PASSED] - Object '' is clickable

29-05-2026T16:40:32 - [MESSAGE][PASSED] - Scroll to object '' successfully

29-05-2026T16:40:32 - [MESSAGE][PASSED] - Object: '' is clicked on

29-05-2026T16:40:32 - [MESSAGE][PASSED] - Wait for page load successfully

29-05-2026T16:40:42 - [MESSAGE][WARNING] - Web element with id: 'Object Repository/Product and Cart/Add to cart/button_Add to Cart' located by 'By.xpath: //button[contains(@class,'add-to-cart')]' not found (Root cause: com.kms.katalon.core.exception.StepFailedException: Web element with id: 'Object Repository/Product and Cart/Add to cart/button_Add to Cart' located by 'By.xpath: //button[contains(@class,'add-to-cart')]' not found
	at com.kms.katalon.core.webui.keyword.internal.WebUIKeywordMain.stepFailed(WebUIKeywordMain.groovy:177)
	at com.kms.katalon.core.webui.keyword.builtin.VerifyElementVisibleKeyword$_verifyElementVisible_closure1.doCall(VerifyElementVisibleKeyword.groovy:64)
	at java.base/jdk.internal.reflect.DirectMethodHandleAccessor.invoke(DirectMethodHandleAccessor.java:103)
	at jdk.proxy2/jdk.proxy2.$Proxy57.execute(Unknown Source)
	at com.kms.katalon.core.webui.model.SeleniumActionRetryController.performAction(SeleniumActionRetryController.java:96)
	at com.kms.katalon.core.webui.model.SeleniumActionRetryController.performAction(SeleniumActionRetryController.java:83)
	at com.kms.katalon.core.webui.keyword.internal.WebUIKeywordMain$_runKeywordUntilTimeout_closure1.doCall(WebUIKeywordMain.groovy:135)
	at com.kms.katalon.core.webui.keyword.internal.WebUIKeywordMain$_runKeywordUntilTimeout_closure1.call(WebUIKeywordMain.groovy)
	at com.kms.katalon.core.webui.keyword.internal.WebUIKeywordMain.runKeyword(WebUIKeywordMain.groovy:41)
	at com.kms.katalon.core.webui.keyword.internal.WebUIKeywordMain.runKeywordUntilTimeout(WebUIKeywordMain.groovy:133)
	at com.kms.katalon.core.webui.keyword.builtin.VerifyElementVisibleKeyword.verifyElementVisible(VerifyElementVisibleKeyword.groovy:72)
	at com.kms.katalon.core.webui.keyword.builtin.VerifyElementVisibleKeyword.execute(VerifyElementVisibleKeyword.groovy:37)
	at com.kms.katalon.core.keyword.internal.KeywordExecutor.executeKeywordForPlatform(KeywordExecutor.groovy:99)
	at com.kms.katalon.core.webui.keyword.WebUiBuiltInKeywords.verifyElementVisible(WebUiBuiltInKeywords.groovy:439)
	at custom.ProductHelper.addAnyAvailableProduct(ProductHelper.groovy:70)
	at java.base/jdk.internal.reflect.DirectMethodHandleAccessor.invoke(DirectMethodHandleAccessor.java:103)
	at com.kms.katalon.core.main.CustomKeywordDelegatingMetaClass.invokeStaticMethod(CustomKeywordDelegatingMetaClass.java:55)
	at Ensure user can add - update - remove product to shopping cart.run(Ensure user can add - update - remove product to shopping cart:45)
	at com.kms.katalon.core.main.ScriptEngine.run(ScriptEngine.java:203)
	at com.kms.katalon.core.main.ScriptEngine.runScriptAsRawText(ScriptEngine.java:115)
	at com.kms.katalon.core.main.TestCaseExecutor.runScript(TestCaseExecutor.java:504)
	at com.kms.katalon.core.main.TestCaseExecutor.doExecute(TestCaseExecutor.java:495)
	at com.kms.katalon.core.main.TestCaseExecutor.processExecutionPhase(TestCaseExecutor.java:474)
	at com.kms.katalon.core.main.TestCaseExecutor.accessMainPhase(TestCaseExecutor.java:466)
	at com.kms.katalon.core.main.TestCaseExecutor.execute(TestCaseExecutor.java:336)
	at com.kms.katalon.core.common.CommonExecutor.accessTestCaseMainPhase(CommonExecutor.java:71)
	at com.kms.katalon.core.main.TestSuiteExecutor.accessTestSuiteMainPhase(TestSuiteExecutor.java:153)
	at com.kms.katalon.core.main.TestSuiteExecutor.execute(TestSuiteExecutor.java:110)
	at com.kms.katalon.core.main.TestCaseMain.startTestSuite(TestCaseMain.java:206)
	at S0529_54.run(S0529_54.groovy:40)
	at java.base/jdk.internal.reflect.DirectMethodHandleAccessor.invoke(DirectMethodHandleAccessor.java:103)
)

29-05-2026T16:40:42 - [MESSAGE][INFO] - Product sold out

29-05-2026T16:40:42 - [MESSAGE][PASSED] - Navigate back successfully

29-05-2026T16:40:42 - [MESSAGE][PASSED] - Wait for page load successfully

29-05-2026T16:40:45 - [MESSAGE][PASSED] - Object 'Object Repository/Home Page/Search/list_product' is visible

29-05-2026T16:40:45 - [MESSAGE][INFO] - Checking product index : 3

29-05-2026T16:40:45 - [MESSAGE][PASSED] - Object '' is clickable

29-05-2026T16:40:45 - [MESSAGE][PASSED] - Scroll to object '' successfully

29-05-2026T16:40:46 - [MESSAGE][PASSED] - Object: '' is clicked on

29-05-2026T16:40:46 - [MESSAGE][PASSED] - Wait for page load successfully

29-05-2026T16:40:56 - [MESSAGE][WARNING] - Web element with id: 'Object Repository/Product and Cart/Add to cart/button_Add to Cart' located by 'By.xpath: //button[contains(@class,'add-to-cart')]' not found (Root cause: com.kms.katalon.core.exception.StepFailedException: Web element with id: 'Object Repository/Product and Cart/Add to cart/button_Add to Cart' located by 'By.xpath: //button[contains(@class,'add-to-cart')]' not found
	at com.kms.katalon.core.webui.keyword.internal.WebUIKeywordMain.stepFailed(WebUIKeywordMain.groovy:177)
	at com.kms.katalon.core.webui.keyword.builtin.VerifyElementVisibleKeyword$_verifyElementVisible_closure1.doCall(VerifyElementVisibleKeyword.groovy:64)
	at java.base/jdk.internal.reflect.DirectMethodHandleAccessor.invoke(DirectMethodHandleAccessor.java:103)
	at jdk.proxy2/jdk.proxy2.$Proxy57.execute(Unknown Source)
	at com.kms.katalon.core.webui.model.SeleniumActionRetryController.performAction(SeleniumActionRetryController.java:96)
	at com.kms.katalon.core.webui.model.SeleniumActionRetryController.performAction(SeleniumActionRetryController.java:83)
	at com.kms.katalon.core.webui.keyword.internal.WebUIKeywordMain$_runKeywordUntilTimeout_closure1.doCall(WebUIKeywordMain.groovy:135)
	at com.kms.katalon.core.webui.keyword.internal.WebUIKeywordMain$_runKeywordUntilTimeout_closure1.call(WebUIKeywordMain.groovy)
	at com.kms.katalon.core.webui.keyword.internal.WebUIKeywordMain.runKeyword(WebUIKeywordMain.groovy:41)
	at com.kms.katalon.core.webui.keyword.internal.WebUIKeywordMain.runKeywordUntilTimeout(WebUIKeywordMain.groovy:133)
	at com.kms.katalon.core.webui.keyword.builtin.VerifyElementVisibleKeyword.verifyElementVisible(VerifyElementVisibleKeyword.groovy:72)
	at com.kms.katalon.core.webui.keyword.builtin.VerifyElementVisibleKeyword.execute(VerifyElementVisibleKeyword.groovy:37)
	at com.kms.katalon.core.keyword.internal.KeywordExecutor.executeKeywordForPlatform(KeywordExecutor.groovy:99)
	at com.kms.katalon.core.webui.keyword.WebUiBuiltInKeywords.verifyElementVisible(WebUiBuiltInKeywords.groovy:439)
	at custom.ProductHelper.addAnyAvailableProduct(ProductHelper.groovy:70)
	at java.base/jdk.internal.reflect.DirectMethodHandleAccessor.invoke(DirectMethodHandleAccessor.java:103)
	at com.kms.katalon.core.main.CustomKeywordDelegatingMetaClass.invokeStaticMethod(CustomKeywordDelegatingMetaClass.java:55)
	at Ensure user can add - update - remove product to shopping cart.run(Ensure user can add - update - remove product to shopping cart:45)
	at com.kms.katalon.core.main.ScriptEngine.run(ScriptEngine.java:203)
	at com.kms.katalon.core.main.ScriptEngine.runScriptAsRawText(ScriptEngine.java:115)
	at com.kms.katalon.core.main.TestCaseExecutor.runScript(TestCaseExecutor.java:504)
	at com.kms.katalon.core.main.TestCaseExecutor.doExecute(TestCaseExecutor.java:495)
	at com.kms.katalon.core.main.TestCaseExecutor.processExecutionPhase(TestCaseExecutor.java:474)
	at com.kms.katalon.core.main.TestCaseExecutor.accessMainPhase(TestCaseExecutor.java:466)
	at com.kms.katalon.core.main.TestCaseExecutor.execute(TestCaseExecutor.java:336)
	at com.kms.katalon.core.common.CommonExecutor.accessTestCaseMainPhase(CommonExecutor.java:71)
	at com.kms.katalon.core.main.TestSuiteExecutor.accessTestSuiteMainPhase(TestSuiteExecutor.java:153)
	at com.kms.katalon.core.main.TestSuiteExecutor.execute(TestSuiteExecutor.java:110)
	at com.kms.katalon.core.main.TestCaseMain.startTestSuite(TestCaseMain.java:206)
	at S0529_54.run(S0529_54.groovy:40)
	at java.base/jdk.internal.reflect.DirectMethodHandleAccessor.invoke(DirectMethodHandleAccessor.java:103)
)

29-05-2026T16:40:56 - [MESSAGE][INFO] - Product sold out

29-05-2026T16:40:56 - [MESSAGE][PASSED] - Navigate back successfully

29-05-2026T16:40:56 - [MESSAGE][PASSED] - Wait for page load successfully

29-05-2026T16:40:58 - [MESSAGE][PASSED] - Object 'Object Repository/Home Page/Search/list_product' is visible

29-05-2026T16:40:58 - [MESSAGE][INFO] - Checking product index : 4

29-05-2026T16:40:58 - [MESSAGE][PASSED] - Object '' is clickable

29-05-2026T16:40:59 - [MESSAGE][PASSED] - Scroll to object '' successfully

29-05-2026T16:40:59 - [MESSAGE][PASSED] - Object: '' is clicked on

29-05-2026T16:40:59 - [MESSAGE][PASSED] - Wait for page load successfully

29-05-2026T16:41:09 - [MESSAGE][WARNING] - Web element with id: 'Object Repository/Product and Cart/Add to cart/button_Add to Cart' located by 'By.xpath: //button[contains(@class,'add-to-cart')]' not found (Root cause: com.kms.katalon.core.exception.StepFailedException: Web element with id: 'Object Repository/Product and Cart/Add to cart/button_Add to Cart' located by 'By.xpath: //button[contains(@class,'add-to-cart')]' not found
	at com.kms.katalon.core.webui.keyword.internal.WebUIKeywordMain.stepFailed(WebUIKeywordMain.groovy:177)
	at com.kms.katalon.core.webui.keyword.builtin.VerifyElementVisibleKeyword$_verifyElementVisible_closure1.doCall(VerifyElementVisibleKeyword.groovy:64)
	at java.base/jdk.internal.reflect.DirectMethodHandleAccessor.invoke(DirectMethodHandleAccessor.java:103)
	at jdk.proxy2/jdk.proxy2.$Proxy57.execute(Unknown Source)
	at com.kms.katalon.core.webui.model.SeleniumActionRetryController.performAction(SeleniumActionRetryController.java:96)
	at com.kms.katalon.core.webui.model.SeleniumActionRetryController.performAction(SeleniumActionRetryController.java:83)
	at com.kms.katalon.core.webui.keyword.internal.WebUIKeywordMain$_runKeywordUntilTimeout_closure1.doCall(WebUIKeywordMain.groovy:135)
	at com.kms.katalon.core.webui.keyword.internal.WebUIKeywordMain$_runKeywordUntilTimeout_closure1.call(WebUIKeywordMain.groovy)
	at com.kms.katalon.core.webui.keyword.internal.WebUIKeywordMain.runKeyword(WebUIKeywordMain.groovy:41)
	at com.kms.katalon.core.webui.keyword.internal.WebUIKeywordMain.runKeywordUntilTimeout(WebUIKeywordMain.groovy:133)
	at com.kms.katalon.core.webui.keyword.builtin.VerifyElementVisibleKeyword.verifyElementVisible(VerifyElementVisibleKeyword.groovy:72)
	at com.kms.katalon.core.webui.keyword.builtin.VerifyElementVisibleKeyword.execute(VerifyElementVisibleKeyword.groovy:37)
	at com.kms.katalon.core.keyword.internal.KeywordExecutor.executeKeywordForPlatform(KeywordExecutor.groovy:99)
	at com.kms.katalon.core.webui.keyword.WebUiBuiltInKeywords.verifyElementVisible(WebUiBuiltInKeywords.groovy:439)
	at custom.ProductHelper.addAnyAvailableProduct(ProductHelper.groovy:70)
	at java.base/jdk.internal.reflect.DirectMethodHandleAccessor.invoke(DirectMethodHandleAccessor.java:103)
	at com.kms.katalon.core.main.CustomKeywordDelegatingMetaClass.invokeStaticMethod(CustomKeywordDelegatingMetaClass.java:55)
	at Ensure user can add - update - remove product to shopping cart.run(Ensure user can add - update - remove product to shopping cart:45)
	at com.kms.katalon.core.main.ScriptEngine.run(ScriptEngine.java:203)
	at com.kms.katalon.core.main.ScriptEngine.runScriptAsRawText(ScriptEngine.java:115)
	at com.kms.katalon.core.main.TestCaseExecutor.runScript(TestCaseExecutor.java:504)
	at com.kms.katalon.core.main.TestCaseExecutor.doExecute(TestCaseExecutor.java:495)
	at com.kms.katalon.core.main.TestCaseExecutor.processExecutionPhase(TestCaseExecutor.java:474)
	at com.kms.katalon.core.main.TestCaseExecutor.accessMainPhase(TestCaseExecutor.java:466)
	at com.kms.katalon.core.main.TestCaseExecutor.execute(TestCaseExecutor.java:336)
	at com.kms.katalon.core.common.CommonExecutor.accessTestCaseMainPhase(CommonExecutor.java:71)
	at com.kms.katalon.core.main.TestSuiteExecutor.accessTestSuiteMainPhase(TestSuiteExecutor.java:153)
	at com.kms.katalon.core.main.TestSuiteExecutor.execute(TestSuiteExecutor.java:110)
	at com.kms.katalon.core.main.TestCaseMain.startTestSuite(TestCaseMain.java:206)
	at S0529_54.run(S0529_54.groovy:40)
	at java.base/jdk.internal.reflect.DirectMethodHandleAccessor.invoke(DirectMethodHandleAccessor.java:103)
)

29-05-2026T16:41:09 - [MESSAGE][INFO] - Product sold out

29-05-2026T16:41:09 - [MESSAGE][PASSED] - Navigate back successfully

29-05-2026T16:41:09 - [MESSAGE][PASSED] - Wait for page load successfully

29-05-2026T16:41:11 - [MESSAGE][PASSED] - Object 'Object Repository/Home Page/Search/list_product' is visible

29-05-2026T16:41:11 - [MESSAGE][INFO] - Checking product index : 5

29-05-2026T16:41:12 - [MESSAGE][PASSED] - Object '' is clickable

29-05-2026T16:41:12 - [MESSAGE][PASSED] - Scroll to object '' successfully

29-05-2026T16:41:12 - [MESSAGE][PASSED] - Object: '' is clicked on

29-05-2026T16:41:12 - [MESSAGE][PASSED] - Wait for page load successfully

29-05-2026T16:41:22 - [MESSAGE][WARNING] - Web element with id: 'Object Repository/Product and Cart/Add to cart/button_Add to Cart' located by 'By.xpath: //button[contains(@class,'add-to-cart')]' not found (Root cause: com.kms.katalon.core.exception.StepFailedException: Web element with id: 'Object Repository/Product and Cart/Add to cart/button_Add to Cart' located by 'By.xpath: //button[contains(@class,'add-to-cart')]' not found
	at com.kms.katalon.core.webui.keyword.internal.WebUIKeywordMain.stepFailed(WebUIKeywordMain.groovy:177)
	at com.kms.katalon.core.webui.keyword.builtin.VerifyElementVisibleKeyword$_verifyElementVisible_closure1.doCall(VerifyElementVisibleKeyword.groovy:64)
	at java.base/jdk.internal.reflect.DirectMethodHandleAccessor.invoke(DirectMethodHandleAccessor.java:103)
	at jdk.proxy2/jdk.proxy2.$Proxy57.execute(Unknown Source)
	at com.kms.katalon.core.webui.model.SeleniumActionRetryController.performAction(SeleniumActionRetryController.java:96)
	at com.kms.katalon.core.webui.model.SeleniumActionRetryController.performAction(SeleniumActionRetryController.java:83)
	at com.kms.katalon.core.webui.keyword.internal.WebUIKeywordMain$_runKeywordUntilTimeout_closure1.doCall(WebUIKeywordMain.groovy:135)
	at com.kms.katalon.core.webui.keyword.internal.WebUIKeywordMain$_runKeywordUntilTimeout_closure1.call(WebUIKeywordMain.groovy)
	at com.kms.katalon.core.webui.keyword.internal.WebUIKeywordMain.runKeyword(WebUIKeywordMain.groovy:41)
	at com.kms.katalon.core.webui.keyword.internal.WebUIKeywordMain.runKeywordUntilTimeout(WebUIKeywordMain.groovy:133)
	at com.kms.katalon.core.webui.keyword.builtin.VerifyElementVisibleKeyword.verifyElementVisible(VerifyElementVisibleKeyword.groovy:72)
	at com.kms.katalon.core.webui.keyword.builtin.VerifyElementVisibleKeyword.execute(VerifyElementVisibleKeyword.groovy:37)
	at com.kms.katalon.core.keyword.internal.KeywordExecutor.executeKeywordForPlatform(KeywordExecutor.groovy:99)
	at com.kms.katalon.core.webui.keyword.WebUiBuiltInKeywords.verifyElementVisible(WebUiBuiltInKeywords.groovy:439)
	at custom.ProductHelper.addAnyAvailableProduct(ProductHelper.groovy:70)
	at java.base/jdk.internal.reflect.DirectMethodHandleAccessor.invoke(DirectMethodHandleAccessor.java:103)
	at com.kms.katalon.core.main.CustomKeywordDelegatingMetaClass.invokeStaticMethod(CustomKeywordDelegatingMetaClass.java:55)
	at Ensure user can add - update - remove product to shopping cart.run(Ensure user can add - update - remove product to shopping cart:45)
	at com.kms.katalon.core.main.ScriptEngine.run(ScriptEngine.java:203)
	at com.kms.katalon.core.main.ScriptEngine.runScriptAsRawText(ScriptEngine.java:115)
	at com.kms.katalon.core.main.TestCaseExecutor.runScript(TestCaseExecutor.java:504)
	at com.kms.katalon.core.main.TestCaseExecutor.doExecute(TestCaseExecutor.java:495)
	at com.kms.katalon.core.main.TestCaseExecutor.processExecutionPhase(TestCaseExecutor.java:474)
	at com.kms.katalon.core.main.TestCaseExecutor.accessMainPhase(TestCaseExecutor.java:466)
	at com.kms.katalon.core.main.TestCaseExecutor.execute(TestCaseExecutor.java:336)
	at com.kms.katalon.core.common.CommonExecutor.accessTestCaseMainPhase(CommonExecutor.java:71)
	at com.kms.katalon.core.main.TestSuiteExecutor.accessTestSuiteMainPhase(TestSuiteExecutor.java:153)
	at com.kms.katalon.core.main.TestSuiteExecutor.execute(TestSuiteExecutor.java:110)
	at com.kms.katalon.core.main.TestCaseMain.startTestSuite(TestCaseMain.java:206)
	at S0529_54.run(S0529_54.groovy:40)
	at java.base/jdk.internal.reflect.DirectMethodHandleAccessor.invoke(DirectMethodHandleAccessor.java:103)
)

29-05-2026T16:41:22 - [MESSAGE][INFO] - Product sold out

29-05-2026T16:41:22 - [MESSAGE][PASSED] - Navigate back successfully

29-05-2026T16:41:22 - [MESSAGE][PASSED] - Wait for page load successfully

29-05-2026T16:41:25 - [MESSAGE][PASSED] - Object 'Object Repository/Home Page/Search/list_product' is visible

29-05-2026T16:41:25 - [MESSAGE][INFO] - Checking product index : 6

29-05-2026T16:41:25 - [MESSAGE][PASSED] - Object '' is clickable

29-05-2026T16:41:25 - [MESSAGE][PASSED] - Scroll to object '' successfully

29-05-2026T16:41:25 - [MESSAGE][PASSED] - Object: '' is clicked on

29-05-2026T16:41:25 - [MESSAGE][PASSED] - Wait for page load successfully

29-05-2026T16:41:36 - [MESSAGE][WARNING] - Web element with id: 'Object Repository/Product and Cart/Add to cart/button_Add to Cart' located by 'By.xpath: //button[contains(@class,'add-to-cart')]' not found (Root cause: com.kms.katalon.core.exception.StepFailedException: Web element with id: 'Object Repository/Product and Cart/Add to cart/button_Add to Cart' located by 'By.xpath: //button[contains(@class,'add-to-cart')]' not found
	at com.kms.katalon.core.webui.keyword.internal.WebUIKeywordMain.stepFailed(WebUIKeywordMain.groovy:177)
	at com.kms.katalon.core.webui.keyword.builtin.VerifyElementVisibleKeyword$_verifyElementVisible_closure1.doCall(VerifyElementVisibleKeyword.groovy:64)
	at java.base/jdk.internal.reflect.DirectMethodHandleAccessor.invoke(DirectMethodHandleAccessor.java:103)
	at jdk.proxy2/jdk.proxy2.$Proxy57.execute(Unknown Source)
	at com.kms.katalon.core.webui.model.SeleniumActionRetryController.performAction(SeleniumActionRetryController.java:96)
	at com.kms.katalon.core.webui.model.SeleniumActionRetryController.performAction(SeleniumActionRetryController.java:83)
	at com.kms.katalon.core.webui.keyword.internal.WebUIKeywordMain$_runKeywordUntilTimeout_closure1.doCall(WebUIKeywordMain.groovy:135)
	at com.kms.katalon.core.webui.keyword.internal.WebUIKeywordMain$_runKeywordUntilTimeout_closure1.call(WebUIKeywordMain.groovy)
	at com.kms.katalon.core.webui.keyword.internal.WebUIKeywordMain.runKeyword(WebUIKeywordMain.groovy:41)
	at com.kms.katalon.core.webui.keyword.internal.WebUIKeywordMain.runKeywordUntilTimeout(WebUIKeywordMain.groovy:133)
	at com.kms.katalon.core.webui.keyword.builtin.VerifyElementVisibleKeyword.verifyElementVisible(VerifyElementVisibleKeyword.groovy:72)
	at com.kms.katalon.core.webui.keyword.builtin.VerifyElementVisibleKeyword.execute(VerifyElementVisibleKeyword.groovy:37)
	at com.kms.katalon.core.keyword.internal.KeywordExecutor.executeKeywordForPlatform(KeywordExecutor.groovy:99)
	at com.kms.katalon.core.webui.keyword.WebUiBuiltInKeywords.verifyElementVisible(WebUiBuiltInKeywords.groovy:439)
	at custom.ProductHelper.addAnyAvailableProduct(ProductHelper.groovy:70)
	at java.base/jdk.internal.reflect.DirectMethodHandleAccessor.invoke(DirectMethodHandleAccessor.java:103)
	at com.kms.katalon.core.main.CustomKeywordDelegatingMetaClass.invokeStaticMethod(CustomKeywordDelegatingMetaClass.java:55)
	at Ensure user can add - update - remove product to shopping cart.run(Ensure user can add - update - remove product to shopping cart:45)
	at com.kms.katalon.core.main.ScriptEngine.run(ScriptEngine.java:203)
	at com.kms.katalon.core.main.ScriptEngine.runScriptAsRawText(ScriptEngine.java:115)
	at com.kms.katalon.core.main.TestCaseExecutor.runScript(TestCaseExecutor.java:504)
	at com.kms.katalon.core.main.TestCaseExecutor.doExecute(TestCaseExecutor.java:495)
	at com.kms.katalon.core.main.TestCaseExecutor.processExecutionPhase(TestCaseExecutor.java:474)
	at com.kms.katalon.core.main.TestCaseExecutor.accessMainPhase(TestCaseExecutor.java:466)
	at com.kms.katalon.core.main.TestCaseExecutor.execute(TestCaseExecutor.java:336)
	at com.kms.katalon.core.common.CommonExecutor.accessTestCaseMainPhase(CommonExecutor.java:71)
	at com.kms.katalon.core.main.TestSuiteExecutor.accessTestSuiteMainPhase(TestSuiteExecutor.java:153)
	at com.kms.katalon.core.main.TestSuiteExecutor.execute(TestSuiteExecutor.java:110)
	at com.kms.katalon.core.main.TestCaseMain.startTestSuite(TestCaseMain.java:206)
	at S0529_54.run(S0529_54.groovy:40)
	at java.base/jdk.internal.reflect.DirectMethodHandleAccessor.invoke(DirectMethodHandleAccessor.java:103)
)

29-05-2026T16:41:36 - [MESSAGE][INFO] - Product sold out

29-05-2026T16:41:36 - [MESSAGE][PASSED] - Navigate back successfully

29-05-2026T16:41:36 - [MESSAGE][PASSED] - Wait for page load successfully

29-05-2026T16:41:38 - [MESSAGE][PASSED] - Object 'Object Repository/Home Page/Search/list_product' is visible

29-05-2026T16:41:38 - [MESSAGE][INFO] - Checking product index : 7

29-05-2026T16:41:38 - [MESSAGE][PASSED] - Object '' is clickable

29-05-2026T16:41:38 - [MESSAGE][PASSED] - Scroll to object '' successfully

29-05-2026T16:41:41 - [MESSAGE][PASSED] - Object: '' is clicked on

29-05-2026T16:41:41 - [MESSAGE][PASSED] - Wait for page load successfully

29-05-2026T16:41:51 - [MESSAGE][WARNING] - Web element with id: 'Object Repository/Product and Cart/Add to cart/button_Add to Cart' located by 'By.xpath: //button[contains(@class,'add-to-cart')]' not found (Root cause: com.kms.katalon.core.exception.StepFailedException: Web element with id: 'Object Repository/Product and Cart/Add to cart/button_Add to Cart' located by 'By.xpath: //button[contains(@class,'add-to-cart')]' not found
	at com.kms.katalon.core.webui.keyword.internal.WebUIKeywordMain.stepFailed(WebUIKeywordMain.groovy:177)
	at com.kms.katalon.core.webui.keyword.builtin.VerifyElementVisibleKeyword$_verifyElementVisible_closure1.doCall(VerifyElementVisibleKeyword.groovy:64)
	at java.base/jdk.internal.reflect.DirectMethodHandleAccessor.invoke(DirectMethodHandleAccessor.java:103)
	at jdk.proxy2/jdk.proxy2.$Proxy57.execute(Unknown Source)
	at com.kms.katalon.core.webui.model.SeleniumActionRetryController.performAction(SeleniumActionRetryController.java:96)
	at com.kms.katalon.core.webui.model.SeleniumActionRetryController.performAction(SeleniumActionRetryController.java:83)
	at com.kms.katalon.core.webui.keyword.internal.WebUIKeywordMain$_runKeywordUntilTimeout_closure1.doCall(WebUIKeywordMain.groovy:135)
	at com.kms.katalon.core.webui.keyword.internal.WebUIKeywordMain$_runKeywordUntilTimeout_closure1.call(WebUIKeywordMain.groovy)
	at com.kms.katalon.core.webui.keyword.internal.WebUIKeywordMain.runKeyword(WebUIKeywordMain.groovy:41)
	at com.kms.katalon.core.webui.keyword.internal.WebUIKeywordMain.runKeywordUntilTimeout(WebUIKeywordMain.groovy:133)
	at com.kms.katalon.core.webui.keyword.builtin.VerifyElementVisibleKeyword.verifyElementVisible(VerifyElementVisibleKeyword.groovy:72)
	at com.kms.katalon.core.webui.keyword.builtin.VerifyElementVisibleKeyword.execute(VerifyElementVisibleKeyword.groovy:37)
	at com.kms.katalon.core.keyword.internal.KeywordExecutor.executeKeywordForPlatform(KeywordExecutor.groovy:99)
	at com.kms.katalon.core.webui.keyword.WebUiBuiltInKeywords.verifyElementVisible(WebUiBuiltInKeywords.groovy:439)
	at custom.ProductHelper.addAnyAvailableProduct(ProductHelper.groovy:70)
	at java.base/jdk.internal.reflect.DirectMethodHandleAccessor.invoke(DirectMethodHandleAccessor.java:103)
	at com.kms.katalon.core.main.CustomKeywordDelegatingMetaClass.invokeStaticMethod(CustomKeywordDelegatingMetaClass.java:55)
	at Ensure user can add - update - remove product to shopping cart.run(Ensure user can add - update - remove product to shopping cart:45)
	at com.kms.katalon.core.main.ScriptEngine.run(ScriptEngine.java:203)
	at com.kms.katalon.core.main.ScriptEngine.runScriptAsRawText(ScriptEngine.java:115)
	at com.kms.katalon.core.main.TestCaseExecutor.runScript(TestCaseExecutor.java:504)
	at com.kms.katalon.core.main.TestCaseExecutor.doExecute(TestCaseExecutor.java:495)
	at com.kms.katalon.core.main.TestCaseExecutor.processExecutionPhase(TestCaseExecutor.java:474)
	at com.kms.katalon.core.main.TestCaseExecutor.accessMainPhase(TestCaseExecutor.java:466)
	at com.kms.katalon.core.main.TestCaseExecutor.execute(TestCaseExecutor.java:336)
	at com.kms.katalon.core.common.CommonExecutor.accessTestCaseMainPhase(CommonExecutor.java:71)
	at com.kms.katalon.core.main.TestSuiteExecutor.accessTestSuiteMainPhase(TestSuiteExecutor.java:153)
	at com.kms.katalon.core.main.TestSuiteExecutor.execute(TestSuiteExecutor.java:110)
	at com.kms.katalon.core.main.TestCaseMain.startTestSuite(TestCaseMain.java:206)
	at S0529_54.run(S0529_54.groovy:40)
	at java.base/jdk.internal.reflect.DirectMethodHandleAccessor.invoke(DirectMethodHandleAccessor.java:103)
)

29-05-2026T16:41:51 - [MESSAGE][INFO] - Product sold out

29-05-2026T16:41:51 - [MESSAGE][PASSED] - Navigate back successfully

29-05-2026T16:41:51 - [MESSAGE][PASSED] - Wait for page load successfully

29-05-2026T16:41:53 - [MESSAGE][PASSED] - Object 'Object Repository/Home Page/Search/list_product' is visible

29-05-2026T16:41:53 - [MESSAGE][INFO] - Checking product index : 8

29-05-2026T16:41:54 - [MESSAGE][PASSED] - Object '' is clickable

29-05-2026T16:41:54 - [MESSAGE][PASSED] - Scroll to object '' successfully

29-05-2026T16:41:54 - [MESSAGE][PASSED] - Object: '' is clicked on

29-05-2026T16:41:54 - [MESSAGE][PASSED] - Wait for page load successfully

29-05-2026T16:42:04 - [MESSAGE][WARNING] - Web element with id: 'Object Repository/Product and Cart/Add to cart/button_Add to Cart' located by 'By.xpath: //button[contains(@class,'add-to-cart')]' not found (Root cause: com.kms.katalon.core.exception.StepFailedException: Web element with id: 'Object Repository/Product and Cart/Add to cart/button_Add to Cart' located by 'By.xpath: //button[contains(@class,'add-to-cart')]' not found
	at com.kms.katalon.core.webui.keyword.internal.WebUIKeywordMain.stepFailed(WebUIKeywordMain.groovy:177)
	at com.kms.katalon.core.webui.keyword.builtin.VerifyElementVisibleKeyword$_verifyElementVisible_closure1.doCall(VerifyElementVisibleKeyword.groovy:64)
	at java.base/jdk.internal.reflect.DirectMethodHandleAccessor.invoke(DirectMethodHandleAccessor.java:103)
	at jdk.proxy2/jdk.proxy2.$Proxy57.execute(Unknown Source)
	at com.kms.katalon.core.webui.model.SeleniumActionRetryController.performAction(SeleniumActionRetryController.java:96)
	at com.kms.katalon.core.webui.model.SeleniumActionRetryController.performAction(SeleniumActionRetryController.java:83)
	at com.kms.katalon.core.webui.keyword.internal.WebUIKeywordMain$_runKeywordUntilTimeout_closure1.doCall(WebUIKeywordMain.groovy:135)
	at com.kms.katalon.core.webui.keyword.internal.WebUIKeywordMain$_runKeywordUntilTimeout_closure1.call(WebUIKeywordMain.groovy)
	at com.kms.katalon.core.webui.keyword.internal.WebUIKeywordMain.runKeyword(WebUIKeywordMain.groovy:41)
	at com.kms.katalon.core.webui.keyword.internal.WebUIKeywordMain.runKeywordUntilTimeout(WebUIKeywordMain.groovy:133)
	at com.kms.katalon.core.webui.keyword.builtin.VerifyElementVisibleKeyword.verifyElementVisible(VerifyElementVisibleKeyword.groovy:72)
	at com.kms.katalon.core.webui.keyword.builtin.VerifyElementVisibleKeyword.execute(VerifyElementVisibleKeyword.groovy:37)
	at com.kms.katalon.core.keyword.internal.KeywordExecutor.executeKeywordForPlatform(KeywordExecutor.groovy:99)
	at com.kms.katalon.core.webui.keyword.WebUiBuiltInKeywords.verifyElementVisible(WebUiBuiltInKeywords.groovy:439)
	at custom.ProductHelper.addAnyAvailableProduct(ProductHelper.groovy:70)
	at java.base/jdk.internal.reflect.DirectMethodHandleAccessor.invoke(DirectMethodHandleAccessor.java:103)
	at com.kms.katalon.core.main.CustomKeywordDelegatingMetaClass.invokeStaticMethod(CustomKeywordDelegatingMetaClass.java:55)
	at Ensure user can add - update - remove product to shopping cart.run(Ensure user can add - update - remove product to shopping cart:45)
	at com.kms.katalon.core.main.ScriptEngine.run(ScriptEngine.java:203)
	at com.kms.katalon.core.main.ScriptEngine.runScriptAsRawText(ScriptEngine.java:115)
	at com.kms.katalon.core.main.TestCaseExecutor.runScript(TestCaseExecutor.java:504)
	at com.kms.katalon.core.main.TestCaseExecutor.doExecute(TestCaseExecutor.java:495)
	at com.kms.katalon.core.main.TestCaseExecutor.processExecutionPhase(TestCaseExecutor.java:474)
	at com.kms.katalon.core.main.TestCaseExecutor.accessMainPhase(TestCaseExecutor.java:466)
	at com.kms.katalon.core.main.TestCaseExecutor.execute(TestCaseExecutor.java:336)
	at com.kms.katalon.core.common.CommonExecutor.accessTestCaseMainPhase(CommonExecutor.java:71)
	at com.kms.katalon.core.main.TestSuiteExecutor.accessTestSuiteMainPhase(TestSuiteExecutor.java:153)
	at com.kms.katalon.core.main.TestSuiteExecutor.execute(TestSuiteExecutor.java:110)
	at com.kms.katalon.core.main.TestCaseMain.startTestSuite(TestCaseMain.java:206)
	at S0529_54.run(S0529_54.groovy:40)
	at java.base/jdk.internal.reflect.DirectMethodHandleAccessor.invoke(DirectMethodHandleAccessor.java:103)
)

29-05-2026T16:42:04 - [MESSAGE][INFO] - Product sold out

29-05-2026T16:42:04 - [MESSAGE][PASSED] - Navigate back successfully

29-05-2026T16:42:04 - [MESSAGE][PASSED] - Wait for page load successfully

29-05-2026T16:42:07 - [MESSAGE][PASSED] - Object 'Object Repository/Home Page/Search/list_product' is visible

29-05-2026T16:42:07 - [MESSAGE][INFO] - Checking product index : 9

29-05-2026T16:42:07 - [MESSAGE][PASSED] - Object '' is clickable

29-05-2026T16:42:07 - [MESSAGE][PASSED] - Scroll to object '' successfully

29-05-2026T16:42:07 - [MESSAGE][PASSED] - Object: '' is clicked on

29-05-2026T16:42:07 - [MESSAGE][PASSED] - Wait for page load successfully

29-05-2026T16:42:17 - [MESSAGE][WARNING] - Web element with id: 'Object Repository/Product and Cart/Add to cart/button_Add to Cart' located by 'By.xpath: //button[contains(@class,'add-to-cart')]' not found (Root cause: com.kms.katalon.core.exception.StepFailedException: Web element with id: 'Object Repository/Product and Cart/Add to cart/button_Add to Cart' located by 'By.xpath: //button[contains(@class,'add-to-cart')]' not found
	at com.kms.katalon.core.webui.keyword.internal.WebUIKeywordMain.stepFailed(WebUIKeywordMain.groovy:177)
	at com.kms.katalon.core.webui.keyword.builtin.VerifyElementVisibleKeyword$_verifyElementVisible_closure1.doCall(VerifyElementVisibleKeyword.groovy:64)
	at java.base/jdk.internal.reflect.DirectMethodHandleAccessor.invoke(DirectMethodHandleAccessor.java:103)
	at jdk.proxy2/jdk.proxy2.$Proxy57.execute(Unknown Source)
	at com.kms.katalon.core.webui.model.SeleniumActionRetryController.performAction(SeleniumActionRetryController.java:96)
	at com.kms.katalon.core.webui.model.SeleniumActionRetryController.performAction(SeleniumActionRetryController.java:83)
	at com.kms.katalon.core.webui.keyword.internal.WebUIKeywordMain$_runKeywordUntilTimeout_closure1.doCall(WebUIKeywordMain.groovy:135)
	at com.kms.katalon.core.webui.keyword.internal.WebUIKeywordMain$_runKeywordUntilTimeout_closure1.call(WebUIKeywordMain.groovy)
	at com.kms.katalon.core.webui.keyword.internal.WebUIKeywordMain.runKeyword(WebUIKeywordMain.groovy:41)
	at com.kms.katalon.core.webui.keyword.internal.WebUIKeywordMain.runKeywordUntilTimeout(WebUIKeywordMain.groovy:133)
	at com.kms.katalon.core.webui.keyword.builtin.VerifyElementVisibleKeyword.verifyElementVisible(VerifyElementVisibleKeyword.groovy:72)
	at com.kms.katalon.core.webui.keyword.builtin.VerifyElementVisibleKeyword.execute(VerifyElementVisibleKeyword.groovy:37)
	at com.kms.katalon.core.keyword.internal.KeywordExecutor.executeKeywordForPlatform(KeywordExecutor.groovy:99)
	at com.kms.katalon.core.webui.keyword.WebUiBuiltInKeywords.verifyElementVisible(WebUiBuiltInKeywords.groovy:439)
	at custom.ProductHelper.addAnyAvailableProduct(ProductHelper.groovy:70)
	at java.base/jdk.internal.reflect.DirectMethodHandleAccessor.invoke(DirectMethodHandleAccessor.java:103)
	at com.kms.katalon.core.main.CustomKeywordDelegatingMetaClass.invokeStaticMethod(CustomKeywordDelegatingMetaClass.java:55)
	at Ensure user can add - update - remove product to shopping cart.run(Ensure user can add - update - remove product to shopping cart:45)
	at com.kms.katalon.core.main.ScriptEngine.run(ScriptEngine.java:203)
	at com.kms.katalon.core.main.ScriptEngine.runScriptAsRawText(ScriptEngine.java:115)
	at com.kms.katalon.core.main.TestCaseExecutor.runScript(TestCaseExecutor.java:504)
	at com.kms.katalon.core.main.TestCaseExecutor.doExecute(TestCaseExecutor.java:495)
	at com.kms.katalon.core.main.TestCaseExecutor.processExecutionPhase(TestCaseExecutor.java:474)
	at com.kms.katalon.core.main.TestCaseExecutor.accessMainPhase(TestCaseExecutor.java:466)
	at com.kms.katalon.core.main.TestCaseExecutor.execute(TestCaseExecutor.java:336)
	at com.kms.katalon.core.common.CommonExecutor.accessTestCaseMainPhase(CommonExecutor.java:71)
	at com.kms.katalon.core.main.TestSuiteExecutor.accessTestSuiteMainPhase(TestSuiteExecutor.java:153)
	at com.kms.katalon.core.main.TestSuiteExecutor.execute(TestSuiteExecutor.java:110)
	at com.kms.katalon.core.main.TestCaseMain.startTestSuite(TestCaseMain.java:206)
	at S0529_54.run(S0529_54.groovy:40)
	at java.base/jdk.internal.reflect.DirectMethodHandleAccessor.invoke(DirectMethodHandleAccessor.java:103)
)

29-05-2026T16:42:18 - [MESSAGE][INFO] - Product sold out

29-05-2026T16:42:18 - [MESSAGE][PASSED] - Navigate back successfully

29-05-2026T16:42:18 - [MESSAGE][PASSED] - Wait for page load successfully

29-05-2026T16:42:20 - [MESSAGE][PASSED] - Object 'Object Repository/Home Page/Search/list_product' is visible

29-05-2026T16:42:20 - [MESSAGE][INFO] - Checking product index : 10

29-05-2026T16:42:20 - [MESSAGE][PASSED] - Object '' is clickable

29-05-2026T16:42:20 - [MESSAGE][PASSED] - Scroll to object '' successfully

29-05-2026T16:42:21 - [MESSAGE][PASSED] - Object: '' is clicked on

29-05-2026T16:42:21 - [MESSAGE][PASSED] - Wait for page load successfully

29-05-2026T16:42:31 - [MESSAGE][WARNING] - Web element with id: 'Object Repository/Product and Cart/Add to cart/button_Add to Cart' located by 'By.xpath: //button[contains(@class,'add-to-cart')]' not found (Root cause: com.kms.katalon.core.exception.StepFailedException: Web element with id: 'Object Repository/Product and Cart/Add to cart/button_Add to Cart' located by 'By.xpath: //button[contains(@class,'add-to-cart')]' not found
	at com.kms.katalon.core.webui.keyword.internal.WebUIKeywordMain.stepFailed(WebUIKeywordMain.groovy:177)
	at com.kms.katalon.core.webui.keyword.builtin.VerifyElementVisibleKeyword$_verifyElementVisible_closure1.doCall(VerifyElementVisibleKeyword.groovy:64)
	at java.base/jdk.internal.reflect.DirectMethodHandleAccessor.invoke(DirectMethodHandleAccessor.java:103)
	at jdk.proxy2/jdk.proxy2.$Proxy57.execute(Unknown Source)
	at com.kms.katalon.core.webui.model.SeleniumActionRetryController.performAction(SeleniumActionRetryController.java:96)
	at com.kms.katalon.core.webui.model.SeleniumActionRetryController.performAction(SeleniumActionRetryController.java:83)
	at com.kms.katalon.core.webui.keyword.internal.WebUIKeywordMain$_runKeywordUntilTimeout_closure1.doCall(WebUIKeywordMain.groovy:135)
	at com.kms.katalon.core.webui.keyword.internal.WebUIKeywordMain$_runKeywordUntilTimeout_closure1.call(WebUIKeywordMain.groovy)
	at com.kms.katalon.core.webui.keyword.internal.WebUIKeywordMain.runKeyword(WebUIKeywordMain.groovy:41)
	at com.kms.katalon.core.webui.keyword.internal.WebUIKeywordMain.runKeywordUntilTimeout(WebUIKeywordMain.groovy:133)
	at com.kms.katalon.core.webui.keyword.builtin.VerifyElementVisibleKeyword.verifyElementVisible(VerifyElementVisibleKeyword.groovy:72)
	at com.kms.katalon.core.webui.keyword.builtin.VerifyElementVisibleKeyword.execute(VerifyElementVisibleKeyword.groovy:37)
	at com.kms.katalon.core.keyword.internal.KeywordExecutor.executeKeywordForPlatform(KeywordExecutor.groovy:99)
	at com.kms.katalon.core.webui.keyword.WebUiBuiltInKeywords.verifyElementVisible(WebUiBuiltInKeywords.groovy:439)
	at custom.ProductHelper.addAnyAvailableProduct(ProductHelper.groovy:70)
	at java.base/jdk.internal.reflect.DirectMethodHandleAccessor.invoke(DirectMethodHandleAccessor.java:103)
	at com.kms.katalon.core.main.CustomKeywordDelegatingMetaClass.invokeStaticMethod(CustomKeywordDelegatingMetaClass.java:55)
	at Ensure user can add - update - remove product to shopping cart.run(Ensure user can add - update - remove product to shopping cart:45)
	at com.kms.katalon.core.main.ScriptEngine.run(ScriptEngine.java:203)
	at com.kms.katalon.core.main.ScriptEngine.runScriptAsRawText(ScriptEngine.java:115)
	at com.kms.katalon.core.main.TestCaseExecutor.runScript(TestCaseExecutor.java:504)
	at com.kms.katalon.core.main.TestCaseExecutor.doExecute(TestCaseExecutor.java:495)
	at com.kms.katalon.core.main.TestCaseExecutor.processExecutionPhase(TestCaseExecutor.java:474)
	at com.kms.katalon.core.main.TestCaseExecutor.accessMainPhase(TestCaseExecutor.java:466)
	at com.kms.katalon.core.main.TestCaseExecutor.execute(TestCaseExecutor.java:336)
	at com.kms.katalon.core.common.CommonExecutor.accessTestCaseMainPhase(CommonExecutor.java:71)
	at com.kms.katalon.core.main.TestSuiteExecutor.accessTestSuiteMainPhase(TestSuiteExecutor.java:153)
	at com.kms.katalon.core.main.TestSuiteExecutor.execute(TestSuiteExecutor.java:110)
	at com.kms.katalon.core.main.TestCaseMain.startTestSuite(TestCaseMain.java:206)
	at S0529_54.run(S0529_54.groovy:40)
	at java.base/jdk.internal.reflect.DirectMethodHandleAccessor.invoke(DirectMethodHandleAccessor.java:103)
)

29-05-2026T16:42:31 - [MESSAGE][INFO] - Product sold out

29-05-2026T16:42:31 - [MESSAGE][PASSED] - Navigate back successfully

29-05-2026T16:42:31 - [MESSAGE][PASSED] - Wait for page load successfully

29-05-2026T16:42:33 - [MESSAGE][PASSED] - Object 'Object Repository/Home Page/Search/list_product' is visible

29-05-2026T16:42:33 - [MESSAGE][INFO] - Checking product index : 11

29-05-2026T16:42:33 - [MESSAGE][PASSED] - Object '' is clickable

29-05-2026T16:42:34 - [MESSAGE][PASSED] - Scroll to object '' successfully

29-05-2026T16:42:34 - [MESSAGE][PASSED] - Object: '' is clicked on

29-05-2026T16:42:34 - [MESSAGE][PASSED] - Wait for page load successfully

29-05-2026T16:42:44 - [MESSAGE][WARNING] - Web element with id: 'Object Repository/Product and Cart/Add to cart/button_Add to Cart' located by 'By.xpath: //button[contains(@class,'add-to-cart')]' not found (Root cause: com.kms.katalon.core.exception.StepFailedException: Web element with id: 'Object Repository/Product and Cart/Add to cart/button_Add to Cart' located by 'By.xpath: //button[contains(@class,'add-to-cart')]' not found
	at com.kms.katalon.core.webui.keyword.internal.WebUIKeywordMain.stepFailed(WebUIKeywordMain.groovy:177)
	at com.kms.katalon.core.webui.keyword.builtin.VerifyElementVisibleKeyword$_verifyElementVisible_closure1.doCall(VerifyElementVisibleKeyword.groovy:64)
	at java.base/jdk.internal.reflect.DirectMethodHandleAccessor.invoke(DirectMethodHandleAccessor.java:103)
	at jdk.proxy2/jdk.proxy2.$Proxy57.execute(Unknown Source)
	at com.kms.katalon.core.webui.model.SeleniumActionRetryController.performAction(SeleniumActionRetryController.java:96)
	at com.kms.katalon.core.webui.model.SeleniumActionRetryController.performAction(SeleniumActionRetryController.java:83)
	at com.kms.katalon.core.webui.keyword.internal.WebUIKeywordMain$_runKeywordUntilTimeout_closure1.doCall(WebUIKeywordMain.groovy:135)
	at com.kms.katalon.core.webui.keyword.internal.WebUIKeywordMain$_runKeywordUntilTimeout_closure1.call(WebUIKeywordMain.groovy)
	at com.kms.katalon.core.webui.keyword.internal.WebUIKeywordMain.runKeyword(WebUIKeywordMain.groovy:41)
	at com.kms.katalon.core.webui.keyword.internal.WebUIKeywordMain.runKeywordUntilTimeout(WebUIKeywordMain.groovy:133)
	at com.kms.katalon.core.webui.keyword.builtin.VerifyElementVisibleKeyword.verifyElementVisible(VerifyElementVisibleKeyword.groovy:72)
	at com.kms.katalon.core.webui.keyword.builtin.VerifyElementVisibleKeyword.execute(VerifyElementVisibleKeyword.groovy:37)
	at com.kms.katalon.core.keyword.internal.KeywordExecutor.executeKeywordForPlatform(KeywordExecutor.groovy:99)
	at com.kms.katalon.core.webui.keyword.WebUiBuiltInKeywords.verifyElementVisible(WebUiBuiltInKeywords.groovy:439)
	at custom.ProductHelper.addAnyAvailableProduct(ProductHelper.groovy:70)
	at java.base/jdk.internal.reflect.DirectMethodHandleAccessor.invoke(DirectMethodHandleAccessor.java:103)
	at com.kms.katalon.core.main.CustomKeywordDelegatingMetaClass.invokeStaticMethod(CustomKeywordDelegatingMetaClass.java:55)
	at Ensure user can add - update - remove product to shopping cart.run(Ensure user can add - update - remove product to shopping cart:45)
	at com.kms.katalon.core.main.ScriptEngine.run(ScriptEngine.java:203)
	at com.kms.katalon.core.main.ScriptEngine.runScriptAsRawText(ScriptEngine.java:115)
	at com.kms.katalon.core.main.TestCaseExecutor.runScript(TestCaseExecutor.java:504)
	at com.kms.katalon.core.main.TestCaseExecutor.doExecute(TestCaseExecutor.java:495)
	at com.kms.katalon.core.main.TestCaseExecutor.processExecutionPhase(TestCaseExecutor.java:474)
	at com.kms.katalon.core.main.TestCaseExecutor.accessMainPhase(TestCaseExecutor.java:466)
	at com.kms.katalon.core.main.TestCaseExecutor.execute(TestCaseExecutor.java:336)
	at com.kms.katalon.core.common.CommonExecutor.accessTestCaseMainPhase(CommonExecutor.java:71)
	at com.kms.katalon.core.main.TestSuiteExecutor.accessTestSuiteMainPhase(TestSuiteExecutor.java:153)
	at com.kms.katalon.core.main.TestSuiteExecutor.execute(TestSuiteExecutor.java:110)
	at com.kms.katalon.core.main.TestCaseMain.startTestSuite(TestCaseMain.java:206)
	at S0529_54.run(S0529_54.groovy:40)
	at java.base/jdk.internal.reflect.DirectMethodHandleAccessor.invoke(DirectMethodHandleAccessor.java:103)
)

29-05-2026T16:42:44 - [MESSAGE][INFO] - Product sold out

29-05-2026T16:42:44 - [MESSAGE][PASSED] - Navigate back successfully

29-05-2026T16:42:44 - [MESSAGE][PASSED] - Wait for page load successfully

29-05-2026T16:42:46 - [MESSAGE][PASSED] - Object 'Object Repository/Home Page/Search/list_product' is visible

29-05-2026T16:42:46 - [MESSAGE][INFO] - Checking product index : 12

29-05-2026T16:42:47 - [MESSAGE][PASSED] - Object '' is clickable

29-05-2026T16:42:47 - [MESSAGE][PASSED] - Scroll to object '' successfully

29-05-2026T16:42:47 - [MESSAGE][PASSED] - Object: '' is clicked on

29-05-2026T16:42:47 - [MESSAGE][PASSED] - Wait for page load successfully

29-05-2026T16:42:57 - [MESSAGE][WARNING] - Web element with id: 'Object Repository/Product and Cart/Add to cart/button_Add to Cart' located by 'By.xpath: //button[contains(@class,'add-to-cart')]' not found (Root cause: com.kms.katalon.core.exception.StepFailedException: Web element with id: 'Object Repository/Product and Cart/Add to cart/button_Add to Cart' located by 'By.xpath: //button[contains(@class,'add-to-cart')]' not found
	at com.kms.katalon.core.webui.keyword.internal.WebUIKeywordMain.stepFailed(WebUIKeywordMain.groovy:177)
	at com.kms.katalon.core.webui.keyword.builtin.VerifyElementVisibleKeyword$_verifyElementVisible_closure1.doCall(VerifyElementVisibleKeyword.groovy:64)
	at java.base/jdk.internal.reflect.DirectMethodHandleAccessor.invoke(DirectMethodHandleAccessor.java:103)
	at jdk.proxy2/jdk.proxy2.$Proxy57.execute(Unknown Source)
	at com.kms.katalon.core.webui.model.SeleniumActionRetryController.performAction(SeleniumActionRetryController.java:96)
	at com.kms.katalon.core.webui.model.SeleniumActionRetryController.performAction(SeleniumActionRetryController.java:83)
	at com.kms.katalon.core.webui.keyword.internal.WebUIKeywordMain$_runKeywordUntilTimeout_closure1.doCall(WebUIKeywordMain.groovy:135)
	at com.kms.katalon.core.webui.keyword.internal.WebUIKeywordMain$_runKeywordUntilTimeout_closure1.call(WebUIKeywordMain.groovy)
	at com.kms.katalon.core.webui.keyword.internal.WebUIKeywordMain.runKeyword(WebUIKeywordMain.groovy:41)
	at com.kms.katalon.core.webui.keyword.internal.WebUIKeywordMain.runKeywordUntilTimeout(WebUIKeywordMain.groovy:133)
	at com.kms.katalon.core.webui.keyword.builtin.VerifyElementVisibleKeyword.verifyElementVisible(VerifyElementVisibleKeyword.groovy:72)
	at com.kms.katalon.core.webui.keyword.builtin.VerifyElementVisibleKeyword.execute(VerifyElementVisibleKeyword.groovy:37)
	at com.kms.katalon.core.keyword.internal.KeywordExecutor.executeKeywordForPlatform(KeywordExecutor.groovy:99)
	at com.kms.katalon.core.webui.keyword.WebUiBuiltInKeywords.verifyElementVisible(WebUiBuiltInKeywords.groovy:439)
	at custom.ProductHelper.addAnyAvailableProduct(ProductHelper.groovy:70)
	at java.base/jdk.internal.reflect.DirectMethodHandleAccessor.invoke(DirectMethodHandleAccessor.java:103)
	at com.kms.katalon.core.main.CustomKeywordDelegatingMetaClass.invokeStaticMethod(CustomKeywordDelegatingMetaClass.java:55)
	at Ensure user can add - update - remove product to shopping cart.run(Ensure user can add - update - remove product to shopping cart:45)
	at com.kms.katalon.core.main.ScriptEngine.run(ScriptEngine.java:203)
	at com.kms.katalon.core.main.ScriptEngine.runScriptAsRawText(ScriptEngine.java:115)
	at com.kms.katalon.core.main.TestCaseExecutor.runScript(TestCaseExecutor.java:504)
	at com.kms.katalon.core.main.TestCaseExecutor.doExecute(TestCaseExecutor.java:495)
	at com.kms.katalon.core.main.TestCaseExecutor.processExecutionPhase(TestCaseExecutor.java:474)
	at com.kms.katalon.core.main.TestCaseExecutor.accessMainPhase(TestCaseExecutor.java:466)
	at com.kms.katalon.core.main.TestCaseExecutor.execute(TestCaseExecutor.java:336)
	at com.kms.katalon.core.common.CommonExecutor.accessTestCaseMainPhase(CommonExecutor.java:71)
	at com.kms.katalon.core.main.TestSuiteExecutor.accessTestSuiteMainPhase(TestSuiteExecutor.java:153)
	at com.kms.katalon.core.main.TestSuiteExecutor.execute(TestSuiteExecutor.java:110)
	at com.kms.katalon.core.main.TestCaseMain.startTestSuite(TestCaseMain.java:206)
	at S0529_54.run(S0529_54.groovy:40)
	at java.base/jdk.internal.reflect.DirectMethodHandleAccessor.invoke(DirectMethodHandleAccessor.java:103)
)

29-05-2026T16:42:57 - [MESSAGE][INFO] - Product sold out

29-05-2026T16:42:57 - [MESSAGE][PASSED] - Navigate back successfully

29-05-2026T16:42:57 - [MESSAGE][PASSED] - Wait for page load successfully

29-05-2026T16:43:00 - [MESSAGE][PASSED] - Object 'Object Repository/Home Page/Search/list_product' is visible

29-05-2026T16:43:00 - [MESSAGE][INFO] - Checking product index : 13

29-05-2026T16:43:00 - [MESSAGE][PASSED] - Object '' is clickable

29-05-2026T16:43:00 - [MESSAGE][PASSED] - Scroll to object '' successfully

29-05-2026T16:43:00 - [MESSAGE][PASSED] - Object: '' is clicked on

29-05-2026T16:43:00 - [MESSAGE][PASSED] - Wait for page load successfully

29-05-2026T16:43:10 - [MESSAGE][WARNING] - Web element with id: 'Object Repository/Product and Cart/Add to cart/button_Add to Cart' located by 'By.xpath: //button[contains(@class,'add-to-cart')]' not found (Root cause: com.kms.katalon.core.exception.StepFailedException: Web element with id: 'Object Repository/Product and Cart/Add to cart/button_Add to Cart' located by 'By.xpath: //button[contains(@class,'add-to-cart')]' not found
	at com.kms.katalon.core.webui.keyword.internal.WebUIKeywordMain.stepFailed(WebUIKeywordMain.groovy:177)
	at com.kms.katalon.core.webui.keyword.builtin.VerifyElementVisibleKeyword$_verifyElementVisible_closure1.doCall(VerifyElementVisibleKeyword.groovy:64)
	at java.base/jdk.internal.reflect.DirectMethodHandleAccessor.invoke(DirectMethodHandleAccessor.java:103)
	at jdk.proxy2/jdk.proxy2.$Proxy57.execute(Unknown Source)
	at com.kms.katalon.core.webui.model.SeleniumActionRetryController.performAction(SeleniumActionRetryController.java:96)
	at com.kms.katalon.core.webui.model.SeleniumActionRetryController.performAction(SeleniumActionRetryController.java:83)
	at com.kms.katalon.core.webui.keyword.internal.WebUIKeywordMain$_runKeywordUntilTimeout_closure1.doCall(WebUIKeywordMain.groovy:135)
	at com.kms.katalon.core.webui.keyword.internal.WebUIKeywordMain$_runKeywordUntilTimeout_closure1.call(WebUIKeywordMain.groovy)
	at com.kms.katalon.core.webui.keyword.internal.WebUIKeywordMain.runKeyword(WebUIKeywordMain.groovy:41)
	at com.kms.katalon.core.webui.keyword.internal.WebUIKeywordMain.runKeywordUntilTimeout(WebUIKeywordMain.groovy:133)
	at com.kms.katalon.core.webui.keyword.builtin.VerifyElementVisibleKeyword.verifyElementVisible(VerifyElementVisibleKeyword.groovy:72)
	at com.kms.katalon.core.webui.keyword.builtin.VerifyElementVisibleKeyword.execute(VerifyElementVisibleKeyword.groovy:37)
	at com.kms.katalon.core.keyword.internal.KeywordExecutor.executeKeywordForPlatform(KeywordExecutor.groovy:99)
	at com.kms.katalon.core.webui.keyword.WebUiBuiltInKeywords.verifyElementVisible(WebUiBuiltInKeywords.groovy:439)
	at custom.ProductHelper.addAnyAvailableProduct(ProductHelper.groovy:70)
	at java.base/jdk.internal.reflect.DirectMethodHandleAccessor.invoke(DirectMethodHandleAccessor.java:103)
	at com.kms.katalon.core.main.CustomKeywordDelegatingMetaClass.invokeStaticMethod(CustomKeywordDelegatingMetaClass.java:55)
	at Ensure user can add - update - remove product to shopping cart.run(Ensure user can add - update - remove product to shopping cart:45)
	at com.kms.katalon.core.main.ScriptEngine.run(ScriptEngine.java:203)
	at com.kms.katalon.core.main.ScriptEngine.runScriptAsRawText(ScriptEngine.java:115)
	at com.kms.katalon.core.main.TestCaseExecutor.runScript(TestCaseExecutor.java:504)
	at com.kms.katalon.core.main.TestCaseExecutor.doExecute(TestCaseExecutor.java:495)
	at com.kms.katalon.core.main.TestCaseExecutor.processExecutionPhase(TestCaseExecutor.java:474)
	at com.kms.katalon.core.main.TestCaseExecutor.accessMainPhase(TestCaseExecutor.java:466)
	at com.kms.katalon.core.main.TestCaseExecutor.execute(TestCaseExecutor.java:336)
	at com.kms.katalon.core.common.CommonExecutor.accessTestCaseMainPhase(CommonExecutor.java:71)
	at com.kms.katalon.core.main.TestSuiteExecutor.accessTestSuiteMainPhase(TestSuiteExecutor.java:153)
	at com.kms.katalon.core.main.TestSuiteExecutor.execute(TestSuiteExecutor.java:110)
	at com.kms.katalon.core.main.TestCaseMain.startTestSuite(TestCaseMain.java:206)
	at S0529_54.run(S0529_54.groovy:40)
	at java.base/jdk.internal.reflect.DirectMethodHandleAccessor.invoke(DirectMethodHandleAccessor.java:103)
)

29-05-2026T16:43:10 - [MESSAGE][INFO] - Product sold out

29-05-2026T16:43:10 - [MESSAGE][PASSED] - Navigate back successfully

29-05-2026T16:43:10 - [MESSAGE][PASSED] - Wait for page load successfully

29-05-2026T16:43:13 - [MESSAGE][PASSED] - Object 'Object Repository/Home Page/Search/list_product' is visible

29-05-2026T16:43:13 - [MESSAGE][INFO] - Checking product index : 14

29-05-2026T16:43:13 - [MESSAGE][PASSED] - Object '' is clickable

29-05-2026T16:43:13 - [MESSAGE][PASSED] - Scroll to object '' successfully

29-05-2026T16:43:14 - [MESSAGE][PASSED] - Object: '' is clicked on

29-05-2026T16:43:14 - [MESSAGE][PASSED] - Wait for page load successfully

29-05-2026T16:43:24 - [MESSAGE][WARNING] - Web element with id: 'Object Repository/Product and Cart/Add to cart/button_Add to Cart' located by 'By.xpath: //button[contains(@class,'add-to-cart')]' not found (Root cause: com.kms.katalon.core.exception.StepFailedException: Web element with id: 'Object Repository/Product and Cart/Add to cart/button_Add to Cart' located by 'By.xpath: //button[contains(@class,'add-to-cart')]' not found
	at com.kms.katalon.core.webui.keyword.internal.WebUIKeywordMain.stepFailed(WebUIKeywordMain.groovy:177)
	at com.kms.katalon.core.webui.keyword.builtin.VerifyElementVisibleKeyword$_verifyElementVisible_closure1.doCall(VerifyElementVisibleKeyword.groovy:64)
	at java.base/jdk.internal.reflect.DirectMethodHandleAccessor.invoke(DirectMethodHandleAccessor.java:103)
	at jdk.proxy2/jdk.proxy2.$Proxy57.execute(Unknown Source)
	at com.kms.katalon.core.webui.model.SeleniumActionRetryController.performAction(SeleniumActionRetryController.java:96)
	at com.kms.katalon.core.webui.model.SeleniumActionRetryController.performAction(SeleniumActionRetryController.java:83)
	at com.kms.katalon.core.webui.keyword.internal.WebUIKeywordMain$_runKeywordUntilTimeout_closure1.doCall(WebUIKeywordMain.groovy:135)
	at com.kms.katalon.core.webui.keyword.internal.WebUIKeywordMain$_runKeywordUntilTimeout_closure1.call(WebUIKeywordMain.groovy)
	at com.kms.katalon.core.webui.keyword.internal.WebUIKeywordMain.runKeyword(WebUIKeywordMain.groovy:41)
	at com.kms.katalon.core.webui.keyword.internal.WebUIKeywordMain.runKeywordUntilTimeout(WebUIKeywordMain.groovy:133)
	at com.kms.katalon.core.webui.keyword.builtin.VerifyElementVisibleKeyword.verifyElementVisible(VerifyElementVisibleKeyword.groovy:72)
	at com.kms.katalon.core.webui.keyword.builtin.VerifyElementVisibleKeyword.execute(VerifyElementVisibleKeyword.groovy:37)
	at com.kms.katalon.core.keyword.internal.KeywordExecutor.executeKeywordForPlatform(KeywordExecutor.groovy:99)
	at com.kms.katalon.core.webui.keyword.WebUiBuiltInKeywords.verifyElementVisible(WebUiBuiltInKeywords.groovy:439)
	at custom.ProductHelper.addAnyAvailableProduct(ProductHelper.groovy:70)
	at java.base/jdk.internal.reflect.DirectMethodHandleAccessor.invoke(DirectMethodHandleAccessor.java:103)
	at com.kms.katalon.core.main.CustomKeywordDelegatingMetaClass.invokeStaticMethod(CustomKeywordDelegatingMetaClass.java:55)
	at Ensure user can add - update - remove product to shopping cart.run(Ensure user can add - update - remove product to shopping cart:45)
	at com.kms.katalon.core.main.ScriptEngine.run(ScriptEngine.java:203)
	at com.kms.katalon.core.main.ScriptEngine.runScriptAsRawText(ScriptEngine.java:115)
	at com.kms.katalon.core.main.TestCaseExecutor.runScript(TestCaseExecutor.java:504)
	at com.kms.katalon.core.main.TestCaseExecutor.doExecute(TestCaseExecutor.java:495)
	at com.kms.katalon.core.main.TestCaseExecutor.processExecutionPhase(TestCaseExecutor.java:474)
	at com.kms.katalon.core.main.TestCaseExecutor.accessMainPhase(TestCaseExecutor.java:466)
	at com.kms.katalon.core.main.TestCaseExecutor.execute(TestCaseExecutor.java:336)
	at com.kms.katalon.core.common.CommonExecutor.accessTestCaseMainPhase(CommonExecutor.java:71)
	at com.kms.katalon.core.main.TestSuiteExecutor.accessTestSuiteMainPhase(TestSuiteExecutor.java:153)
	at com.kms.katalon.core.main.TestSuiteExecutor.execute(TestSuiteExecutor.java:110)
	at com.kms.katalon.core.main.TestCaseMain.startTestSuite(TestCaseMain.java:206)
	at S0529_54.run(S0529_54.groovy:40)
	at java.base/jdk.internal.reflect.DirectMethodHandleAccessor.invoke(DirectMethodHandleAccessor.java:103)
)

29-05-2026T16:43:24 - [MESSAGE][INFO] - Product sold out

29-05-2026T16:43:24 - [MESSAGE][PASSED] - Navigate back successfully

29-05-2026T16:43:24 - [MESSAGE][PASSED] - Wait for page load successfully

29-05-2026T16:43:26 - [MESSAGE][PASSED] - Object 'Object Repository/Home Page/Search/list_product' is visible

29-05-2026T16:43:26 - [MESSAGE][INFO] - Checking product index : 15

29-05-2026T16:43:26 - [MESSAGE][PASSED] - Object '' is clickable

29-05-2026T16:43:27 - [MESSAGE][PASSED] - Scroll to object '' successfully

29-05-2026T16:43:27 - [MESSAGE][PASSED] - Object: '' is clicked on

29-05-2026T16:43:27 - [MESSAGE][PASSED] - Wait for page load successfully

29-05-2026T16:43:37 - [MESSAGE][WARNING] - Web element with id: 'Object Repository/Product and Cart/Add to cart/button_Add to Cart' located by 'By.xpath: //button[contains(@class,'add-to-cart')]' not found (Root cause: com.kms.katalon.core.exception.StepFailedException: Web element with id: 'Object Repository/Product and Cart/Add to cart/button_Add to Cart' located by 'By.xpath: //button[contains(@class,'add-to-cart')]' not found
	at com.kms.katalon.core.webui.keyword.internal.WebUIKeywordMain.stepFailed(WebUIKeywordMain.groovy:177)
	at com.kms.katalon.core.webui.keyword.builtin.VerifyElementVisibleKeyword$_verifyElementVisible_closure1.doCall(VerifyElementVisibleKeyword.groovy:64)
	at java.base/jdk.internal.reflect.DirectMethodHandleAccessor.invoke(DirectMethodHandleAccessor.java:103)
	at jdk.proxy2/jdk.proxy2.$Proxy57.execute(Unknown Source)
	at com.kms.katalon.core.webui.model.SeleniumActionRetryController.performAction(SeleniumActionRetryController.java:96)
	at com.kms.katalon.core.webui.model.SeleniumActionRetryController.performAction(SeleniumActionRetryController.java:83)
	at com.kms.katalon.core.webui.keyword.internal.WebUIKeywordMain$_runKeywordUntilTimeout_closure1.doCall(WebUIKeywordMain.groovy:135)
	at com.kms.katalon.core.webui.keyword.internal.WebUIKeywordMain$_runKeywordUntilTimeout_closure1.call(WebUIKeywordMain.groovy)
	at com.kms.katalon.core.webui.keyword.internal.WebUIKeywordMain.runKeyword(WebUIKeywordMain.groovy:41)
	at com.kms.katalon.core.webui.keyword.internal.WebUIKeywordMain.runKeywordUntilTimeout(WebUIKeywordMain.groovy:133)
	at com.kms.katalon.core.webui.keyword.builtin.VerifyElementVisibleKeyword.verifyElementVisible(VerifyElementVisibleKeyword.groovy:72)
	at com.kms.katalon.core.webui.keyword.builtin.VerifyElementVisibleKeyword.execute(VerifyElementVisibleKeyword.groovy:37)
	at com.kms.katalon.core.keyword.internal.KeywordExecutor.executeKeywordForPlatform(KeywordExecutor.groovy:99)
	at com.kms.katalon.core.webui.keyword.WebUiBuiltInKeywords.verifyElementVisible(WebUiBuiltInKeywords.groovy:439)
	at custom.ProductHelper.addAnyAvailableProduct(ProductHelper.groovy:70)
	at java.base/jdk.internal.reflect.DirectMethodHandleAccessor.invoke(DirectMethodHandleAccessor.java:103)
	at com.kms.katalon.core.main.CustomKeywordDelegatingMetaClass.invokeStaticMethod(CustomKeywordDelegatingMetaClass.java:55)
	at Ensure user can add - update - remove product to shopping cart.run(Ensure user can add - update - remove product to shopping cart:45)
	at com.kms.katalon.core.main.ScriptEngine.run(ScriptEngine.java:203)
	at com.kms.katalon.core.main.ScriptEngine.runScriptAsRawText(ScriptEngine.java:115)
	at com.kms.katalon.core.main.TestCaseExecutor.runScript(TestCaseExecutor.java:504)
	at com.kms.katalon.core.main.TestCaseExecutor.doExecute(TestCaseExecutor.java:495)
	at com.kms.katalon.core.main.TestCaseExecutor.processExecutionPhase(TestCaseExecutor.java:474)
	at com.kms.katalon.core.main.TestCaseExecutor.accessMainPhase(TestCaseExecutor.java:466)
	at com.kms.katalon.core.main.TestCaseExecutor.execute(TestCaseExecutor.java:336)
	at com.kms.katalon.core.common.CommonExecutor.accessTestCaseMainPhase(CommonExecutor.java:71)
	at com.kms.katalon.core.main.TestSuiteExecutor.accessTestSuiteMainPhase(TestSuiteExecutor.java:153)
	at com.kms.katalon.core.main.TestSuiteExecutor.execute(TestSuiteExecutor.java:110)
	at com.kms.katalon.core.main.TestCaseMain.startTestSuite(TestCaseMain.java:206)
	at S0529_54.run(S0529_54.groovy:40)
	at java.base/jdk.internal.reflect.DirectMethodHandleAccessor.invoke(DirectMethodHandleAccessor.java:103)
)

29-05-2026T16:43:37 - [MESSAGE][INFO] - Product sold out

29-05-2026T16:43:37 - [MESSAGE][PASSED] - Navigate back successfully

29-05-2026T16:43:37 - [MESSAGE][PASSED] - Wait for page load successfully

29-05-2026T16:43:40 - [MESSAGE][PASSED] - Object 'Object Repository/Home Page/Search/list_product' is visible

29-05-2026T16:43:40 - [MESSAGE][INFO] - Checking product index : 16

29-05-2026T16:43:40 - [MESSAGE][PASSED] - Object '' is clickable

29-05-2026T16:43:40 - [MESSAGE][PASSED] - Scroll to object '' successfully

29-05-2026T16:43:40 - [MESSAGE][PASSED] - Object: '' is clicked on

29-05-2026T16:43:40 - [MESSAGE][PASSED] - Wait for page load successfully

29-05-2026T16:43:50 - [MESSAGE][WARNING] - Web element with id: 'Object Repository/Product and Cart/Add to cart/button_Add to Cart' located by 'By.xpath: //button[contains(@class,'add-to-cart')]' not found (Root cause: com.kms.katalon.core.exception.StepFailedException: Web element with id: 'Object Repository/Product and Cart/Add to cart/button_Add to Cart' located by 'By.xpath: //button[contains(@class,'add-to-cart')]' not found
	at com.kms.katalon.core.webui.keyword.internal.WebUIKeywordMain.stepFailed(WebUIKeywordMain.groovy:177)
	at com.kms.katalon.core.webui.keyword.builtin.VerifyElementVisibleKeyword$_verifyElementVisible_closure1.doCall(VerifyElementVisibleKeyword.groovy:64)
	at java.base/jdk.internal.reflect.DirectMethodHandleAccessor.invoke(DirectMethodHandleAccessor.java:103)
	at jdk.proxy2/jdk.proxy2.$Proxy57.execute(Unknown Source)
	at com.kms.katalon.core.webui.model.SeleniumActionRetryController.performAction(SeleniumActionRetryController.java:96)
	at com.kms.katalon.core.webui.model.SeleniumActionRetryController.performAction(SeleniumActionRetryController.java:83)
	at com.kms.katalon.core.webui.keyword.internal.WebUIKeywordMain$_runKeywordUntilTimeout_closure1.doCall(WebUIKeywordMain.groovy:135)
	at com.kms.katalon.core.webui.keyword.internal.WebUIKeywordMain$_runKeywordUntilTimeout_closure1.call(WebUIKeywordMain.groovy)
	at com.kms.katalon.core.webui.keyword.internal.WebUIKeywordMain.runKeyword(WebUIKeywordMain.groovy:41)
	at com.kms.katalon.core.webui.keyword.internal.WebUIKeywordMain.runKeywordUntilTimeout(WebUIKeywordMain.groovy:133)
	at com.kms.katalon.core.webui.keyword.builtin.VerifyElementVisibleKeyword.verifyElementVisible(VerifyElementVisibleKeyword.groovy:72)
	at com.kms.katalon.core.webui.keyword.builtin.VerifyElementVisibleKeyword.execute(VerifyElementVisibleKeyword.groovy:37)
	at com.kms.katalon.core.keyword.internal.KeywordExecutor.executeKeywordForPlatform(KeywordExecutor.groovy:99)
	at com.kms.katalon.core.webui.keyword.WebUiBuiltInKeywords.verifyElementVisible(WebUiBuiltInKeywords.groovy:439)
	at custom.ProductHelper.addAnyAvailableProduct(ProductHelper.groovy:70)
	at java.base/jdk.internal.reflect.DirectMethodHandleAccessor.invoke(DirectMethodHandleAccessor.java:103)
	at com.kms.katalon.core.main.CustomKeywordDelegatingMetaClass.invokeStaticMethod(CustomKeywordDelegatingMetaClass.java:55)
	at Ensure user can add - update - remove product to shopping cart.run(Ensure user can add - update - remove product to shopping cart:45)
	at com.kms.katalon.core.main.ScriptEngine.run(ScriptEngine.java:203)
	at com.kms.katalon.core.main.ScriptEngine.runScriptAsRawText(ScriptEngine.java:115)
	at com.kms.katalon.core.main.TestCaseExecutor.runScript(TestCaseExecutor.java:504)
	at com.kms.katalon.core.main.TestCaseExecutor.doExecute(TestCaseExecutor.java:495)
	at com.kms.katalon.core.main.TestCaseExecutor.processExecutionPhase(TestCaseExecutor.java:474)
	at com.kms.katalon.core.main.TestCaseExecutor.accessMainPhase(TestCaseExecutor.java:466)
	at com.kms.katalon.core.main.TestCaseExecutor.execute(TestCaseExecutor.java:336)
	at com.kms.katalon.core.common.CommonExecutor.accessTestCaseMainPhase(CommonExecutor.java:71)
	at com.kms.katalon.core.main.TestSuiteExecutor.accessTestSuiteMainPhase(TestSuiteExecutor.java:153)
	at com.kms.katalon.core.main.TestSuiteExecutor.execute(TestSuiteExecutor.java:110)
	at com.kms.katalon.core.main.TestCaseMain.startTestSuite(TestCaseMain.java:206)
	at S0529_54.run(S0529_54.groovy:40)
	at java.base/jdk.internal.reflect.DirectMethodHandleAccessor.invoke(DirectMethodHandleAccessor.java:103)
)

29-05-2026T16:43:50 - [MESSAGE][INFO] - Product sold out

29-05-2026T16:43:50 - [MESSAGE][PASSED] - Navigate back successfully

29-05-2026T16:43:50 - [MESSAGE][PASSED] - Wait for page load successfully

29-05-2026T16:43:53 - [MESSAGE][PASSED] - Object 'Object Repository/Home Page/Search/list_product' is visible

29-05-2026T16:43:53 - [MESSAGE][INFO] - Checking product index : 17

29-05-2026T16:43:53 - [MESSAGE][PASSED] - Object '' is clickable

29-05-2026T16:43:53 - [MESSAGE][PASSED] - Scroll to object '' successfully

29-05-2026T16:43:54 - [MESSAGE][PASSED] - Object: '' is clicked on

29-05-2026T16:43:54 - [MESSAGE][PASSED] - Wait for page load successfully

29-05-2026T16:44:04 - [MESSAGE][WARNING] - Web element with id: 'Object Repository/Product and Cart/Add to cart/button_Add to Cart' located by 'By.xpath: //button[contains(@class,'add-to-cart')]' not found (Root cause: com.kms.katalon.core.exception.StepFailedException: Web element with id: 'Object Repository/Product and Cart/Add to cart/button_Add to Cart' located by 'By.xpath: //button[contains(@class,'add-to-cart')]' not found
	at com.kms.katalon.core.webui.keyword.internal.WebUIKeywordMain.stepFailed(WebUIKeywordMain.groovy:177)
	at com.kms.katalon.core.webui.keyword.builtin.VerifyElementVisibleKeyword$_verifyElementVisible_closure1.doCall(VerifyElementVisibleKeyword.groovy:64)
	at java.base/jdk.internal.reflect.DirectMethodHandleAccessor.invoke(DirectMethodHandleAccessor.java:103)
	at jdk.proxy2/jdk.proxy2.$Proxy57.execute(Unknown Source)
	at com.kms.katalon.core.webui.model.SeleniumActionRetryController.performAction(SeleniumActionRetryController.java:96)
	at com.kms.katalon.core.webui.model.SeleniumActionRetryController.performAction(SeleniumActionRetryController.java:83)
	at com.kms.katalon.core.webui.keyword.internal.WebUIKeywordMain$_runKeywordUntilTimeout_closure1.doCall(WebUIKeywordMain.groovy:135)
	at com.kms.katalon.core.webui.keyword.internal.WebUIKeywordMain$_runKeywordUntilTimeout_closure1.call(WebUIKeywordMain.groovy)
	at com.kms.katalon.core.webui.keyword.internal.WebUIKeywordMain.runKeyword(WebUIKeywordMain.groovy:41)
	at com.kms.katalon.core.webui.keyword.internal.WebUIKeywordMain.runKeywordUntilTimeout(WebUIKeywordMain.groovy:133)
	at com.kms.katalon.core.webui.keyword.builtin.VerifyElementVisibleKeyword.verifyElementVisible(VerifyElementVisibleKeyword.groovy:72)
	at com.kms.katalon.core.webui.keyword.builtin.VerifyElementVisibleKeyword.execute(VerifyElementVisibleKeyword.groovy:37)
	at com.kms.katalon.core.keyword.internal.KeywordExecutor.executeKeywordForPlatform(KeywordExecutor.groovy:99)
	at com.kms.katalon.core.webui.keyword.WebUiBuiltInKeywords.verifyElementVisible(WebUiBuiltInKeywords.groovy:439)
	at custom.ProductHelper.addAnyAvailableProduct(ProductHelper.groovy:70)
	at java.base/jdk.internal.reflect.DirectMethodHandleAccessor.invoke(DirectMethodHandleAccessor.java:103)
	at com.kms.katalon.core.main.CustomKeywordDelegatingMetaClass.invokeStaticMethod(CustomKeywordDelegatingMetaClass.java:55)
	at Ensure user can add - update - remove product to shopping cart.run(Ensure user can add - update - remove product to shopping cart:45)
	at com.kms.katalon.core.main.ScriptEngine.run(ScriptEngine.java:203)
	at com.kms.katalon.core.main.ScriptEngine.runScriptAsRawText(ScriptEngine.java:115)
	at com.kms.katalon.core.main.TestCaseExecutor.runScript(TestCaseExecutor.java:504)
	at com.kms.katalon.core.main.TestCaseExecutor.doExecute(TestCaseExecutor.java:495)
	at com.kms.katalon.core.main.TestCaseExecutor.processExecutionPhase(TestCaseExecutor.java:474)
	at com.kms.katalon.core.main.TestCaseExecutor.accessMainPhase(TestCaseExecutor.java:466)
	at com.kms.katalon.core.main.TestCaseExecutor.execute(TestCaseExecutor.java:336)
	at com.kms.katalon.core.common.CommonExecutor.accessTestCaseMainPhase(CommonExecutor.java:71)
	at com.kms.katalon.core.main.TestSuiteExecutor.accessTestSuiteMainPhase(TestSuiteExecutor.java:153)
	at com.kms.katalon.core.main.TestSuiteExecutor.execute(TestSuiteExecutor.java:110)
	at com.kms.katalon.core.main.TestCaseMain.startTestSuite(TestCaseMain.java:206)
	at S0529_54.run(S0529_54.groovy:40)
	at java.base/jdk.internal.reflect.DirectMethodHandleAccessor.invoke(DirectMethodHandleAccessor.java:103)
)

29-05-2026T16:44:04 - [MESSAGE][INFO] - Product sold out

29-05-2026T16:44:04 - [MESSAGE][PASSED] - Navigate back successfully

29-05-2026T16:44:04 - [MESSAGE][PASSED] - Wait for page load successfully

29-05-2026T16:44:06 - [MESSAGE][PASSED] - Object 'Object Repository/Home Page/Search/list_product' is visible

29-05-2026T16:44:06 - [MESSAGE][INFO] - Checking product index : 18

29-05-2026T16:44:06 - [MESSAGE][PASSED] - Object '' is clickable

29-05-2026T16:44:06 - [MESSAGE][PASSED] - Scroll to object '' successfully

29-05-2026T16:44:07 - [MESSAGE][PASSED] - Object: '' is clicked on

29-05-2026T16:44:07 - [MESSAGE][PASSED] - Wait for page load successfully

29-05-2026T16:44:17 - [MESSAGE][WARNING] - Web element with id: 'Object Repository/Product and Cart/Add to cart/button_Add to Cart' located by 'By.xpath: //button[contains(@class,'add-to-cart')]' not found (Root cause: com.kms.katalon.core.exception.StepFailedException: Web element with id: 'Object Repository/Product and Cart/Add to cart/button_Add to Cart' located by 'By.xpath: //button[contains(@class,'add-to-cart')]' not found
	at com.kms.katalon.core.webui.keyword.internal.WebUIKeywordMain.stepFailed(WebUIKeywordMain.groovy:177)
	at com.kms.katalon.core.webui.keyword.builtin.VerifyElementVisibleKeyword$_verifyElementVisible_closure1.doCall(VerifyElementVisibleKeyword.groovy:64)
	at java.base/jdk.internal.reflect.DirectMethodHandleAccessor.invoke(DirectMethodHandleAccessor.java:103)
	at jdk.proxy2/jdk.proxy2.$Proxy57.execute(Unknown Source)
	at com.kms.katalon.core.webui.model.SeleniumActionRetryController.performAction(SeleniumActionRetryController.java:96)
	at com.kms.katalon.core.webui.model.SeleniumActionRetryController.performAction(SeleniumActionRetryController.java:83)
	at com.kms.katalon.core.webui.keyword.internal.WebUIKeywordMain$_runKeywordUntilTimeout_closure1.doCall(WebUIKeywordMain.groovy:135)
	at com.kms.katalon.core.webui.keyword.internal.WebUIKeywordMain$_runKeywordUntilTimeout_closure1.call(WebUIKeywordMain.groovy)
	at com.kms.katalon.core.webui.keyword.internal.WebUIKeywordMain.runKeyword(WebUIKeywordMain.groovy:41)
	at com.kms.katalon.core.webui.keyword.internal.WebUIKeywordMain.runKeywordUntilTimeout(WebUIKeywordMain.groovy:133)
	at com.kms.katalon.core.webui.keyword.builtin.VerifyElementVisibleKeyword.verifyElementVisible(VerifyElementVisibleKeyword.groovy:72)
[...]
	at com.kms.katalon.core.webui.model.SeleniumActionRetryController.performAction(SeleniumActionRetryController.java:96)
	at com.kms.katalon.core.webui.model.SeleniumActionRetryController.performAction(SeleniumActionRetryController.java:83)
	at com.kms.katalon.core.webui.keyword.internal.WebUIKeywordMain$_runKeywordUntilTimeout_closure1.doCall(WebUIKeywordMain.groovy:135)
	at com.kms.katalon.core.webui.keyword.internal.WebUIKeywordMain$_runKeywordUntilTimeout_closure1.call(WebUIKeywordMain.groovy)
	at com.kms.katalon.core.webui.keyword.internal.WebUIKeywordMain.runKeyword(WebUIKeywordMain.groovy:41)
	at com.kms.katalon.core.webui.keyword.internal.WebUIKeywordMain.runKeywordUntilTimeout(WebUIKeywordMain.groovy:133)
	at com.kms.katalon.core.webui.keyword.builtin.VerifyElementVisibleKeyword.verifyElementVisible(VerifyElementVisibleKeyword.groovy:72)
	at com.kms.katalon.core.webui.keyword.builtin.VerifyElementVisibleKeyword.execute(VerifyElementVisibleKeyword.groovy:37)
	at com.kms.katalon.core.keyword.internal.KeywordExecutor.executeKeywordForPlatform(KeywordExecutor.groovy:99)
	at com.kms.katalon.core.webui.keyword.WebUiBuiltInKeywords.verifyElementVisible(WebUiBuiltInKeywords.groovy:439)
	at custom.ProductHelper.addAnyAvailableProduct(ProductHelper.groovy:70)
	at java.base/jdk.internal.reflect.DirectMethodHandleAccessor.invoke(DirectMethodHandleAccessor.java:103)
	at com.kms.katalon.core.main.CustomKeywordDelegatingMetaClass.invokeStaticMethod(CustomKeywordDelegatingMetaClass.java:55)
	at Ensure user can add - update - remove product to shopping cart.run(Ensure user can add - update - remove product to shopping cart:45)
	at com.kms.katalon.core.main.ScriptEngine.run(ScriptEngine.java:203)
	at com.kms.katalon.core.main.ScriptEngine.runScriptAsRawText(ScriptEngine.java:115)
	at com.kms.katalon.core.main.TestCaseExecutor.runScript(TestCaseExecutor.java:504)
	at com.kms.katalon.core.main.TestCaseExecutor.doExecute(TestCaseExecutor.java:495)
	at com.kms.katalon.core.main.TestCaseExecutor.processExecutionPhase(TestCaseExecutor.java:474)
	at com.kms.katalon.core.main.TestCaseExecutor.accessMainPhase(TestCaseExecutor.java:466)
	at com.kms.katalon.core.main.TestCaseExecutor.execute(TestCaseExecutor.java:336)
	at com.kms.katalon.core.common.CommonExecutor.accessTestCaseMainPhase(CommonExecutor.java:71)
	at com.kms.katalon.core.main.TestSuiteExecutor.accessTestSuiteMainPhase(TestSuiteExecutor.java:153)
	at com.kms.katalon.core.main.TestSuiteExecutor.execute(TestSuiteExecutor.java:110)
	at com.kms.katalon.core.main.TestCaseMain.startTestSuite(TestCaseMain.java:206)
	at S0529_54.run(S0529_54.groovy:40)
	at java.base/jdk.internal.reflect.DirectMethodHandleAccessor.invoke(DirectMethodHandleAccessor.java:103)
)

29-05-2026T16:46:56 - [MESSAGE][INFO] - Product sold out

29-05-2026T16:46:56 - [MESSAGE][PASSED] - Navigate back successfully

29-05-2026T16:46:56 - [MESSAGE][PASSED] - Wait for page load successfully

29-05-2026T16:46:59 - [MESSAGE][PASSED] - Object 'Object Repository/Home Page/Search/list_product' is visible

29-05-2026T16:46:59 - [MESSAGE][INFO] - Checking product index : 31

29-05-2026T16:46:59 - [MESSAGE][PASSED] - Object '' is clickable

29-05-2026T16:46:59 - [MESSAGE][PASSED] - Scroll to object '' successfully

29-05-2026T16:46:59 - [MESSAGE][PASSED] - Object: '' is clicked on

29-05-2026T16:46:59 - [MESSAGE][PASSED] - Wait for page load successfully

29-05-2026T16:47:02 - [MESSAGE][PASSED] - Object 'Object Repository/Product and Cart/Add to cart/button_Add to Cart' is visible

29-05-2026T16:47:02 - [MESSAGE][INFO] - Available product found

29-05-2026T16:47:02 - [MESSAGE][PASSED] - Object: 'Object Repository/Product and Cart/Add to cart/button_Add to Cart' is clicked on

29-05-2026T16:47:02 - [MESSAGE][PASSED] - custom.ProductHelper.addAnyAvailableProduct is PASSED

29-05-2026T16:47:02 - [TEST_STEP][PASSED] - click(findTestObject("Product and Cart/Add to cart/i_icon-cart")): Object: 'Object Repository/Product and Cart/Add to cart/i_icon-cart' is clicked on

29-05-2026T16:47:02 - [MESSAGE][PASSED] - Object: 'Object Repository/Product and Cart/Add to cart/i_icon-cart' is clicked on

29-05-2026T16:47:02 - [TEST_STEP][PASSED] - takeScreenshot(): Taking screenshot successfully

29-05-2026T16:47:03 - [MESSAGE][PASSED] - Taking screenshot successfully
[[ATTACHMENT|C:\\Users\\AgungPriyadi\\git\\digibox-kh\\Reports\\20260529_160903\\WEB\\Product And Cart\\ProductCart_TestSuite\\20260529_160908\\1780048022909.png]]

29-05-2026T16:47:03 - [TEST_STEP][PASSED] - click(findTestObject("Product and Cart/Add to cart/btn-trash")): Object: 'Object Repository/Product and Cart/Add to cart/btn-trash' is clicked on

29-05-2026T16:47:04 - [MESSAGE][PASSED] - Object: 'Object Repository/Product and Cart/Add to cart/btn-trash' is clicked on

29-05-2026T16:47:04 - [TEST_STEP][PASSED] - takeScreenshot(): Taking screenshot successfully

29-05-2026T16:47:04 - [MESSAGE][PASSED] - Taking screenshot successfully
[[ATTACHMENT|C:\\Users\\AgungPriyadi\\git\\digibox-kh\\Reports\\20260529_160903\\WEB\\Product And Cart\\ProductCart_TestSuite\\20260529_160908\\1780048024181.png]]

29-05-2026T16:47:04 - [TEST_STEP][PASSED] - click(findTestObject("Product and Cart/Add to cart/btn-confrim-yes")): Object: 'Object Repository/Product and Cart/Add to cart/btn-confrim-yes' is clicked on

29-05-2026T16:47:04 - [MESSAGE][PASSED] - Object: 'Object Repository/Product and Cart/Add to cart/btn-confrim-yes' is clicked on

29-05-2026T16:47:04 - [TEST_STEP][PASSED] - takeScreenshot(): Taking screenshot successfully

29-05-2026T16:47:05 - [MESSAGE][PASSED] - Taking screenshot successfully
[[ATTACHMENT|C:\\Users\\AgungPriyadi\\git\\digibox-kh\\Reports\\20260529_160903\\WEB\\Product And Cart\\ProductCart_TestSuite\\20260529_160908\\1780048024914.png]]

29-05-2026T16:47:05 - [TEST_STEP][PASSED] - closeBrowser(): Browser is closed

29-05-2026T16:47:05 - [MESSAGE][PASSED] - Browser is closed

29-05-2026T16:47:05 - [TEST_STEP][ERROR] - Start listener action : afterTestCase: com.kms.katalon.core.exception.StepFailedException: Cannot take screenshot
	at com.kms.katalon.core.webui.keyword.internal.WebUIKeywordMain.stepFailed(WebUIKeywordMain.groovy:177)
	at com.kms.katalon.core.webui.keyword.internal.WebUIKeywordMain.runKeyword(WebUIKeywordMain.groovy:49)
	at com.kms.katalon.core.webui.keyword.builtin.TakeScreenshotKeyword.takeScreenshot(TakeScreenshotKeyword.groovy:93)
	at com.kms.katalon.core.webui.keyword.builtin.TakeScreenshotKeyword.execute(TakeScreenshotKeyword.groovy:49)
	at com.kms.katalon.core.keyword.internal.KeywordExecutor.executeKeywordForPlatform(KeywordExecutor.groovy:99)
	at com.kms.katalon.core.webui.keyword.WebUiBuiltInKeywords.takeScreenshot(WebUiBuiltInKeywords.groovy:3076)
	at AutoScreenshotListener.saveScreenshot(AutoScreenshotListener.groovy:57)
	at AutoScreenshotListener.afterTestCase(AutoScreenshotListener.groovy:69)
	at java.base/jdk.internal.reflect.DirectMethodHandleAccessor.invoke(DirectMethodHandleAccessor.java:103)
	at com.kms.katalon.core.context.internal.TestHooker.invokeMethod(TestHooker.java:111)
	at com.kms.katalon.core.context.internal.TestHooker.lambda$3(TestHooker.java:95)
	at com.kms.katalon.core.context.internal.TestHooker.invokeContextMethods(TestHooker.java:94)
	at com.kms.katalon.core.context.internal.TestListenerCollector.lambda$3(TestListenerCollector.java:88)
	at com.kms.katalon.core.context.internal.TestListenerCollector.handleListenerEvent(TestListenerCollector.java:85)
	at com.kms.katalon.core.context.internal.ExecutionEventManager.publicEvent(ExecutionEventManager.java:47)
	at com.kms.katalon.core.main.TestCaseExecutor.execute(TestCaseExecutor.java:366)
	at com.kms.katalon.core.common.CommonExecutor.accessTestCaseMainPhase(CommonExecutor.java:71)
	at com.kms.katalon.core.main.TestSuiteExecutor.accessTestSuiteMainPhase(TestSuiteExecutor.java:153)
	at com.kms.katalon.core.main.TestSuiteExecutor.execute(TestSuiteExecutor.java:110)
	at com.kms.katalon.core.main.TestCaseMain.startTestSuite(TestCaseMain.java:206)
	at S0529_54.run(S0529_54.groovy:40)
	at java.base/jdk.internal.reflect.DirectMethodHandleAccessor.invoke(DirectMethodHandleAccessor.java:103)
Caused by: com.kms.katalon.core.webui.exception.BrowserNotOpenedException: Browser is not opened
Build info: version: '4.39.0', revision: '126f156aee'
System info: os.name: 'Windows 11', os.arch: 'amd64', os.version: '10.0', java.version: '21.0.9'
Driver info: driver.version: unknown
	at com.kms.katalon.core.webui.driver.DriverFactory.verifyWebDriverIsOpen(DriverFactory.java:600)
	at com.kms.katalon.core.webui.driver.DriverFactory.verifyWebDriver(DriverFactory.java:585)
	at com.kms.katalon.core.webui.driver.DriverFactory.getWebDriver(DriverFactory.java:559)
	at com.kms.katalon.core.webui.keyword.builtin.TakeScreenshotKeyword$_takeScreenshot_closure1.doCall(TakeScreenshotKeyword.groovy:95)
	at com.kms.katalon.core.webui.keyword.builtin.TakeScreenshotKeyword$_takeScreenshot_closure1.call(TakeScreenshotKeyword.groovy)
	at com.kms.katalon.core.webui.keyword.internal.WebUIKeywordMain.runKeyword(WebUIKeywordMain.groovy:41)
	... 20 more


29-05-2026T16:47:05 - [TEST_STEP][PASSED] - status = testCaseContext.getTestCaseStatus(): null

29-05-2026T16:47:05 - [TEST_STEP][PASSED] - if (status == "PASSED"): null

29-05-2026T16:47:05 - [TEST_STEP][PASSED] - saveScreenshot("PASSED"): null

29-05-2026T16:47:05 - [TEST_STEP][PASSED] - tcName = getTestCaseName(): null

29-05-2026T16:47:05 - [TEST_STEP][PASSED] - return com.kms.katalon.core.configuration.RunConfiguration.getExecutionSourceName().replace(Test Cases/, ).replaceAll([\\/:*?"<>|], _): null

29-05-2026T16:47:05 - [TEST_STEP][PASSED] - folderPath = Screenshot/$status/$tcName/: null

29-05-2026T16:47:05 - [TEST_STEP][PASSED] - Files.createDirectories(Paths.get(folderPath)): null

29-05-2026T16:47:05 - [TEST_STEP][PASSED] - screenshotPath = $folderPath$status_$this.getTimestamp().png: null

29-05-2026T16:47:05 - [TEST_STEP][PASSED] - return new java.text.SimpleDateFormat(yyyyMMdd_HHmmss).format(new java.util.Date()): null

29-05-2026T16:47:05 - [TEST_STEP][ERROR] - takeScreenshot(screenshotPath): com.kms.katalon.core.exception.StepFailedException: Cannot take screenshot
	at com.kms.katalon.core.webui.keyword.internal.WebUIKeywordMain.stepFailed(WebUIKeywordMain.groovy:177)
	at com.kms.katalon.core.webui.keyword.internal.WebUIKeywordMain.runKeyword(WebUIKeywordMain.groovy:49)
	at com.kms.katalon.core.webui.keyword.builtin.TakeScreenshotKeyword.takeScreenshot(TakeScreenshotKeyword.groovy:93)
	at com.kms.katalon.core.webui.keyword.builtin.TakeScreenshotKeyword.execute(TakeScreenshotKeyword.groovy:49)
	at com.kms.katalon.core.keyword.internal.KeywordExecutor.executeKeywordForPlatform(KeywordExecutor.groovy:99)
	at com.kms.katalon.core.webui.keyword.WebUiBuiltInKeywords.takeScreenshot(WebUiBuiltInKeywords.groovy:3076)
	at AutoScreenshotListener.saveScreenshot(AutoScreenshotListener.groovy:57)
	at AutoScreenshotListener.afterTestCase(AutoScreenshotListener.groovy:69)
	at java.base/jdk.internal.reflect.DirectMethodHandleAccessor.invoke(DirectMethodHandleAccessor.java:103)
	at com.kms.katalon.core.context.internal.TestHooker.invokeMethod(TestHooker.java:111)
	at com.kms.katalon.core.context.internal.TestHooker.lambda$3(TestHooker.java:95)
	at com.kms.katalon.core.context.internal.TestHooker.invokeContextMethods(TestHooker.java:94)
	at com.kms.katalon.core.context.internal.TestListenerCollector.lambda$3(TestListenerCollector.java:88)
	at com.kms.katalon.core.context.internal.TestListenerCollector.handleListenerEvent(TestListenerCollector.java:85)
	at com.kms.katalon.core.context.internal.ExecutionEventManager.publicEvent(ExecutionEventManager.java:47)
	at com.kms.katalon.core.main.TestCaseExecutor.execute(TestCaseExecutor.java:366)
	at com.kms.katalon.core.common.CommonExecutor.accessTestCaseMainPhase(CommonExecutor.java:71)
	at com.kms.katalon.core.main.TestSuiteExecutor.accessTestSuiteMainPhase(TestSuiteExecutor.java:153)
	at com.kms.katalon.core.main.TestSuiteExecutor.execute(TestSuiteExecutor.java:110)
	at com.kms.katalon.core.main.TestCaseMain.startTestSuite(TestCaseMain.java:206)
	at S0529_54.run(S0529_54.groovy:40)
	at java.base/jdk.internal.reflect.DirectMethodHandleAccessor.invoke(DirectMethodHandleAccessor.java:103)
Caused by: com.kms.katalon.core.webui.exception.BrowserNotOpenedException: Browser is not opened
Build info: version: '4.39.0', revision: '126f156aee'
System info: os.name: 'Windows 11', os.arch: 'amd64', os.version: '10.0', java.version: '21.0.9'
Driver info: driver.version: unknown
	at com.kms.katalon.core.webui.driver.DriverFactory.verifyWebDriverIsOpen(DriverFactory.java:600)
	at com.kms.katalon.core.webui.driver.DriverFactory.verifyWebDriver(DriverFactory.java:585)
	at com.kms.katalon.core.webui.driver.DriverFactory.getWebDriver(DriverFactory.java:559)
	at com.kms.katalon.core.webui.keyword.builtin.TakeScreenshotKeyword$_takeScreenshot_closure1.doCall(TakeScreenshotKeyword.groovy:95)
	at com.kms.katalon.core.webui.keyword.builtin.TakeScreenshotKeyword$_takeScreenshot_closure1.call(TakeScreenshotKeyword.groovy)
	at com.kms.katalon.core.webui.keyword.internal.WebUIKeywordMain.runKeyword(WebUIKeywordMain.groovy:41)
	... 20 more


29-05-2026T16:47:05 - [MESSAGE][FAILED] - Cannot take screenshot (Root cause: com.kms.katalon.core.exception.StepFailedException: Cannot take screenshot
	at com.kms.katalon.core.webui.keyword.internal.WebUIKeywordMain.stepFailed(WebUIKeywordMain.groovy:177)
	at com.kms.katalon.core.webui.keyword.internal.WebUIKeywordMain.runKeyword(WebUIKeywordMain.groovy:49)
	at com.kms.katalon.core.webui.keyword.builtin.TakeScreenshotKeyword.takeScreenshot(TakeScreenshotKeyword.groovy:93)
	at com.kms.katalon.core.webui.keyword.builtin.TakeScreenshotKeyword.execute(TakeScreenshotKeyword.groovy:49)
	at com.kms.katalon.core.keyword.internal.KeywordExecutor.executeKeywordForPlatform(KeywordExecutor.groovy:99)
	at com.kms.katalon.core.webui.keyword.WebUiBuiltInKeywords.takeScreenshot(WebUiBuiltInKeywords.groovy:3076)
	at AutoScreenshotListener.saveScreenshot(AutoScreenshotListener.groovy:57)
	at AutoScreenshotListener.afterTestCase(AutoScreenshotListener.groovy:69)
	at java.base/jdk.internal.reflect.DirectMethodHandleAccessor.invoke(DirectMethodHandleAccessor.java:103)
	at com.kms.katalon.core.context.internal.TestHooker.invokeMethod(TestHooker.java:111)
	at com.kms.katalon.core.context.internal.TestHooker.lambda$3(TestHooker.java:95)
	at com.kms.katalon.core.context.internal.TestHooker.invokeContextMethods(TestHooker.java:94)
	at com.kms.katalon.core.context.internal.TestListenerCollector.lambda$3(TestListenerCollector.java:88)
	at com.kms.katalon.core.context.internal.TestListenerCollector.handleListenerEvent(TestListenerCollector.java:85)
	at com.kms.katalon.core.context.internal.ExecutionEventManager.publicEvent(ExecutionEventManager.java:47)
	at com.kms.katalon.core.main.TestCaseExecutor.execute(TestCaseExecutor.java:366)
	at com.kms.katalon.core.common.CommonExecutor.accessTestCaseMainPhase(CommonExecutor.java:71)
	at com.kms.katalon.core.main.TestSuiteExecutor.accessTestSuiteMainPhase(TestSuiteExecutor.java:153)
	at com.kms.katalon.core.main.TestSuiteExecutor.execute(TestSuiteExecutor.java:110)
	at com.kms.katalon.core.main.TestCaseMain.startTestSuite(TestCaseMain.java:206)
	at S0529_54.run(S0529_54.groovy:40)
	at java.base/jdk.internal.reflect.DirectMethodHandleAccessor.invoke(DirectMethodHandleAccessor.java:103)
Caused by: com.kms.katalon.core.webui.exception.BrowserNotOpenedException: Browser is not opened
Build info: version: '4.39.0', revision: '126f156aee'
System info: os.name: 'Windows 11', os.arch: 'amd64', os.version: '10.0', java.version: '21.0.9'
Driver info: driver.version: unknown
	at com.kms.katalon.core.webui.driver.DriverFactory.verifyWebDriverIsOpen(DriverFactory.java:600)
	at com.kms.katalon.core.webui.driver.DriverFactory.verifyWebDriver(DriverFactory.java:585)
	at com.kms.katalon.core.webui.driver.DriverFactory.getWebDriver(DriverFactory.java:559)
	at com.kms.katalon.core.webui.keyword.builtin.TakeScreenshotKeyword$_takeScreenshot_closure1.doCall(TakeScreenshotKeyword.groovy:95)
	at com.kms.katalon.core.webui.keyword.builtin.TakeScreenshotKeyword$_takeScreenshot_closure1.call(TakeScreenshotKeyword.groovy)
	at com.kms.katalon.core.webui.keyword.internal.WebUIKeywordMain.runKeyword(WebUIKeywordMain.groovy:41)
	... 20 more
)

29-05-2026T16:47:05 - [MESSAGE][ERROR] - com.kms.katalon.core.exception.StepFailedException: Cannot take screenshot
	at com.kms.katalon.core.webui.keyword.internal.WebUIKeywordMain.stepFailed(WebUIKeywordMain.groovy:177)
	at com.kms.katalon.core.webui.keyword.internal.WebUIKeywordMain.runKeyword(WebUIKeywordMain.groovy:49)
	at com.kms.katalon.core.webui.keyword.builtin.TakeScreenshotKeyword.takeScreenshot(TakeScreenshotKeyword.groovy:93)
	at com.kms.katalon.core.webui.keyword.builtin.TakeScreenshotKeyword.execute(TakeScreenshotKeyword.groovy:49)
	at com.kms.katalon.core.keyword.internal.KeywordExecutor.executeKeywordForPlatform(KeywordExecutor.groovy:99)
	at com.kms.katalon.core.webui.keyword.WebUiBuiltInKeywords.takeScreenshot(WebUiBuiltInKeywords.groovy:3076)
	at AutoScreenshotListener.saveScreenshot(AutoScreenshotListener.groovy:57)
	at AutoScreenshotListener.afterTestCase(AutoScreenshotListener.groovy:69)
	at java.base/jdk.internal.reflect.DirectMethodHandleAccessor.invoke(DirectMethodHandleAccessor.java:103)
	at com.kms.katalon.core.context.internal.TestHooker.invokeMethod(TestHooker.java:111)
	at com.kms.katalon.core.context.internal.TestHooker.lambda$3(TestHooker.java:95)
	at com.kms.katalon.core.context.internal.TestHooker.invokeContextMethods(TestHooker.java:94)
	at com.kms.katalon.core.context.internal.TestListenerCollector.lambda$3(TestListenerCollector.java:88)
	at com.kms.katalon.core.context.internal.TestListenerCollector.handleListenerEvent(TestListenerCollector.java:85)
	at com.kms.katalon.core.context.internal.ExecutionEventManager.publicEvent(ExecutionEventManager.java:47)
	at com.kms.katalon.core.main.TestCaseExecutor.execute(TestCaseExecutor.java:366)
	at com.kms.katalon.core.common.CommonExecutor.accessTestCaseMainPhase(CommonExecutor.java:71)
	at com.kms.katalon.core.main.TestSuiteExecutor.accessTestSuiteMainPhase(TestSuiteExecutor.java:153)
	at com.kms.katalon.core.main.TestSuiteExecutor.execute(TestSuiteExecutor.java:110)
	at com.kms.katalon.core.main.TestCaseMain.startTestSuite(TestCaseMain.java:206)
	at S0529_54.run(S0529_54.groovy:40)
	at java.base/jdk.internal.reflect.DirectMethodHandleAccessor.invoke(DirectMethodHandleAccessor.java:103)
Caused by: com.kms.katalon.core.webui.exception.BrowserNotOpenedException: Browser is not opened
Build info: version: '4.39.0', revision: '126f156aee'
System info: os.name: 'Windows 11', os.arch: 'amd64', os.version: '10.0', java.version: '21.0.9'
Driver info: driver.version: unknown
	at com.kms.katalon.core.webui.driver.DriverFactory.verifyWebDriverIsOpen(DriverFactory.java:600)
	at com.kms.katalon.core.webui.driver.DriverFactory.verifyWebDriver(DriverFactory.java:585)
	at com.kms.katalon.core.webui.driver.DriverFactory.getWebDriver(DriverFactory.java:559)
	at com.kms.katalon.core.webui.keyword.builtin.TakeScreenshotKeyword$_takeScreenshot_closure1.doCall(TakeScreenshotKeyword.groovy:95)
	at com.kms.katalon.core.webui.keyword.builtin.TakeScreenshotKeyword$_takeScreenshot_closure1.call(TakeScreenshotKeyword.groovy)
	at com.kms.katalon.core.webui.keyword.internal.WebUIKeywordMain.runKeyword(WebUIKeywordMain.groovy:41)
	... 20 more]]></system-out>
         <system-err><![CDATA[]]></system-err>
      </testcase>
      <system-out><![CDATA[29-05-2026T16:39:49 - [TEST_SUITE][PASSED] - ProductCart_TestSuite: null]]></system-out>
      <system-err><![CDATA[]]></system-err>
   </testsuite>
</testsuites>
