<?xml version="1.0" encoding="UTF-8"?>
<testsuites name="Registration_TestSuite" time="96.128" tests="4" passed="4" failures="0" errors="0" incompleted="0" skipped="0">
   <testsuite name="Registration_TestSuite" tests="4" passed="4" failures="0" errors="0" incompleted="0" skipped="0" time="96.128" timestamp="2026-05-29T07:12:34.886Z" hostname="AgungPriyadi - NB-GDA-55026" id="Test Suites/WEB/Registration/Registration_TestSuite" status="PASSED">
      <properties>
[...]
</properties>
      <testcase name="Test Cases/WEB/Registration/Register with duplicate Account" time="30.094" classname="Test Cases/WEB/Registration/Register with duplicate Account" status="PASSED">
         <system-out><![CDATA[29-05-2026T14:12:35 - [TEST_CASE][PASSED] - Test Cases/WEB/Registration/Register with duplicate Account: Test Cases/WEB/Registration/Register with duplicate Account

29-05-2026T14:12:37 - [TEST_STEP][PASSED] - openBrowser(URL): Browser is opened with url: 'https://d-digibox-kh.blubox.id/'

29-05-2026T14:12:39 - [MESSAGE][INFO] - Starting 'Chrome (headless)' driver

29-05-2026T14:12:39 - [MESSAGE][INFO] - User set preference: ['args', '[--disable-dev-shm-usage, --no-sandbox, --disable-gpu, --window-size=1920,1080]']

29-05-2026T14:12:39 - [MESSAGE][INFO] - Action delay is set to 0 milliseconds

29-05-2026T14:12:47 - [MESSAGE][PASSED] - Browser is opened with url: 'https://d-digibox-kh.blubox.id/'

29-05-2026T14:12:47 - [TEST_STEP][PASSED] - custom.BrowserHelper.setupBrowserWindow(): custom.BrowserHelper.setupBrowserWindow is PASSED

29-05-2026T14:12:48 - [MESSAGE][PASSED] - Viewport is set to new size with width = 1920 and height = 1080

29-05-2026T14:12:48 - [MESSAGE][PASSED] - custom.BrowserHelper.setupBrowserWindow is PASSED

29-05-2026T14:12:48 - [TEST_STEP][PASSED] - verifyElementVisible(findTestObject("Home Page/header_digibox")): Object 'Object Repository/Home Page/header_digibox' is visible

29-05-2026T14:12:48 - [MESSAGE][PASSED] - Object 'Object Repository/Home Page/header_digibox' is visible

29-05-2026T14:12:48 - [TEST_STEP][PASSED] - click(findTestObject("Registration/icon-acount")): Object: 'Object Repository/Registration/icon-acount' is clicked on

29-05-2026T14:12:49 - [MESSAGE][PASSED] - Object: 'Object Repository/Registration/icon-acount' is clicked on

29-05-2026T14:12:49 - [TEST_STEP][PASSED] - custom.BrowserHelper.closeFirefoxPopup(): custom.BrowserHelper.closeFirefoxPopup is PASSED

29-05-2026T14:12:50 - [MESSAGE][PASSED] - Delayed 1 second(s)

29-05-2026T14:12:51 - [MESSAGE][WARNING] - Test object with id 'Object Repository/' does not exist

29-05-2026T14:12:51 - [MESSAGE][PASSED] - Keys 'ESCAPE + ' sent to object: 'tempBody'

29-05-2026T14:12:51 - [MESSAGE][PASSED] - Execute JavaScript 'document.body.click();' successfully

29-05-2026T14:12:52 - [MESSAGE][PASSED] - Delayed 1 second(s)

29-05-2026T14:12:52 - [MESSAGE][PASSED] - custom.BrowserHelper.closeFirefoxPopup is PASSED

29-05-2026T14:12:52 - [TEST_STEP][PASSED] - click(findTestObject("Registration/btn-create-new-account")): Object: 'Object Repository/Registration/btn-create-new-account' is clicked on

29-05-2026T14:12:53 - [MESSAGE][PASSED] - Object: 'Object Repository/Registration/btn-create-new-account' is clicked on

29-05-2026T14:12:53 - [TEST_STEP][PASSED] - setText(findTestObject("Registration/field-Email"), "agungpriyadi@gmail.com"): Text 'agungpriyadi@gmail.com' is set on object 'Object Repository/Registration/field-Email'

29-05-2026T14:12:56 - [MESSAGE][PASSED] - Text 'agungpriyadi@gmail.com' is set on object 'Object Repository/Registration/field-Email'

29-05-2026T14:12:56 - [TEST_STEP][PASSED] - setText(findTestObject("Registration/field-account"), "agungpriyadi"): Text 'agungpriyadi' is set on object 'Object Repository/Registration/field-account'

29-05-2026T14:12:58 - [MESSAGE][PASSED] - Text 'agungpriyadi' is set on object 'Object Repository/Registration/field-account'

29-05-2026T14:12:58 - [TEST_STEP][PASSED] - setText(findTestObject("Registration/field-Password"), "Laskar123456"): Text 'Laskar123456' is set on object 'Object Repository/Registration/field-Password'

29-05-2026T14:12:59 - [MESSAGE][PASSED] - Text 'Laskar123456' is set on object 'Object Repository/Registration/field-Password'

29-05-2026T14:12:59 - [TEST_STEP][PASSED] - click(findTestObject("Registration/btn-sign-up")): Object: 'Object Repository/Registration/btn-sign-up' is clicked on

29-05-2026T14:13:00 - [MESSAGE][PASSED] - Object: 'Object Repository/Registration/btn-sign-up' is clicked on

29-05-2026T14:13:00 - [TEST_STEP][PASSED] - verifyElementText(findTestObject("Registration/verify-duplicate-account"), "Duplicated-unknown-error."): Actual text and expected text of test object 'Object Repository/Registration/verify-duplicate-account' are matched.

29-05-2026T14:13:01 - [MESSAGE][PASSED] - Actual text and expected text of test object 'Object Repository/Registration/verify-duplicate-account' are matched.

29-05-2026T14:13:01 - [TEST_STEP][PASSED] - takeScreenshot(): Taking screenshot successfully

29-05-2026T14:13:01 - [MESSAGE][PASSED] - Taking screenshot successfully
[[ATTACHMENT|C:\\Users\\AgungPriyadi\\git\\digibox-kh\\Reports\\20260529_132906\\WEB\\Registration\\Registration_TestSuite\\20260529_132912\\1780038781176.png]]

29-05-2026T14:13:01 - [TEST_STEP][PASSED] - closeBrowser(): Browser is closed

29-05-2026T14:13:02 - [MESSAGE][PASSED] - Browser is closed

29-05-2026T14:13:02 - [TEST_STEP][ERROR] - Start listener action : afterTestCase: com.kms.katalon.core.exception.StepFailedException: Cannot take screenshot
	at com.kms.katalon.core.webui.keyword.internal.WebUIKeywordMain.stepFailed(WebUIKeywordMain.groovy:177)
	at com.kms.katalon.core.webui.keyword.internal.WebUIKeywordMain.runKeyword(WebUIKeywordMain.groovy:49)
	at com.kms.katalon.core.webui.keyword.builtin.TakeScreenshotKeyword.takeScreenshot(TakeScreenshotKeyword.groovy:93)
	at com.kms.katalon.core.webui.keyword.builtin.TakeScreenshotKeyword.execute(TakeScreenshotKeyword.groovy:49)
	at com.kms.katalon.core.keyword.internal.KeywordExecutor.executeKeywordForPlatform(KeywordExecutor.groovy:99)
	at com.kms.katalon.core.webui.keyword.WebUiBuiltInKeywords.takeScreenshot(WebUiBuiltInKeywords.groovy:3076)
	at AutoScreenshotListener.saveScreenshot(AutoScreenshotListener.groovy:59)
	at AutoScreenshotListener.afterTestCase(AutoScreenshotListener.groovy:71)
	at java.base/jdk.internal.reflect.DirectMethodHandleAccessor.invoke(DirectMethodHandleAccessor.java:103)
	at com.kms.katalon.core.context.internal.TestHooker.invokeMethod(TestHooker.java:111)
	at com.kms.katalon.core.context.internal.TestHooker.lambda$3(TestHooker.java:95)
	at com.kms.katalon.core.context.internal.TestHooker.invokeContextMethods(TestHooker.java:94)
	at com.kms.katalon.core.context.internal.TestListenerCollector.lambda$3(TestListenerCollector.java:88)
	at com.kms.katalon.core.context.internal.TestListenerCollector.handleListenerEvent(TestListenerCollector.java:85)
	at com.kms.katalon.core.context.internal.ExecutionEventManager.publicEvent(ExecutionEventManager.java:47)
	at com.kms.katalon.core.main.TestCaseExecutor.execute(TestCaseExecutor.java:366)
	at com.kms.katalon.core.common.CommonExecutor.accessTestCaseMainPhase(CommonExecutor.java:71)
	at com.kms.katalon.core.main.TestSuiteExecutor.accessTestSuiteMainPhase(TestSuiteExecutor.java:153)
	at com.kms.katalon.core.main.TestSuiteExecutor.execute(TestSuiteExecutor.java:110)
	at com.kms.katalon.core.main.TestCaseMain.startTestSuite(TestCaseMain.java:206)
	at S0529_42.run(S0529_42.groovy:40)
	at java.base/jdk.internal.reflect.DirectMethodHandleAccessor.invoke(DirectMethodHandleAccessor.java:103)
Caused by: com.kms.katalon.core.webui.exception.BrowserNotOpenedException: Browser is not opened
Build info: version: '4.39.0', revision: '126f156aee'
System info: os.name: 'Windows 11', os.arch: 'amd64', os.version: '10.0', java.version: '21.0.9'
Driver info: driver.version: unknown
	at com.kms.katalon.core.webui.driver.DriverFactory.verifyWebDriverIsOpen(DriverFactory.java:600)
	at com.kms.katalon.core.webui.driver.DriverFactory.verifyWebDriver(DriverFactory.java:585)
	at com.kms.katalon.core.webui.driver.DriverFactory.getWebDriver(DriverFactory.java:559)
	at com.kms.katalon.core.webui.keyword.builtin.TakeScreenshotKeyword$_takeScreenshot_closure1.doCall(TakeScreenshotKeyword.groovy:95)
	at com.kms.katalon.core.webui.keyword.builtin.TakeScreenshotKeyword$_takeScreenshot_closure1.call(TakeScreenshotKeyword.groovy)
	at com.kms.katalon.core.webui.keyword.internal.WebUIKeywordMain.runKeyword(WebUIKeywordMain.groovy:41)
	... 20 more


29-05-2026T14:13:02 - [TEST_STEP][PASSED] - status = testCaseContext.getTestCaseStatus(): null

29-05-2026T14:13:02 - [TEST_STEP][PASSED] - if (status == "PASSED"): null

29-05-2026T14:13:02 - [TEST_STEP][PASSED] - saveScreenshot("PASSED"): null

29-05-2026T14:13:02 - [TEST_STEP][PASSED] - tcName = getTestCaseName(): null

29-05-2026T14:13:02 - [TEST_STEP][PASSED] - return com.kms.katalon.core.configuration.RunConfiguration.getExecutionSourceName().replace(Test Cases/, ).replaceAll([\\/:*?"<>|], _): null

29-05-2026T14:13:03 - [TEST_STEP][PASSED] - folderPath = Screenshot/$status/$tcName/: null

29-05-2026T14:13:03 - [TEST_STEP][PASSED] - Files.createDirectories(Paths.get(folderPath)): null

29-05-2026T14:13:03 - [TEST_STEP][PASSED] - screenshotPath = $folderPath$status_$this.getTimestamp().png: null

29-05-2026T14:13:03 - [TEST_STEP][PASSED] - return new java.text.SimpleDateFormat(yyyyMMdd_HHmmss).format(new java.util.Date()): null

29-05-2026T14:13:03 - [TEST_STEP][ERROR] - takeScreenshot(screenshotPath): com.kms.katalon.core.exception.StepFailedException: Cannot take screenshot
	at com.kms.katalon.core.webui.keyword.internal.WebUIKeywordMain.stepFailed(WebUIKeywordMain.groovy:177)
	at com.kms.katalon.core.webui.keyword.internal.WebUIKeywordMain.runKeyword(WebUIKeywordMain.groovy:49)
	at com.kms.katalon.core.webui.keyword.builtin.TakeScreenshotKeyword.takeScreenshot(TakeScreenshotKeyword.groovy:93)
	at com.kms.katalon.core.webui.keyword.builtin.TakeScreenshotKeyword.execute(TakeScreenshotKeyword.groovy:49)
	at com.kms.katalon.core.keyword.internal.KeywordExecutor.executeKeywordForPlatform(KeywordExecutor.groovy:99)
	at com.kms.katalon.core.webui.keyword.WebUiBuiltInKeywords.takeScreenshot(WebUiBuiltInKeywords.groovy:3076)
	at AutoScreenshotListener.saveScreenshot(AutoScreenshotListener.groovy:59)
	at AutoScreenshotListener.afterTestCase(AutoScreenshotListener.groovy:71)
	at java.base/jdk.internal.reflect.DirectMethodHandleAccessor.invoke(DirectMethodHandleAccessor.java:103)
	at com.kms.katalon.core.context.internal.TestHooker.invokeMethod(TestHooker.java:111)
	at com.kms.katalon.core.context.internal.TestHooker.lambda$3(TestHooker.java:95)
	at com.kms.katalon.core.context.internal.TestHooker.invokeContextMethods(TestHooker.java:94)
	at com.kms.katalon.core.context.internal.TestListenerCollector.lambda$3(TestListenerCollector.java:88)
	at com.kms.katalon.core.context.internal.TestListenerCollector.handleListenerEvent(TestListenerCollector.java:85)
	at com.kms.katalon.core.context.internal.ExecutionEventManager.publicEvent(ExecutionEventManager.java:47)
	at com.kms.katalon.core.main.TestCaseExecutor.execute(TestCaseExecutor.java:366)
	at com.kms.katalon.core.common.CommonExecutor.accessTestCaseMainPhase(CommonExecutor.java:71)
	at com.kms.katalon.core.main.TestSuiteExecutor.accessTestSuiteMainPhase(TestSuiteExecutor.java:153)
	at com.kms.katalon.core.main.TestSuiteExecutor.execute(TestSuiteExecutor.java:110)
	at com.kms.katalon.core.main.TestCaseMain.startTestSuite(TestCaseMain.java:206)
	at S0529_42.run(S0529_42.groovy:40)
	at java.base/jdk.internal.reflect.DirectMethodHandleAccessor.invoke(DirectMethodHandleAccessor.java:103)
Caused by: com.kms.katalon.core.webui.exception.BrowserNotOpenedException: Browser is not opened
Build info: version: '4.39.0', revision: '126f156aee'
System info: os.name: 'Windows 11', os.arch: 'amd64', os.version: '10.0', java.version: '21.0.9'
Driver info: driver.version: unknown
	at com.kms.katalon.core.webui.driver.DriverFactory.verifyWebDriverIsOpen(DriverFactory.java:600)
	at com.kms.katalon.core.webui.driver.DriverFactory.verifyWebDriver(DriverFactory.java:585)
	at com.kms.katalon.core.webui.driver.DriverFactory.getWebDriver(DriverFactory.java:559)
	at com.kms.katalon.core.webui.keyword.builtin.TakeScreenshotKeyword$_takeScreenshot_closure1.doCall(TakeScreenshotKeyword.groovy:95)
	at com.kms.katalon.core.webui.keyword.builtin.TakeScreenshotKeyword$_takeScreenshot_closure1.call(TakeScreenshotKeyword.groovy)
	at com.kms.katalon.core.webui.keyword.internal.WebUIKeywordMain.runKeyword(WebUIKeywordMain.groovy:41)
	... 20 more


29-05-2026T14:13:03 - [MESSAGE][FAILED] - Cannot take screenshot (Root cause: com.kms.katalon.core.exception.StepFailedException: Cannot take screenshot
	at com.kms.katalon.core.webui.keyword.internal.WebUIKeywordMain.stepFailed(WebUIKeywordMain.groovy:177)
	at com.kms.katalon.core.webui.keyword.internal.WebUIKeywordMain.runKeyword(WebUIKeywordMain.groovy:49)
	at com.kms.katalon.core.webui.keyword.builtin.TakeScreenshotKeyword.takeScreenshot(TakeScreenshotKeyword.groovy:93)
	at com.kms.katalon.core.webui.keyword.builtin.TakeScreenshotKeyword.execute(TakeScreenshotKeyword.groovy:49)
	at com.kms.katalon.core.keyword.internal.KeywordExecutor.executeKeywordForPlatform(KeywordExecutor.groovy:99)
	at com.kms.katalon.core.webui.keyword.WebUiBuiltInKeywords.takeScreenshot(WebUiBuiltInKeywords.groovy:3076)
	at AutoScreenshotListener.saveScreenshot(AutoScreenshotListener.groovy:59)
	at AutoScreenshotListener.afterTestCase(AutoScreenshotListener.groovy:71)
	at java.base/jdk.internal.reflect.DirectMethodHandleAccessor.invoke(DirectMethodHandleAccessor.java:103)
	at com.kms.katalon.core.context.internal.TestHooker.invokeMethod(TestHooker.java:111)
	at com.kms.katalon.core.context.internal.TestHooker.lambda$3(TestHooker.java:95)
	at com.kms.katalon.core.context.internal.TestHooker.invokeContextMethods(TestHooker.java:94)
	at com.kms.katalon.core.context.internal.TestListenerCollector.lambda$3(TestListenerCollector.java:88)
	at com.kms.katalon.core.context.internal.TestListenerCollector.handleListenerEvent(TestListenerCollector.java:85)
	at com.kms.katalon.core.context.internal.ExecutionEventManager.publicEvent(ExecutionEventManager.java:47)
	at com.kms.katalon.core.main.TestCaseExecutor.execute(TestCaseExecutor.java:366)
	at com.kms.katalon.core.common.CommonExecutor.accessTestCaseMainPhase(CommonExecutor.java:71)
	at com.kms.katalon.core.main.TestSuiteExecutor.accessTestSuiteMainPhase(TestSuiteExecutor.java:153)
	at com.kms.katalon.core.main.TestSuiteExecutor.execute(TestSuiteExecutor.java:110)
	at com.kms.katalon.core.main.TestCaseMain.startTestSuite(TestCaseMain.java:206)
	at S0529_42.run(S0529_42.groovy:40)
	at java.base/jdk.internal.reflect.DirectMethodHandleAccessor.invoke(DirectMethodHandleAccessor.java:103)
Caused by: com.kms.katalon.core.webui.exception.BrowserNotOpenedException: Browser is not opened
Build info: version: '4.39.0', revision: '126f156aee'
System info: os.name: 'Windows 11', os.arch: 'amd64', os.version: '10.0', java.version: '21.0.9'
Driver info: driver.version: unknown
	at com.kms.katalon.core.webui.driver.DriverFactory.verifyWebDriverIsOpen(DriverFactory.java:600)
	at com.kms.katalon.core.webui.driver.DriverFactory.verifyWebDriver(DriverFactory.java:585)
	at com.kms.katalon.core.webui.driver.DriverFactory.getWebDriver(DriverFactory.java:559)
	at com.kms.katalon.core.webui.keyword.builtin.TakeScreenshotKeyword$_takeScreenshot_closure1.doCall(TakeScreenshotKeyword.groovy:95)
	at com.kms.katalon.core.webui.keyword.builtin.TakeScreenshotKeyword$_takeScreenshot_closure1.call(TakeScreenshotKeyword.groovy)
	at com.kms.katalon.core.webui.keyword.internal.WebUIKeywordMain.runKeyword(WebUIKeywordMain.groovy:41)
	... 20 more
)

29-05-2026T14:13:03 - [MESSAGE][ERROR] - com.kms.katalon.core.exception.StepFailedException: Cannot take screenshot
	at com.kms.katalon.core.webui.keyword.internal.WebUIKeywordMain.stepFailed(WebUIKeywordMain.groovy:177)
	at com.kms.katalon.core.webui.keyword.internal.WebUIKeywordMain.runKeyword(WebUIKeywordMain.groovy:49)
	at com.kms.katalon.core.webui.keyword.builtin.TakeScreenshotKeyword.takeScreenshot(TakeScreenshotKeyword.groovy:93)
	at com.kms.katalon.core.webui.keyword.builtin.TakeScreenshotKeyword.execute(TakeScreenshotKeyword.groovy:49)
	at com.kms.katalon.core.keyword.internal.KeywordExecutor.executeKeywordForPlatform(KeywordExecutor.groovy:99)
	at com.kms.katalon.core.webui.keyword.WebUiBuiltInKeywords.takeScreenshot(WebUiBuiltInKeywords.groovy:3076)
	at AutoScreenshotListener.saveScreenshot(AutoScreenshotListener.groovy:59)
	at AutoScreenshotListener.afterTestCase(AutoScreenshotListener.groovy:71)
	at java.base/jdk.internal.reflect.DirectMethodHandleAccessor.invoke(DirectMethodHandleAccessor.java:103)
	at com.kms.katalon.core.context.internal.TestHooker.invokeMethod(TestHooker.java:111)
	at com.kms.katalon.core.context.internal.TestHooker.lambda$3(TestHooker.java:95)
	at com.kms.katalon.core.context.internal.TestHooker.invokeContextMethods(TestHooker.java:94)
	at com.kms.katalon.core.context.internal.TestListenerCollector.lambda$3(TestListenerCollector.java:88)
	at com.kms.katalon.core.context.internal.TestListenerCollector.handleListenerEvent(TestListenerCollector.java:85)
	at com.kms.katalon.core.context.internal.ExecutionEventManager.publicEvent(ExecutionEventManager.java:47)
	at com.kms.katalon.core.main.TestCaseExecutor.execute(TestCaseExecutor.java:366)
	at com.kms.katalon.core.common.CommonExecutor.accessTestCaseMainPhase(CommonExecutor.java:71)
	at com.kms.katalon.core.main.TestSuiteExecutor.accessTestSuiteMainPhase(TestSuiteExecutor.java:153)
	at com.kms.katalon.core.main.TestSuiteExecutor.execute(TestSuiteExecutor.java:110)
	at com.kms.katalon.core.main.TestCaseMain.startTestSuite(TestCaseMain.java:206)
	at S0529_42.run(S0529_42.groovy:40)
	at java.base/jdk.internal.reflect.DirectMethodHandleAccessor.invoke(DirectMethodHandleAccessor.java:103)
Caused by: com.kms.katalon.core.webui.exception.BrowserNotOpenedException: Browser is not opened
Build info: version: '4.39.0', revision: '126f156aee'
System info: os.name: 'Windows 11', os.arch: 'amd64', os.version: '10.0', java.version: '21.0.9'
Driver info: driver.version: unknown
	at com.kms.katalon.core.webui.driver.DriverFactory.verifyWebDriverIsOpen(DriverFactory.java:600)
	at com.kms.katalon.core.webui.driver.DriverFactory.verifyWebDriver(DriverFactory.java:585)
	at com.kms.katalon.core.webui.driver.DriverFactory.getWebDriver(DriverFactory.java:559)
	at com.kms.katalon.core.webui.keyword.builtin.TakeScreenshotKeyword$_takeScreenshot_closure1.doCall(TakeScreenshotKeyword.groovy:95)
	at com.kms.katalon.core.webui.keyword.builtin.TakeScreenshotKeyword$_takeScreenshot_closure1.call(TakeScreenshotKeyword.groovy)
	at com.kms.katalon.core.webui.keyword.internal.WebUIKeywordMain.runKeyword(WebUIKeywordMain.groovy:41)
	... 20 more]]></system-out>
         <system-err><![CDATA[]]></system-err>
      </testcase>
      <testcase name="Test Cases/WEB/Registration/Register with duplicate Email" time="20.148" classname="Test Cases/WEB/Registration/Register with duplicate Email" status="PASSED">
         <system-out><![CDATA[29-05-2026T14:13:05 - [TEST_CASE][PASSED] - Test Cases/WEB/Registration/Register with duplicate Email: Test Cases/WEB/Registration/Register with duplicate Email

29-05-2026T14:13:06 - [TEST_STEP][PASSED] - openBrowser(URL): Browser is opened with url: 'https://d-digibox-kh.blubox.id/'

29-05-2026T14:13:06 - [MESSAGE][INFO] - Starting 'Chrome (headless)' driver

29-05-2026T14:13:06 - [MESSAGE][INFO] - User set preference: ['args', '[--disable-dev-shm-usage, --no-sandbox, --disable-gpu, --window-size=1920,1080]']

29-05-2026T14:13:06 - [MESSAGE][INFO] - Action delay is set to 0 milliseconds

29-05-2026T14:13:09 - [MESSAGE][PASSED] - Browser is opened with url: 'https://d-digibox-kh.blubox.id/'

29-05-2026T14:13:09 - [TEST_STEP][PASSED] - custom.BrowserHelper.setupBrowserWindow(): custom.BrowserHelper.setupBrowserWindow is PASSED

29-05-2026T14:13:09 - [MESSAGE][PASSED] - Viewport is set to new size with width = 1920 and height = 1080

29-05-2026T14:13:09 - [MESSAGE][PASSED] - custom.BrowserHelper.setupBrowserWindow is PASSED

29-05-2026T14:13:09 - [TEST_STEP][PASSED] - verifyElementVisible(findTestObject("Home Page/header_digibox")): Object 'Object Repository/Home Page/header_digibox' is visible

29-05-2026T14:13:09 - [MESSAGE][PASSED] - Object 'Object Repository/Home Page/header_digibox' is visible

29-05-2026T14:13:09 - [TEST_STEP][PASSED] - click(findTestObject("Registration/icon-acount")): Object: 'Object Repository/Registration/icon-acount' is clicked on

29-05-2026T14:13:10 - [MESSAGE][PASSED] - Object: 'Object Repository/Registration/icon-acount' is clicked on

29-05-2026T14:13:10 - [TEST_STEP][PASSED] - custom.BrowserHelper.closeFirefoxPopup(): custom.BrowserHelper.closeFirefoxPopup is PASSED

29-05-2026T14:13:11 - [MESSAGE][PASSED] - Delayed 1 second(s)

29-05-2026T14:13:11 - [MESSAGE][WARNING] - Test object with id 'Object Repository/' does not exist

29-05-2026T14:13:12 - [MESSAGE][PASSED] - Keys 'ESCAPE + ' sent to object: 'tempBody'

29-05-2026T14:13:12 - [MESSAGE][PASSED] - Execute JavaScript 'document.body.click();' successfully

29-05-2026T14:13:13 - [MESSAGE][PASSED] - Delayed 1 second(s)

29-05-2026T14:13:13 - [MESSAGE][PASSED] - custom.BrowserHelper.closeFirefoxPopup is PASSED

29-05-2026T14:13:13 - [TEST_STEP][PASSED] - click(findTestObject("Registration/btn-create-new-account")): Object: 'Object Repository/Registration/btn-create-new-account' is clicked on

29-05-2026T14:13:13 - [MESSAGE][PASSED] - Object: 'Object Repository/Registration/btn-create-new-account' is clicked on

29-05-2026T14:13:13 - [TEST_STEP][PASSED] - setText(findTestObject("Registration/field-Email"), "agung.priyadi@gtech.digital"): Text 'agung.priyadi@gtech.digital' is set on object 'Object Repository/Registration/field-Email'

29-05-2026T14:13:17 - [MESSAGE][PASSED] - Text 'agung.priyadi@gtech.digital' is set on object 'Object Repository/Registration/field-Email'

29-05-2026T14:13:17 - [TEST_STEP][PASSED] - setText(findTestObject("Registration/field-account"), "agungpriyadi"): Text 'agungpriyadi' is set on object 'Object Repository/Registration/field-account'

29-05-2026T14:13:18 - [MESSAGE][PASSED] - Text 'agungpriyadi' is set on object 'Object Repository/Registration/field-account'

29-05-2026T14:13:18 - [TEST_STEP][PASSED] - setText(findTestObject("Registration/field-Password"), "Laskar123456"): Text 'Laskar123456' is set on object 'Object Repository/Registration/field-Password'

29-05-2026T14:13:19 - [MESSAGE][PASSED] - Text 'Laskar123456' is set on object 'Object Repository/Registration/field-Password'

29-05-2026T14:13:19 - [TEST_STEP][PASSED] - click(findTestObject("Registration/btn-sign-up")): Object: 'Object Repository/Registration/btn-sign-up' is clicked on

29-05-2026T14:13:20 - [MESSAGE][PASSED] - Object: 'Object Repository/Registration/btn-sign-up' is clicked on

29-05-2026T14:13:20 - [TEST_STEP][PASSED] - verifyElementText(findTestObject("Registration/verify-duplicate-email"), "The mobile or email already exist."): Actual text and expected text of test object 'Object Repository/Registration/verify-duplicate-email' are matched.

29-05-2026T14:13:20 - [MESSAGE][PASSED] - Actual text and expected text of test object 'Object Repository/Registration/verify-duplicate-email' are matched.

29-05-2026T14:13:21 - [TEST_STEP][PASSED] - takeScreenshot(): Taking screenshot successfully

29-05-2026T14:13:21 - [MESSAGE][PASSED] - Taking screenshot successfully
[[ATTACHMENT|C:\\Users\\AgungPriyadi\\git\\digibox-kh\\Reports\\20260529_132906\\WEB\\Registration\\Registration_TestSuite\\20260529_132912\\1780038801006.png]]

29-05-2026T14:13:21 - [TEST_STEP][PASSED] - closeBrowser(): Browser is closed

29-05-2026T14:13:23 - [MESSAGE][PASSED] - Browser is closed

29-05-2026T14:13:23 - [TEST_STEP][ERROR] - Start listener action : afterTestCase: com.kms.katalon.core.exception.StepFailedException: Cannot take screenshot
	at com.kms.katalon.core.webui.keyword.internal.WebUIKeywordMain.stepFailed(WebUIKeywordMain.groovy:177)
	at com.kms.katalon.core.webui.keyword.internal.WebUIKeywordMain.runKeyword(WebUIKeywordMain.groovy:49)
	at com.kms.katalon.core.webui.keyword.builtin.TakeScreenshotKeyword.takeScreenshot(TakeScreenshotKeyword.groovy:93)
	at com.kms.katalon.core.webui.keyword.builtin.TakeScreenshotKeyword.execute(TakeScreenshotKeyword.groovy:49)
	at com.kms.katalon.core.keyword.internal.KeywordExecutor.executeKeywordForPlatform(KeywordExecutor.groovy:99)
	at com.kms.katalon.core.webui.keyword.WebUiBuiltInKeywords.takeScreenshot(WebUiBuiltInKeywords.groovy:3076)
	at AutoScreenshotListener.saveScreenshot(AutoScreenshotListener.groovy:59)
	at AutoScreenshotListener.afterTestCase(AutoScreenshotListener.groovy:71)
	at java.base/jdk.internal.reflect.DirectMethodHandleAccessor.invoke(DirectMethodHandleAccessor.java:103)
	at com.kms.katalon.core.context.internal.TestHooker.invokeMethod(TestHooker.java:111)
	at com.kms.katalon.core.context.internal.TestHooker.lambda$3(TestHooker.java:95)
	at com.kms.katalon.core.context.internal.TestHooker.invokeContextMethods(TestHooker.java:94)
	at com.kms.katalon.core.context.internal.TestListenerCollector.lambda$3(TestListenerCollector.java:88)
	at com.kms.katalon.core.context.internal.TestListenerCollector.handleListenerEvent(TestListenerCollector.java:85)
	at com.kms.katalon.core.context.internal.ExecutionEventManager.publicEvent(ExecutionEventManager.java:47)
	at com.kms.katalon.core.main.TestCaseExecutor.execute(TestCaseExecutor.java:366)
	at com.kms.katalon.core.common.CommonExecutor.accessTestCaseMainPhase(CommonExecutor.java:71)
	at com.kms.katalon.core.main.TestSuiteExecutor.accessTestSuiteMainPhase(TestSuiteExecutor.java:153)
	at com.kms.katalon.core.main.TestSuiteExecutor.execute(TestSuiteExecutor.java:110)
	at com.kms.katalon.core.main.TestCaseMain.startTestSuite(TestCaseMain.java:206)
	at S0529_42.run(S0529_42.groovy:40)
	at java.base/jdk.internal.reflect.DirectMethodHandleAccessor.invoke(DirectMethodHandleAccessor.java:103)
Caused by: com.kms.katalon.core.webui.exception.BrowserNotOpenedException: Browser is not opened
Build info: version: '4.39.0', revision: '126f156aee'
System info: os.name: 'Windows 11', os.arch: 'amd64', os.version: '10.0', java.version: '21.0.9'
Driver info: driver.version: unknown
	at com.kms.katalon.core.webui.driver.DriverFactory.verifyWebDriverIsOpen(DriverFactory.java:600)
	at com.kms.katalon.core.webui.driver.DriverFactory.verifyWebDriver(DriverFactory.java:585)
	at com.kms.katalon.core.webui.driver.DriverFactory.getWebDriver(DriverFactory.java:559)
	at com.kms.katalon.core.webui.keyword.builtin.TakeScreenshotKeyword$_takeScreenshot_closure1.doCall(TakeScreenshotKeyword.groovy:95)
	at com.kms.katalon.core.webui.keyword.builtin.TakeScreenshotKeyword$_takeScreenshot_closure1.call(TakeScreenshotKeyword.groovy)
	at com.kms.katalon.core.webui.keyword.internal.WebUIKeywordMain.runKeyword(WebUIKeywordMain.groovy:41)
	... 20 more


29-05-2026T14:13:23 - [TEST_STEP][PASSED] - status = testCaseContext.getTestCaseStatus(): null

29-05-2026T14:13:23 - [TEST_STEP][PASSED] - if (status == "PASSED"): null

29-05-2026T14:13:23 - [TEST_STEP][PASSED] - saveScreenshot("PASSED"): null

29-05-2026T14:13:23 - [TEST_STEP][PASSED] - tcName = getTestCaseName(): null

29-05-2026T14:13:23 - [TEST_STEP][PASSED] - return com.kms.katalon.core.configuration.RunConfiguration.getExecutionSourceName().replace(Test Cases/, ).replaceAll([\\/:*?"<>|], _): null

29-05-2026T14:13:23 - [TEST_STEP][PASSED] - folderPath = Screenshot/$status/$tcName/: null

29-05-2026T14:13:23 - [TEST_STEP][PASSED] - Files.createDirectories(Paths.get(folderPath)): null

29-05-2026T14:13:23 - [TEST_STEP][PASSED] - screenshotPath = $folderPath$status_$this.getTimestamp().png: null

29-05-2026T14:13:23 - [TEST_STEP][PASSED] - return new java.text.SimpleDateFormat(yyyyMMdd_HHmmss).format(new java.util.Date()): null

29-05-2026T14:13:23 - [TEST_STEP][ERROR] - takeScreenshot(screenshotPath): com.kms.katalon.core.exception.StepFailedException: Cannot take screenshot
	at com.kms.katalon.core.webui.keyword.internal.WebUIKeywordMain.stepFailed(WebUIKeywordMain.groovy:177)
	at com.kms.katalon.core.webui.keyword.internal.WebUIKeywordMain.runKeyword(WebUIKeywordMain.groovy:49)
	at com.kms.katalon.core.webui.keyword.builtin.TakeScreenshotKeyword.takeScreenshot(TakeScreenshotKeyword.groovy:93)
	at com.kms.katalon.core.webui.keyword.builtin.TakeScreenshotKeyword.execute(TakeScreenshotKeyword.groovy:49)
	at com.kms.katalon.core.keyword.internal.KeywordExecutor.executeKeywordForPlatform(KeywordExecutor.groovy:99)
	at com.kms.katalon.core.webui.keyword.WebUiBuiltInKeywords.takeScreenshot(WebUiBuiltInKeywords.groovy:3076)
	at AutoScreenshotListener.saveScreenshot(AutoScreenshotListener.groovy:59)
	at AutoScreenshotListener.afterTestCase(AutoScreenshotListener.groovy:71)
	at java.base/jdk.internal.reflect.DirectMethodHandleAccessor.invoke(DirectMethodHandleAccessor.java:103)
	at com.kms.katalon.core.context.internal.TestHooker.invokeMethod(TestHooker.java:111)
	at com.kms.katalon.core.context.internal.TestHooker.lambda$3(TestHooker.java:95)
	at com.kms.katalon.core.context.internal.TestHooker.invokeContextMethods(TestHooker.java:94)
	at com.kms.katalon.core.context.internal.TestListenerCollector.lambda$3(TestListenerCollector.java:88)
	at com.kms.katalon.core.context.internal.TestListenerCollector.handleListenerEvent(TestListenerCollector.java:85)
	at com.kms.katalon.core.context.internal.ExecutionEventManager.publicEvent(ExecutionEventManager.java:47)
	at com.kms.katalon.core.main.TestCaseExecutor.execute(TestCaseExecutor.java:366)
	at com.kms.katalon.core.common.CommonExecutor.accessTestCaseMainPhase(CommonExecutor.java:71)
	at com.kms.katalon.core.main.TestSuiteExecutor.accessTestSuiteMainPhase(TestSuiteExecutor.java:153)
	at com.kms.katalon.core.main.TestSuiteExecutor.execute(TestSuiteExecutor.java:110)
	at com.kms.katalon.core.main.TestCaseMain.startTestSuite(TestCaseMain.java:206)
	at S0529_42.run(S0529_42.groovy:40)
	at java.base/jdk.internal.reflect.DirectMethodHandleAccessor.invoke(DirectMethodHandleAccessor.java:103)
Caused by: com.kms.katalon.core.webui.exception.BrowserNotOpenedException: Browser is not opened
Build info: version: '4.39.0', revision: '126f156aee'
System info: os.name: 'Windows 11', os.arch: 'amd64', os.version: '10.0', java.version: '21.0.9'
Driver info: driver.version: unknown
	at com.kms.katalon.core.webui.driver.DriverFactory.verifyWebDriverIsOpen(DriverFactory.java:600)
	at com.kms.katalon.core.webui.driver.DriverFactory.verifyWebDriver(DriverFactory.java:585)
	at com.kms.katalon.core.webui.driver.DriverFactory.getWebDriver(DriverFactory.java:559)
	at com.kms.katalon.core.webui.keyword.builtin.TakeScreenshotKeyword$_takeScreenshot_closure1.doCall(TakeScreenshotKeyword.groovy:95)
	at com.kms.katalon.core.webui.keyword.builtin.TakeScreenshotKeyword$_takeScreenshot_closure1.call(TakeScreenshotKeyword.groovy)
	at com.kms.katalon.core.webui.keyword.internal.WebUIKeywordMain.runKeyword(WebUIKeywordMain.groovy:41)
	... 20 more


29-05-2026T14:13:23 - [MESSAGE][FAILED] - Cannot take screenshot (Root cause: com.kms.katalon.core.exception.StepFailedException: Cannot take screenshot
	at com.kms.katalon.core.webui.keyword.internal.WebUIKeywordMain.stepFailed(WebUIKeywordMain.groovy:177)
	at com.kms.katalon.core.webui.keyword.internal.WebUIKeywordMain.runKeyword(WebUIKeywordMain.groovy:49)
	at com.kms.katalon.core.webui.keyword.builtin.TakeScreenshotKeyword.takeScreenshot(TakeScreenshotKeyword.groovy:93)
	at com.kms.katalon.core.webui.keyword.builtin.TakeScreenshotKeyword.execute(TakeScreenshotKeyword.groovy:49)
	at com.kms.katalon.core.keyword.internal.KeywordExecutor.executeKeywordForPlatform(KeywordExecutor.groovy:99)
	at com.kms.katalon.core.webui.keyword.WebUiBuiltInKeywords.takeScreenshot(WebUiBuiltInKeywords.groovy:3076)
	at AutoScreenshotListener.saveScreenshot(AutoScreenshotListener.groovy:59)
	at AutoScreenshotListener.afterTestCase(AutoScreenshotListener.groovy:71)
	at java.base/jdk.internal.reflect.DirectMethodHandleAccessor.invoke(DirectMethodHandleAccessor.java:103)
	at com.kms.katalon.core.context.internal.TestHooker.invokeMethod(TestHooker.java:111)
	at com.kms.katalon.core.context.internal.TestHooker.lambda$3(TestHooker.java:95)
	at com.kms.katalon.core.context.internal.TestHooker.invokeContextMethods(TestHooker.java:94)
	at com.kms.katalon.core.context.internal.TestListenerCollector.lambda$3(TestListenerCollector.java:88)
	at com.kms.katalon.core.context.internal.TestListenerCollector.handleListenerEvent(TestListenerCollector.java:85)
	at com.kms.katalon.core.context.internal.ExecutionEventManager.publicEvent(ExecutionEventManager.java:47)
	at com.kms.katalon.core.main.TestCaseExecutor.execute(TestCaseExecutor.java:366)
	at com.kms.katalon.core.common.CommonExecutor.accessTestCaseMainPhase(CommonExecutor.java:71)
	at com.kms.katalon.core.main.TestSuiteExecutor.accessTestSuiteMainPhase(TestSuiteExecutor.java:153)
	at com.kms.katalon.core.main.TestSuiteExecutor.execute(TestSuiteExecutor.java:110)
	at com.kms.katalon.core.main.TestCaseMain.startTestSuite(TestCaseMain.java:206)
	at S0529_42.run(S0529_42.groovy:40)
	at java.base/jdk.internal.reflect.DirectMethodHandleAccessor.invoke(DirectMethodHandleAccessor.java:103)
Caused by: com.kms.katalon.core.webui.exception.BrowserNotOpenedException: Browser is not opened
Build info: version: '4.39.0', revision: '126f156aee'
System info: os.name: 'Windows 11', os.arch: 'amd64', os.version: '10.0', java.version: '21.0.9'
Driver info: driver.version: unknown
	at com.kms.katalon.core.webui.driver.DriverFactory.verifyWebDriverIsOpen(DriverFactory.java:600)
	at com.kms.katalon.core.webui.driver.DriverFactory.verifyWebDriver(DriverFactory.java:585)
	at com.kms.katalon.core.webui.driver.DriverFactory.getWebDriver(DriverFactory.java:559)
	at com.kms.katalon.core.webui.keyword.builtin.TakeScreenshotKeyword$_takeScreenshot_closure1.doCall(TakeScreenshotKeyword.groovy:95)
	at com.kms.katalon.core.webui.keyword.builtin.TakeScreenshotKeyword$_takeScreenshot_closure1.call(TakeScreenshotKeyword.groovy)
	at com.kms.katalon.core.webui.keyword.internal.WebUIKeywordMain.runKeyword(WebUIKeywordMain.groovy:41)
	... 20 more
)

29-05-2026T14:13:23 - [MESSAGE][ERROR] - com.kms.katalon.core.exception.StepFailedException: Cannot take screenshot
	at com.kms.katalon.core.webui.keyword.internal.WebUIKeywordMain.stepFailed(WebUIKeywordMain.groovy:177)
	at com.kms.katalon.core.webui.keyword.internal.WebUIKeywordMain.runKeyword(WebUIKeywordMain.groovy:49)
	at com.kms.katalon.core.webui.keyword.builtin.TakeScreenshotKeyword.takeScreenshot(TakeScreenshotKeyword.groovy:93)
	at com.kms.katalon.core.webui.keyword.builtin.TakeScreenshotKeyword.execute(TakeScreenshotKeyword.groovy:49)
	at com.kms.katalon.core.keyword.internal.KeywordExecutor.executeKeywordForPlatform(KeywordExecutor.groovy:99)
	at com.kms.katalon.core.webui.keyword.WebUiBuiltInKeywords.takeScreenshot(WebUiBuiltInKeywords.groovy:3076)
	at AutoScreenshotListener.saveScreenshot(AutoScreenshotListener.groovy:59)
	at AutoScreenshotListener.afterTestCase(AutoScreenshotListener.groovy:71)
	at java.base/jdk.internal.reflect.DirectMethodHandleAccessor.invoke(DirectMethodHandleAccessor.java:103)
	at com.kms.katalon.core.context.internal.TestHooker.invokeMethod(TestHooker.java:111)
	at com.kms.katalon.core.context.internal.TestHooker.lambda$3(TestHooker.java:95)
	at com.kms.katalon.core.context.internal.TestHooker.invokeContextMethods(TestHooker.java:94)
	at com.kms.katalon.core.context.internal.TestListenerCollector.lambda$3(TestListenerCollector.java:88)
	at com.kms.katalon.core.context.internal.TestListenerCollector.handleListenerEvent(TestListenerCollector.java:85)
	at com.kms.katalon.core.context.internal.ExecutionEventManager.publicEvent(ExecutionEventManager.java:47)
	at com.kms.katalon.core.main.TestCaseExecutor.execute(TestCaseExecutor.java:366)
	at com.kms.katalon.core.common.CommonExecutor.accessTestCaseMainPhase(CommonExecutor.java:71)
	at com.kms.katalon.core.main.TestSuiteExecutor.accessTestSuiteMainPhase(TestSuiteExecutor.java:153)
	at com.kms.katalon.core.main.TestSuiteExecutor.execute(TestSuiteExecutor.java:110)
	at com.kms.katalon.core.main.TestCaseMain.startTestSuite(TestCaseMain.java:206)
	at S0529_42.run(S0529_42.groovy:40)
	at java.base/jdk.internal.reflect.DirectMethodHandleAccessor.invoke(DirectMethodHandleAccessor.java:103)
Caused by: com.kms.katalon.core.webui.exception.BrowserNotOpenedException: Browser is not opened
Build info: version: '4.39.0', revision: '126f156aee'
System info: os.name: 'Windows 11', os.arch: 'amd64', os.version: '10.0', java.version: '21.0.9'
Driver info: driver.version: unknown
	at com.kms.katalon.core.webui.driver.DriverFactory.verifyWebDriverIsOpen(DriverFactory.java:600)
	at com.kms.katalon.core.webui.driver.DriverFactory.verifyWebDriver(DriverFactory.java:585)
	at com.kms.katalon.core.webui.driver.DriverFactory.getWebDriver(DriverFactory.java:559)
	at com.kms.katalon.core.webui.keyword.builtin.TakeScreenshotKeyword$_takeScreenshot_closure1.doCall(TakeScreenshotKeyword.groovy:95)
	at com.kms.katalon.core.webui.keyword.builtin.TakeScreenshotKeyword$_takeScreenshot_closure1.call(TakeScreenshotKeyword.groovy)
	at com.kms.katalon.core.webui.keyword.internal.WebUIKeywordMain.runKeyword(WebUIKeywordMain.groovy:41)
	... 20 more]]></system-out>
         <system-err><![CDATA[]]></system-err>
      </testcase>
      <testcase name="Test Cases/WEB/Registration/Register with invalid data (email or password)" time="25.904" classname="Test Cases/WEB/Registration/Register with invalid data (email or password)" status="PASSED">
         <system-out><![CDATA[29-05-2026T14:13:25 - [TEST_CASE][PASSED] - Test Cases/WEB/Registration/Register with invalid data (email or password): Test Cases/WEB/Registration/Register with invalid data (email or password)

29-05-2026T14:13:26 - [TEST_STEP][PASSED] - openBrowser(URL): Browser is opened with url: 'https://d-digibox-kh.blubox.id/'

29-05-2026T14:13:26 - [MESSAGE][INFO] - Starting 'Chrome (headless)' driver

29-05-2026T14:13:26 - [MESSAGE][INFO] - User set preference: ['args', '[--disable-dev-shm-usage, --no-sandbox, --disable-gpu, --window-size=1920,1080]']

29-05-2026T14:13:26 - [MESSAGE][INFO] - Action delay is set to 0 milliseconds

29-05-2026T14:13:29 - [MESSAGE][PASSED] - Browser is opened with url: 'https://d-digibox-kh.blubox.id/'

29-05-2026T14:13:29 - [TEST_STEP][PASSED] - custom.BrowserHelper.setupBrowserWindow(): custom.BrowserHelper.setupBrowserWindow is PASSED

29-05-2026T14:13:29 - [MESSAGE][PASSED] - Viewport is set to new size with width = 1920 and height = 1080

29-05-2026T14:13:29 - [MESSAGE][PASSED] - custom.BrowserHelper.setupBrowserWindow is PASSED

29-05-2026T14:13:29 - [TEST_STEP][PASSED] - verifyElementVisible(findTestObject("Home Page/header_digibox")): Object 'Object Repository/Home Page/header_digibox' is visible

29-05-2026T14:13:29 - [MESSAGE][PASSED] - Object 'Object Repository/Home Page/header_digibox' is visible

29-05-2026T14:13:29 - [TEST_STEP][PASSED] - click(findTestObject("Registration/icon-acount")): Object: 'Object Repository/Registration/icon-acount' is clicked on

29-05-2026T14:13:30 - [MESSAGE][PASSED] - Object: 'Object Repository/Registration/icon-acount' is clicked on

29-05-2026T14:13:30 - [TEST_STEP][PASSED] - custom.BrowserHelper.closeFirefoxPopup(): custom.BrowserHelper.closeFirefoxPopup is PASSED

29-05-2026T14:13:31 - [MESSAGE][PASSED] - Delayed 1 second(s)

29-05-2026T14:13:31 - [MESSAGE][WARNING] - Test object with id 'Object Repository/' does not exist

29-05-2026T14:13:32 - [MESSAGE][PASSED] - Keys 'ESCAPE + ' sent to object: 'tempBody'

29-05-2026T14:13:32 - [MESSAGE][PASSED] - Execute JavaScript 'document.body.click();' successfully

29-05-2026T14:13:33 - [MESSAGE][PASSED] - Delayed 1 second(s)

29-05-2026T14:13:33 - [MESSAGE][PASSED] - custom.BrowserHelper.closeFirefoxPopup is PASSED

29-05-2026T14:13:33 - [TEST_STEP][PASSED] - click(findTestObject("Registration/btn-create-new-account")): Object: 'Object Repository/Registration/btn-create-new-account' is clicked on

29-05-2026T14:13:34 - [MESSAGE][PASSED] - Object: 'Object Repository/Registration/btn-create-new-account' is clicked on

29-05-2026T14:13:34 - [TEST_STEP][PASSED] - setText(findTestObject("Registration/field-Email"), "salahemailgmail.com"): Text 'salahemailgmail.com' is set on object 'Object Repository/Registration/field-Email'

29-05-2026T14:13:37 - [MESSAGE][PASSED] - Text 'salahemailgmail.com' is set on object 'Object Repository/Registration/field-Email'

29-05-2026T14:13:37 - [TEST_STEP][PASSED] - setText(findTestObject("Registration/field-account"), ""): Text '' is set on object 'Object Repository/Registration/field-account'

29-05-2026T14:13:38 - [MESSAGE][PASSED] - Text '' is set on object 'Object Repository/Registration/field-account'

29-05-2026T14:13:38 - [TEST_STEP][PASSED] - setText(findTestObject("Registration/field-Password"), ""): Text '' is set on object 'Object Repository/Registration/field-Password'

29-05-2026T14:13:40 - [MESSAGE][PASSED] - Text '' is set on object 'Object Repository/Registration/field-Password'

29-05-2026T14:13:40 - [TEST_STEP][PASSED] - click(findTestObject("Registration/btn-sign-up")): Object: 'Object Repository/Registration/btn-sign-up' is clicked on

29-05-2026T14:13:41 - [MESSAGE][PASSED] - Object: 'Object Repository/Registration/btn-sign-up' is clicked on

29-05-2026T14:13:41 - [TEST_STEP][PASSED] - verifyElementText(findTestObject("Registration/verify-Email"), "Please enter a valid email address"): Actual text and expected text of test object 'Object Repository/Registration/verify-Email' are matched.

29-05-2026T14:13:41 - [MESSAGE][PASSED] - Actual text and expected text of test object 'Object Repository/Registration/verify-Email' are matched.

29-05-2026T14:13:41 - [TEST_STEP][PASSED] - verifyElementText(findTestObject("Registration/verify-required"), "Required"): Actual text and expected text of test object 'Object Repository/Registration/verify-required' are matched.

29-05-2026T14:13:41 - [MESSAGE][PASSED] - Actual text and expected text of test object 'Object Repository/Registration/verify-required' are matched.

29-05-2026T14:13:41 - [TEST_STEP][PASSED] - takeScreenshot(): Taking screenshot successfully

29-05-2026T14:13:42 - [MESSAGE][PASSED] - Taking screenshot successfully
[[ATTACHMENT|C:\\Users\\AgungPriyadi\\git\\digibox-kh\\Reports\\20260529_132906\\WEB\\Registration\\Registration_TestSuite\\20260529_132912\\1780038821868.png]]

29-05-2026T14:13:42 - [TEST_STEP][PASSED] - setText(findTestObject("Registration/field-Email"), "agung.priyadi@gtech.digital"): Text 'agung.priyadi@gtech.digital' is set on object 'Object Repository/Registration/field-Email'

29-05-2026T14:13:43 - [MESSAGE][PASSED] - Text 'agung.priyadi@gtech.digital' is set on object 'Object Repository/Registration/field-Email'

29-05-2026T14:13:43 - [TEST_STEP][PASSED] - setText(findTestObject("Registration/field-account"), "agungpriyadi"): Text 'agungpriyadi' is set on object 'Object Repository/Registration/field-account'

29-05-2026T14:13:44 - [MESSAGE][PASSED] - Text 'agungpriyadi' is set on object 'Object Repository/Registration/field-account'

29-05-2026T14:13:44 - [TEST_STEP][PASSED] - setText(findTestObject("Registration/field-Password"), "Las"): Text 'Las' is set on object 'Object Repository/Registration/field-Password'

29-05-2026T14:13:46 - [MESSAGE][PASSED] - Text 'Las' is set on object 'Object Repository/Registration/field-Password'

29-05-2026T14:13:46 - [TEST_STEP][PASSED] - click(findTestObject("Registration/btn-sign-up")): Object: 'Object Repository/Registration/btn-sign-up' is clicked on

29-05-2026T14:13:47 - [MESSAGE][PASSED] - Object: 'Object Repository/Registration/btn-sign-up' is clicked on

29-05-2026T14:13:47 - [TEST_STEP][PASSED] - verifyElementText(findTestObject("Registration/verify-length"), "Password length is 6-20 digits"): Actual text and expected text of test object 'Object Repository/Registration/verify-length' are matched.

29-05-2026T14:13:47 - [MESSAGE][PASSED] - Actual text and expected text of test object 'Object Repository/Registration/verify-length' are matched.

29-05-2026T14:13:47 - [TEST_STEP][PASSED] - takeScreenshot(): Taking screenshot successfully

29-05-2026T14:13:48 - [MESSAGE][PASSED] - Taking screenshot successfully
[[ATTACHMENT|C:\\Users\\AgungPriyadi\\git\\digibox-kh\\Reports\\20260529_132906\\WEB\\Registration\\Registration_TestSuite\\20260529_132912\\1780038827690.png]]

29-05-2026T14:13:48 - [TEST_STEP][PASSED] - closeBrowser(): Browser is closed

29-05-2026T14:13:49 - [MESSAGE][PASSED] - Browser is closed

29-05-2026T14:13:49 - [TEST_STEP][ERROR] - Start listener action : afterTestCase: com.kms.katalon.core.exception.StepFailedException: Cannot take screenshot
	at com.kms.katalon.core.webui.keyword.internal.WebUIKeywordMain.stepFailed(WebUIKeywordMain.groovy:177)
	at com.kms.katalon.core.webui.keyword.internal.WebUIKeywordMain.runKeyword(WebUIKeywordMain.groovy:49)
	at com.kms.katalon.core.webui.keyword.builtin.TakeScreenshotKeyword.takeScreenshot(TakeScreenshotKeyword.groovy:93)
	at com.kms.katalon.core.webui.keyword.builtin.TakeScreenshotKeyword.execute(TakeScreenshotKeyword.groovy:49)
	at com.kms.katalon.core.keyword.internal.KeywordExecutor.executeKeywordForPlatform(KeywordExecutor.groovy:99)
	at com.kms.katalon.core.webui.keyword.WebUiBuiltInKeywords.takeScreenshot(WebUiBuiltInKeywords.groovy:3076)
	at AutoScreenshotListener.saveScreenshot(AutoScreenshotListener.groovy:59)
	at AutoScreenshotListener.afterTestCase(AutoScreenshotListener.groovy:71)
	at java.base/jdk.internal.reflect.DirectMethodHandleAccessor.invoke(DirectMethodHandleAccessor.java:103)
	at com.kms.katalon.core.context.internal.TestHooker.invokeMethod(TestHooker.java:111)
	at com.kms.katalon.core.context.internal.TestHooker.lambda$3(TestHooker.java:95)
	at com.kms.katalon.core.context.internal.TestHooker.invokeContextMethods(TestHooker.java:94)
	at com.kms.katalon.core.context.internal.TestListenerCollector.lambda$3(TestListenerCollector.java:88)
	at com.kms.katalon.core.context.internal.TestListenerCollector.handleListenerEvent(TestListenerCollector.java:85)
	at com.kms.katalon.core.context.internal.ExecutionEventManager.publicEvent(ExecutionEventManager.java:47)
	at com.kms.katalon.core.main.TestCaseExecutor.execute(TestCaseExecutor.java:366)
	at com.kms.katalon.core.common.CommonExecutor.accessTestCaseMainPhase(CommonExecutor.java:71)
	at com.kms.katalon.core.main.TestSuiteExecutor.accessTestSuiteMainPhase(TestSuiteExecutor.java:153)
	at com.kms.katalon.core.main.TestSuiteExecutor.execute(TestSuiteExecutor.java:110)
	at com.kms.katalon.core.main.TestCaseMain.startTestSuite(TestCaseMain.java:206)
	at S0529_42.run(S0529_42.groovy:40)
	at java.base/jdk.internal.reflect.DirectMethodHandleAccessor.invoke(DirectMethodHandleAccessor.java:103)
Caused by: com.kms.katalon.core.webui.exception.BrowserNotOpenedException: Browser is not opened
Build info: version: '4.39.0', revision: '126f156aee'
System info: os.name: 'Windows 11', os.arch: 'amd64', os.version: '10.0', java.version: '21.0.9'
Driver info: driver.version: unknown
	at com.kms.katalon.core.webui.driver.DriverFactory.verifyWebDriverIsOpen(DriverFactory.java:600)
	at com.kms.katalon.core.webui.driver.DriverFactory.verifyWebDriver(DriverFactory.java:585)
	at com.kms.katalon.core.webui.driver.DriverFactory.getWebDriver(DriverFactory.java:559)
	at com.kms.katalon.core.webui.keyword.builtin.TakeScreenshotKeyword$_takeScreenshot_closure1.doCall(TakeScreenshotKeyword.groovy:95)
	at com.kms.katalon.core.webui.keyword.builtin.TakeScreenshotKeyword$_takeScreenshot_closure1.call(TakeScreenshotKeyword.groovy)
	at com.kms.katalon.core.webui.keyword.internal.WebUIKeywordMain.runKeyword(WebUIKeywordMain.groovy:41)
	... 20 more


29-05-2026T14:13:49 - [TEST_STEP][PASSED] - status = testCaseContext.getTestCaseStatus(): null

29-05-2026T14:13:49 - [TEST_STEP][PASSED] - if (status == "PASSED"): null

29-05-2026T14:13:49 - [TEST_STEP][PASSED] - saveScreenshot("PASSED"): null

29-05-2026T14:13:49 - [TEST_STEP][PASSED] - tcName = getTestCaseName(): null

29-05-2026T14:13:49 - [TEST_STEP][PASSED] - return com.kms.katalon.core.configuration.RunConfiguration.getExecutionSourceName().replace(Test Cases/, ).replaceAll([\\/:*?"<>|], _): null

29-05-2026T14:13:49 - [TEST_STEP][PASSED] - folderPath = Screenshot/$status/$tcName/: null

29-05-2026T14:13:49 - [TEST_STEP][PASSED] - Files.createDirectories(Paths.get(folderPath)): null

29-05-2026T14:13:49 - [TEST_STEP][PASSED] - screenshotPath = $folderPath$status_$this.getTimestamp().png: null

29-05-2026T14:13:49 - [TEST_STEP][PASSED] - return new java.text.SimpleDateFormat(yyyyMMdd_HHmmss).format(new java.util.Date()): null

29-05-2026T14:13:49 - [TEST_STEP][ERROR] - takeScreenshot(screenshotPath): com.kms.katalon.core.exception.StepFailedException: Cannot take screenshot
	at com.kms.katalon.core.webui.keyword.internal.WebUIKeywordMain.stepFailed(WebUIKeywordMain.groovy:177)
	at com.kms.katalon.core.webui.keyword.internal.WebUIKeywordMain.runKeyword(WebUIKeywordMain.groovy:49)
	at com.kms.katalon.core.webui.keyword.builtin.TakeScreenshotKeyword.takeScreenshot(TakeScreenshotKeyword.groovy:93)
	at com.kms.katalon.core.webui.keyword.builtin.TakeScreenshotKeyword.execute(TakeScreenshotKeyword.groovy:49)
	at com.kms.katalon.core.keyword.internal.KeywordExecutor.executeKeywordForPlatform(KeywordExecutor.groovy:99)
	at com.kms.katalon.core.webui.keyword.WebUiBuiltInKeywords.takeScreenshot(WebUiBuiltInKeywords.groovy:3076)
	at AutoScreenshotListener.saveScreenshot(AutoScreenshotListener.groovy:59)
	at AutoScreenshotListener.afterTestCase(AutoScreenshotListener.groovy:71)
	at java.base/jdk.internal.reflect.DirectMethodHandleAccessor.invoke(DirectMethodHandleAccessor.java:103)
	at com.kms.katalon.core.context.internal.TestHooker.invokeMethod(TestHooker.java:111)
	at com.kms.katalon.core.context.internal.TestHooker.lambda$3(TestHooker.java:95)
	at com.kms.katalon.core.context.internal.TestHooker.invokeContextMethods(TestHooker.java:94)
	at com.kms.katalon.core.context.internal.TestListenerCollector.lambda$3(TestListenerCollector.java:88)
	at com.kms.katalon.core.context.internal.TestListenerCollector.handleListenerEvent(TestListenerCollector.java:85)
	at com.kms.katalon.core.context.internal.ExecutionEventManager.publicEvent(ExecutionEventManager.java:47)
	at com.kms.katalon.core.main.TestCaseExecutor.execute(TestCaseExecutor.java:366)
	at com.kms.katalon.core.common.CommonExecutor.accessTestCaseMainPhase(CommonExecutor.java:71)
	at com.kms.katalon.core.main.TestSuiteExecutor.accessTestSuiteMainPhase(TestSuiteExecutor.java:153)
	at com.kms.katalon.core.main.TestSuiteExecutor.execute(TestSuiteExecutor.java:110)
	at com.kms.katalon.core.main.TestCaseMain.startTestSuite(TestCaseMain.java:206)
	at S0529_42.run(S0529_42.groovy:40)
	at java.base/jdk.internal.reflect.DirectMethodHandleAccessor.invoke(DirectMethodHandleAccessor.java:103)
Caused by: com.kms.katalon.core.webui.exception.BrowserNotOpenedException: Browser is not opened
Build info: version: '4.39.0', revision: '126f156aee'
System info: os.name: 'Windows 11', os.arch: 'amd64', os.version: '10.0', java.version: '21.0.9'
Driver info: driver.version: unknown
	at com.kms.katalon.core.webui.driver.DriverFactory.verifyWebDriverIsOpen(DriverFactory.java:600)
	at com.kms.katalon.core.webui.driver.DriverFactory.verifyWebDriver(DriverFactory.java:585)
	at com.kms.katalon.core.webui.driver.DriverFactory.getWebDriver(DriverFactory.java:559)
	at com.kms.katalon.core.webui.keyword.builtin.TakeScreenshotKeyword$_takeScreenshot_closure1.doCall(TakeScreenshotKeyword.groovy:95)
	at com.kms.katalon.core.webui.keyword.builtin.TakeScreenshotKeyword$_takeScreenshot_closure1.call(TakeScreenshotKeyword.groovy)
	at com.kms.katalon.core.webui.keyword.internal.WebUIKeywordMain.runKeyword(WebUIKeywordMain.groovy:41)
	... 20 more


29-05-2026T14:13:49 - [MESSAGE][FAILED] - Cannot take screenshot (Root cause: com.kms.katalon.core.exception.StepFailedException: Cannot take screenshot
	at com.kms.katalon.core.webui.keyword.internal.WebUIKeywordMain.stepFailed(WebUIKeywordMain.groovy:177)
	at com.kms.katalon.core.webui.keyword.internal.WebUIKeywordMain.runKeyword(WebUIKeywordMain.groovy:49)
	at com.kms.katalon.core.webui.keyword.builtin.TakeScreenshotKeyword.takeScreenshot(TakeScreenshotKeyword.groovy:93)
	at com.kms.katalon.core.webui.keyword.builtin.TakeScreenshotKeyword.execute(TakeScreenshotKeyword.groovy:49)
	at com.kms.katalon.core.keyword.internal.KeywordExecutor.executeKeywordForPlatform(KeywordExecutor.groovy:99)
	at com.kms.katalon.core.webui.keyword.WebUiBuiltInKeywords.takeScreenshot(WebUiBuiltInKeywords.groovy:3076)
	at AutoScreenshotListener.saveScreenshot(AutoScreenshotListener.groovy:59)
	at AutoScreenshotListener.afterTestCase(AutoScreenshotListener.groovy:71)
	at java.base/jdk.internal.reflect.DirectMethodHandleAccessor.invoke(DirectMethodHandleAccessor.java:103)
	at com.kms.katalon.core.context.internal.TestHooker.invokeMethod(TestHooker.java:111)
	at com.kms.katalon.core.context.internal.TestHooker.lambda$3(TestHooker.java:95)
	at com.kms.katalon.core.context.internal.TestHooker.invokeContextMethods(TestHooker.java:94)
	at com.kms.katalon.core.context.internal.TestListenerCollector.lambda$3(TestListenerCollector.java:88)
	at com.kms.katalon.core.context.internal.TestListenerCollector.handleListenerEvent(TestListenerCollector.java:85)
	at com.kms.katalon.core.context.internal.ExecutionEventManager.publicEvent(ExecutionEventManager.java:47)
	at com.kms.katalon.core.main.TestCaseExecutor.execute(TestCaseExecutor.java:366)
	at com.kms.katalon.core.common.CommonExecutor.accessTestCaseMainPhase(CommonExecutor.java:71)
	at com.kms.katalon.core.main.TestSuiteExecutor.accessTestSuiteMainPhase(TestSuiteExecutor.java:153)
	at com.kms.katalon.core.main.TestSuiteExecutor.execute(TestSuiteExecutor.java:110)
	at com.kms.katalon.core.main.TestCaseMain.startTestSuite(TestCaseMain.java:206)
	at S0529_42.run(S0529_42.groovy:40)
	at java.base/jdk.internal.reflect.DirectMethodHandleAccessor.invoke(DirectMethodHandleAccessor.java:103)
Caused by: com.kms.katalon.core.webui.exception.BrowserNotOpenedException: Browser is not opened
Build info: version: '4.39.0', revision: '126f156aee'
System info: os.name: 'Windows 11', os.arch: 'amd64', os.version: '10.0', java.version: '21.0.9'
Driver info: driver.version: unknown
	at com.kms.katalon.core.webui.driver.DriverFactory.verifyWebDriverIsOpen(DriverFactory.java:600)
	at com.kms.katalon.core.webui.driver.DriverFactory.verifyWebDriver(DriverFactory.java:585)
	at com.kms.katalon.core.webui.driver.DriverFactory.getWebDriver(DriverFactory.java:559)
	at com.kms.katalon.core.webui.keyword.builtin.TakeScreenshotKeyword$_takeScreenshot_closure1.doCall(TakeScreenshotKeyword.groovy:95)
	at com.kms.katalon.core.webui.keyword.builtin.TakeScreenshotKeyword$_takeScreenshot_closure1.call(TakeScreenshotKeyword.groovy)
	at com.kms.katalon.core.webui.keyword.internal.WebUIKeywordMain.runKeyword(WebUIKeywordMain.groovy:41)
	... 20 more
)

29-05-2026T14:13:49 - [MESSAGE][ERROR] - com.kms.katalon.core.exception.StepFailedException: Cannot take screenshot
	at com.kms.katalon.core.webui.keyword.internal.WebUIKeywordMain.stepFailed(WebUIKeywordMain.groovy:177)
	at com.kms.katalon.core.webui.keyword.internal.WebUIKeywordMain.runKeyword(WebUIKeywordMain.groovy:49)
	at com.kms.katalon.core.webui.keyword.builtin.TakeScreenshotKeyword.takeScreenshot(TakeScreenshotKeyword.groovy:93)
	at com.kms.katalon.core.webui.keyword.builtin.TakeScreenshotKeyword.execute(TakeScreenshotKeyword.groovy:49)
	at com.kms.katalon.core.keyword.internal.KeywordExecutor.executeKeywordForPlatform(KeywordExecutor.groovy:99)
	at com.kms.katalon.core.webui.keyword.WebUiBuiltInKeywords.takeScreenshot(WebUiBuiltInKeywords.groovy:3076)
	at AutoScreenshotListener.saveScreenshot(AutoScreenshotListener.groovy:59)
	at AutoScreenshotListener.afterTestCase(AutoScreenshotListener.groovy:71)
	at java.base/jdk.internal.reflect.DirectMethodHandleAccessor.invoke(DirectMethodHandleAccessor.java:103)
	at com.kms.katalon.core.context.internal.TestHooker.invokeMethod(TestHooker.java:111)
	at com.kms.katalon.core.context.internal.TestHooker.lambda$3(TestHooker.java:95)
	at com.kms.katalon.core.context.internal.TestHooker.invokeContextMethods(TestHooker.java:94)
	at com.kms.katalon.core.context.internal.TestListenerCollector.lambda$3(TestListenerCollector.java:88)
	at com.kms.katalon.core.context.internal.TestListenerCollector.handleListenerEvent(TestListenerCollector.java:85)
	at com.kms.katalon.core.context.internal.ExecutionEventManager.publicEvent(ExecutionEventManager.java:47)
	at com.kms.katalon.core.main.TestCaseExecutor.execute(TestCaseExecutor.java:366)
	at com.kms.katalon.core.common.CommonExecutor.accessTestCaseMainPhase(CommonExecutor.java:71)
	at com.kms.katalon.core.main.TestSuiteExecutor.accessTestSuiteMainPhase(TestSuiteExecutor.java:153)
	at com.kms.katalon.core.main.TestSuiteExecutor.execute(TestSuiteExecutor.java:110)
	at com.kms.katalon.core.main.TestCaseMain.startTestSuite(TestCaseMain.java:206)
	at S0529_42.run(S0529_42.groovy:40)
	at java.base/jdk.internal.reflect.DirectMethodHandleAccessor.invoke(DirectMethodHandleAccessor.java:103)
Caused by: com.kms.katalon.core.webui.exception.BrowserNotOpenedException: Browser is not opened
Build info: version: '4.39.0', revision: '126f156aee'
System info: os.name: 'Windows 11', os.arch: 'amd64', os.version: '10.0', java.version: '21.0.9'
Driver info: driver.version: unknown
	at com.kms.katalon.core.webui.driver.DriverFactory.verifyWebDriverIsOpen(DriverFactory.java:600)
	at com.kms.katalon.core.webui.driver.DriverFactory.verifyWebDriver(DriverFactory.java:585)
	at com.kms.katalon.core.webui.driver.DriverFactory.getWebDriver(DriverFactory.java:559)
	at com.kms.katalon.core.webui.keyword.builtin.TakeScreenshotKeyword$_takeScreenshot_closure1.doCall(TakeScreenshotKeyword.groovy:95)
	at com.kms.katalon.core.webui.keyword.builtin.TakeScreenshotKeyword$_takeScreenshot_closure1.call(TakeScreenshotKeyword.groovy)
	at com.kms.katalon.core.webui.keyword.internal.WebUIKeywordMain.runKeyword(WebUIKeywordMain.groovy:41)
	... 20 more]]></system-out>
         <system-err><![CDATA[]]></system-err>
      </testcase>
      <testcase name="Test Cases/WEB/Registration/Register with true data" time="19.195" classname="Test Cases/WEB/Registration/Register with true data" status="PASSED">
         <system-out><![CDATA[29-05-2026T14:13:51 - [TEST_CASE][PASSED] - Test Cases/WEB/Registration/Register with true data: Test Cases/WEB/Registration/Register with true data

29-05-2026T14:13:52 - [TEST_STEP][PASSED] - randomEmail = custom.RandomData.generateRandomEmail(): custom.RandomData.generateRandomEmail is PASSED

29-05-2026T14:13:52 - [MESSAGE][PASSED] - custom.RandomData.generateRandomEmail is PASSED

29-05-2026T14:13:52 - [TEST_STEP][PASSED] - randomUsername = custom.RandomData.generateRandomUsername(): custom.RandomData.generateRandomUsername is PASSED

29-05-2026T14:13:52 - [MESSAGE][PASSED] - custom.RandomData.generateRandomUsername is PASSED

29-05-2026T14:13:52 - [TEST_STEP][PASSED] - openBrowser(URL): Browser is opened with url: 'https://d-digibox-kh.blubox.id/'

29-05-2026T14:13:52 - [MESSAGE][INFO] - Starting 'Chrome (headless)' driver

29-05-2026T14:13:52 - [MESSAGE][INFO] - User set preference: ['args', '[--disable-dev-shm-usage, --no-sandbox, --disable-gpu, --window-size=1920,1080]']

29-05-2026T14:13:52 - [MESSAGE][INFO] - Action delay is set to 0 milliseconds

29-05-2026T14:13:55 - [MESSAGE][PASSED] - Browser is opened with url: 'https://d-digibox-kh.blubox.id/'

29-05-2026T14:13:55 - [TEST_STEP][PASSED] - custom.BrowserHelper.setupBrowserWindow(): custom.BrowserHelper.setupBrowserWindow is PASSED

29-05-2026T14:13:56 - [MESSAGE][PASSED] - Viewport is set to new size with width = 1920 and height = 1080

29-05-2026T14:13:56 - [MESSAGE][PASSED] - custom.BrowserHelper.setupBrowserWindow is PASSED

29-05-2026T14:13:56 - [TEST_STEP][PASSED] - verifyElementVisible(findTestObject("Home Page/header_digibox")): Object 'Object Repository/Home Page/header_digibox' is visible

29-05-2026T14:13:56 - [MESSAGE][PASSED] - Object 'Object Repository/Home Page/header_digibox' is visible

29-05-2026T14:13:56 - [TEST_STEP][PASSED] - click(findTestObject("Registration/icon-acount")): Object: 'Object Repository/Registration/icon-acount' is clicked on

29-05-2026T14:13:57 - [MESSAGE][PASSED] - Object: 'Object Repository/Registration/icon-acount' is clicked on

29-05-2026T14:13:57 - [TEST_STEP][PASSED] - custom.BrowserHelper.closeFirefoxPopup(): custom.BrowserHelper.closeFirefoxPopup is PASSED

29-05-2026T14:13:58 - [MESSAGE][PASSED] - Delayed 1 second(s)

29-05-2026T14:13:58 - [MESSAGE][WARNING] - Test object with id 'Object Repository/' does not exist

29-05-2026T14:13:59 - [MESSAGE][PASSED] - Keys 'ESCAPE + ' sent to object: 'tempBody'

29-05-2026T14:13:59 - [MESSAGE][PASSED] - Execute JavaScript 'document.body.click();' successfully

29-05-2026T14:14:00 - [MESSAGE][PASSED] - Delayed 1 second(s)

29-05-2026T14:14:00 - [MESSAGE][PASSED] - custom.BrowserHelper.closeFirefoxPopup is PASSED

29-05-2026T14:14:00 - [TEST_STEP][PASSED] - click(findTestObject("Registration/btn-create-new-account")): Object: 'Object Repository/Registration/btn-create-new-account' is clicked on

29-05-2026T14:14:00 - [MESSAGE][PASSED] - Object: 'Object Repository/Registration/btn-create-new-account' is clicked on

29-05-2026T14:14:00 - [TEST_STEP][PASSED] - setText(findTestObject("Registration/field-Email"), randomEmail): Text 'agungpriyadimhf@gmail.com' is set on object 'Object Repository/Registration/field-Email'

29-05-2026T14:14:03 - [MESSAGE][PASSED] - Text 'agungpriyadimhf@gmail.com' is set on object 'Object Repository/Registration/field-Email'

29-05-2026T14:14:03 - [TEST_STEP][PASSED] - setText(findTestObject("Registration/field-account"), randomUsername): Text 'agung8323829018' is set on object 'Object Repository/Registration/field-account'

29-05-2026T14:14:05 - [MESSAGE][PASSED] - Text 'agung8323829018' is set on object 'Object Repository/Registration/field-account'

29-05-2026T14:14:05 - [TEST_STEP][PASSED] - setText(findTestObject("Registration/field-Password"), "Laskar123456"): Text 'Laskar123456' is set on object 'Object Repository/Registration/field-Password'

29-05-2026T14:14:06 - [MESSAGE][PASSED] - Text 'Laskar123456' is set on object 'Object Repository/Registration/field-Password'

29-05-2026T14:14:06 - [TEST_STEP][PASSED] - click(findTestObject("Registration/btn-sign-up")): Object: 'Object Repository/Registration/btn-sign-up' is clicked on

29-05-2026T14:14:07 - [MESSAGE][PASSED] - Object: 'Object Repository/Registration/btn-sign-up' is clicked on

29-05-2026T14:14:07 - [TEST_STEP][PASSED] - comment("Email used: " + randomEmail): Email used: agungpriyadimhf@gmail.com

29-05-2026T14:14:07 - [MESSAGE][INFO] - Email used: agungpriyadimhf@gmail.com

29-05-2026T14:14:07 - [TEST_STEP][PASSED] - comment("Username used: " + randomUsername): Username used: agung8323829018

29-05-2026T14:14:07 - [MESSAGE][INFO] - Username used: agung8323829018

29-05-2026T14:14:07 - [TEST_STEP][PASSED] - takeScreenshot(): Taking screenshot successfully

29-05-2026T14:14:07 - [MESSAGE][PASSED] - Taking screenshot successfully
[[ATTACHMENT|C:\\Users\\AgungPriyadi\\git\\digibox-kh\\Reports\\20260529_132906\\WEB\\Registration\\Registration_TestSuite\\20260529_132912\\1780038847105.png]]

29-05-2026T14:14:07 - [TEST_STEP][PASSED] - closeBrowser(): Browser is closed

29-05-2026T14:14:08 - [MESSAGE][PASSED] - Browser is closed

29-05-2026T14:14:08 - [TEST_STEP][ERROR] - Start listener action : afterTestCase: com.kms.katalon.core.exception.StepFailedException: Cannot take screenshot
	at com.kms.katalon.core.webui.keyword.internal.WebUIKeywordMain.stepFailed(WebUIKeywordMain.groovy:177)
	at com.kms.katalon.core.webui.keyword.internal.WebUIKeywordMain.runKeyword(WebUIKeywordMain.groovy:49)
	at com.kms.katalon.core.webui.keyword.builtin.TakeScreenshotKeyword.takeScreenshot(TakeScreenshotKeyword.groovy:93)
	at com.kms.katalon.core.webui.keyword.builtin.TakeScreenshotKeyword.execute(TakeScreenshotKeyword.groovy:49)
	at com.kms.katalon.core.keyword.internal.KeywordExecutor.executeKeywordForPlatform(KeywordExecutor.groovy:99)
	at com.kms.katalon.core.webui.keyword.WebUiBuiltInKeywords.takeScreenshot(WebUiBuiltInKeywords.groovy:3076)
	at AutoScreenshotListener.saveScreenshot(AutoScreenshotListener.groovy:59)
	at AutoScreenshotListener.afterTestCase(AutoScreenshotListener.groovy:71)
	at java.base/jdk.internal.reflect.DirectMethodHandleAccessor.invoke(DirectMethodHandleAccessor.java:103)
	at com.kms.katalon.core.context.internal.TestHooker.invokeMethod(TestHooker.java:111)
	at com.kms.katalon.core.context.internal.TestHooker.lambda$3(TestHooker.java:95)
	at com.kms.katalon.core.context.internal.TestHooker.invokeContextMethods(TestHooker.java:94)
	at com.kms.katalon.core.context.internal.TestListenerCollector.lambda$3(TestListenerCollector.java:88)
	at com.kms.katalon.core.context.internal.TestListenerCollector.handleListenerEvent(TestListenerCollector.java:85)
	at com.kms.katalon.core.context.internal.ExecutionEventManager.publicEvent(ExecutionEventManager.java:47)
	at com.kms.katalon.core.main.TestCaseExecutor.execute(TestCaseExecutor.java:366)
	at com.kms.katalon.core.common.CommonExecutor.accessTestCaseMainPhase(CommonExecutor.java:71)
	at com.kms.katalon.core.main.TestSuiteExecutor.accessTestSuiteMainPhase(TestSuiteExecutor.java:153)
	at com.kms.katalon.core.main.TestSuiteExecutor.execute(TestSuiteExecutor.java:110)
	at com.kms.katalon.core.main.TestCaseMain.startTestSuite(TestCaseMain.java:206)
	at S0529_42.run(S0529_42.groovy:40)
	at java.base/jdk.internal.reflect.DirectMethodHandleAccessor.invoke(DirectMethodHandleAccessor.java:103)
Caused by: com.kms.katalon.core.webui.exception.BrowserNotOpenedException: Browser is not opened
Build info: version: '4.39.0', revision: '126f156aee'
System info: os.name: 'Windows 11', os.arch: 'amd64', os.version: '10.0', java.version: '21.0.9'
Driver info: driver.version: unknown
	at com.kms.katalon.core.webui.driver.DriverFactory.verifyWebDriverIsOpen(DriverFactory.java:600)
	at com.kms.katalon.core.webui.driver.DriverFactory.verifyWebDriver(DriverFactory.java:585)
	at com.kms.katalon.core.webui.driver.DriverFactory.getWebDriver(DriverFactory.java:559)
	at com.kms.katalon.core.webui.keyword.builtin.TakeScreenshotKeyword$_takeScreenshot_closure1.doCall(TakeScreenshotKeyword.groovy:95)
	at com.kms.katalon.core.webui.keyword.builtin.TakeScreenshotKeyword$_takeScreenshot_closure1.call(TakeScreenshotKeyword.groovy)
	at com.kms.katalon.core.webui.keyword.internal.WebUIKeywordMain.runKeyword(WebUIKeywordMain.groovy:41)
	... 20 more


29-05-2026T14:14:08 - [TEST_STEP][PASSED] - status = testCaseContext.getTestCaseStatus(): null

29-05-2026T14:14:08 - [TEST_STEP][PASSED] - if (status == "PASSED"): null

29-05-2026T14:14:08 - [TEST_STEP][PASSED] - saveScreenshot("PASSED"): null

29-05-2026T14:14:08 - [TEST_STEP][PASSED] - tcName = getTestCaseName(): null

29-05-2026T14:14:08 - [TEST_STEP][PASSED] - return com.kms.katalon.core.configuration.RunConfiguration.getExecutionSourceName().replace(Test Cases/, ).replaceAll([\\/:*?"<>|], _): null

29-05-2026T14:14:08 - [TEST_STEP][PASSED] - folderPath = Screenshot/$status/$tcName/: null

29-05-2026T14:14:08 - [TEST_STEP][PASSED] - Files.createDirectories(Paths.get(folderPath)): null

29-05-2026T14:14:08 - [TEST_STEP][PASSED] - screenshotPath = $folderPath$status_$this.getTimestamp().png: null

29-05-2026T14:14:08 - [TEST_STEP][PASSED] - return new java.text.SimpleDateFormat(yyyyMMdd_HHmmss).format(new java.util.Date()): null

29-05-2026T14:14:08 - [TEST_STEP][ERROR] - takeScreenshot(screenshotPath): com.kms.katalon.core.exception.StepFailedException: Cannot take screenshot
	at com.kms.katalon.core.webui.keyword.internal.WebUIKeywordMain.stepFailed(WebUIKeywordMain.groovy:177)
	at com.kms.katalon.core.webui.keyword.internal.WebUIKeywordMain.runKeyword(WebUIKeywordMain.groovy:49)
	at com.kms.katalon.core.webui.keyword.builtin.TakeScreenshotKeyword.takeScreenshot(TakeScreenshotKeyword.groovy:93)
	at com.kms.katalon.core.webui.keyword.builtin.TakeScreenshotKeyword.execute(TakeScreenshotKeyword.groovy:49)
	at com.kms.katalon.core.keyword.internal.KeywordExecutor.executeKeywordForPlatform(KeywordExecutor.groovy:99)
	at com.kms.katalon.core.webui.keyword.WebUiBuiltInKeywords.takeScreenshot(WebUiBuiltInKeywords.groovy:3076)
	at AutoScreenshotListener.saveScreenshot(AutoScreenshotListener.groovy:59)
	at AutoScreenshotListener.afterTestCase(AutoScreenshotListener.groovy:71)
	at java.base/jdk.internal.reflect.DirectMethodHandleAccessor.invoke(DirectMethodHandleAccessor.java:103)
	at com.kms.katalon.core.context.internal.TestHooker.invokeMethod(TestHooker.java:111)
	at com.kms.katalon.core.context.internal.TestHooker.lambda$3(TestHooker.java:95)
	at com.kms.katalon.core.context.internal.TestHooker.invokeContextMethods(TestHooker.java:94)
	at com.kms.katalon.core.context.internal.TestListenerCollector.lambda$3(TestListenerCollector.java:88)
	at com.kms.katalon.core.context.internal.TestListenerCollector.handleListenerEvent(TestListenerCollector.java:85)
	at com.kms.katalon.core.context.internal.ExecutionEventManager.publicEvent(ExecutionEventManager.java:47)
	at com.kms.katalon.core.main.TestCaseExecutor.execute(TestCaseExecutor.java:366)
	at com.kms.katalon.core.common.CommonExecutor.accessTestCaseMainPhase(CommonExecutor.java:71)
	at com.kms.katalon.core.main.TestSuiteExecutor.accessTestSuiteMainPhase(TestSuiteExecutor.java:153)
	at com.kms.katalon.core.main.TestSuiteExecutor.execute(TestSuiteExecutor.java:110)
	at com.kms.katalon.core.main.TestCaseMain.startTestSuite(TestCaseMain.java:206)
	at S0529_42.run(S0529_42.groovy:40)
	at java.base/jdk.internal.reflect.DirectMethodHandleAccessor.invoke(DirectMethodHandleAccessor.java:103)
Caused by: com.kms.katalon.core.webui.exception.BrowserNotOpenedException: Browser is not opened
Build info: version: '4.39.0', revision: '126f156aee'
System info: os.name: 'Windows 11', os.arch: 'amd64', os.version: '10.0', java.version: '21.0.9'
Driver info: driver.version: unknown
	at com.kms.katalon.core.webui.driver.DriverFactory.verifyWebDriverIsOpen(DriverFactory.java:600)
	at com.kms.katalon.core.webui.driver.DriverFactory.verifyWebDriver(DriverFactory.java:585)
	at com.kms.katalon.core.webui.driver.DriverFactory.getWebDriver(DriverFactory.java:559)
	at com.kms.katalon.core.webui.keyword.builtin.TakeScreenshotKeyword$_takeScreenshot_closure1.doCall(TakeScreenshotKeyword.groovy:95)
	at com.kms.katalon.core.webui.keyword.builtin.TakeScreenshotKeyword$_takeScreenshot_closure1.call(TakeScreenshotKeyword.groovy)
	at com.kms.katalon.core.webui.keyword.internal.WebUIKeywordMain.runKeyword(WebUIKeywordMain.groovy:41)
	... 20 more


29-05-2026T14:14:08 - [MESSAGE][FAILED] - Cannot take screenshot (Root cause: com.kms.katalon.core.exception.StepFailedException: Cannot take screenshot
	at com.kms.katalon.core.webui.keyword.internal.WebUIKeywordMain.stepFailed(WebUIKeywordMain.groovy:177)
	at com.kms.katalon.core.webui.keyword.internal.WebUIKeywordMain.runKeyword(WebUIKeywordMain.groovy:49)
	at com.kms.katalon.core.webui.keyword.builtin.TakeScreenshotKeyword.takeScreenshot(TakeScreenshotKeyword.groovy:93)
	at com.kms.katalon.core.webui.keyword.builtin.TakeScreenshotKeyword.execute(TakeScreenshotKeyword.groovy:49)
	at com.kms.katalon.core.keyword.internal.KeywordExecutor.executeKeywordForPlatform(KeywordExecutor.groovy:99)
	at com.kms.katalon.core.webui.keyword.WebUiBuiltInKeywords.takeScreenshot(WebUiBuiltInKeywords.groovy:3076)
	at AutoScreenshotListener.saveScreenshot(AutoScreenshotListener.groovy:59)
	at AutoScreenshotListener.afterTestCase(AutoScreenshotListener.groovy:71)
	at java.base/jdk.internal.reflect.DirectMethodHandleAccessor.invoke(DirectMethodHandleAccessor.java:103)
	at com.kms.katalon.core.context.internal.TestHooker.invokeMethod(TestHooker.java:111)
	at com.kms.katalon.core.context.internal.TestHooker.lambda$3(TestHooker.java:95)
	at com.kms.katalon.core.context.internal.TestHooker.invokeContextMethods(TestHooker.java:94)
	at com.kms.katalon.core.context.internal.TestListenerCollector.lambda$3(TestListenerCollector.java:88)
	at com.kms.katalon.core.context.internal.TestListenerCollector.handleListenerEvent(TestListenerCollector.java:85)
	at com.kms.katalon.core.context.internal.ExecutionEventManager.publicEvent(ExecutionEventManager.java:47)
	at com.kms.katalon.core.main.TestCaseExecutor.execute(TestCaseExecutor.java:366)
	at com.kms.katalon.core.common.CommonExecutor.accessTestCaseMainPhase(CommonExecutor.java:71)
	at com.kms.katalon.core.main.TestSuiteExecutor.accessTestSuiteMainPhase(TestSuiteExecutor.java:153)
	at com.kms.katalon.core.main.TestSuiteExecutor.execute(TestSuiteExecutor.java:110)
	at com.kms.katalon.core.main.TestCaseMain.startTestSuite(TestCaseMain.java:206)
	at S0529_42.run(S0529_42.groovy:40)
	at java.base/jdk.internal.reflect.DirectMethodHandleAccessor.invoke(DirectMethodHandleAccessor.java:103)
Caused by: com.kms.katalon.core.webui.exception.BrowserNotOpenedException: Browser is not opened
Build info: version: '4.39.0', revision: '126f156aee'
System info: os.name: 'Windows 11', os.arch: 'amd64', os.version: '10.0', java.version: '21.0.9'
Driver info: driver.version: unknown
	at com.kms.katalon.core.webui.driver.DriverFactory.verifyWebDriverIsOpen(DriverFactory.java:600)
	at com.kms.katalon.core.webui.driver.DriverFactory.verifyWebDriver(DriverFactory.java:585)
	at com.kms.katalon.core.webui.driver.DriverFactory.getWebDriver(DriverFactory.java:559)
	at com.kms.katalon.core.webui.keyword.builtin.TakeScreenshotKeyword$_takeScreenshot_closure1.doCall(TakeScreenshotKeyword.groovy:95)
	at com.kms.katalon.core.webui.keyword.builtin.TakeScreenshotKeyword$_takeScreenshot_closure1.call(TakeScreenshotKeyword.groovy)
	at com.kms.katalon.core.webui.keyword.internal.WebUIKeywordMain.runKeyword(WebUIKeywordMain.groovy:41)
	... 20 more
)

29-05-2026T14:14:08 - [MESSAGE][ERROR] - com.kms.katalon.core.exception.StepFailedException: Cannot take screenshot
	at com.kms.katalon.core.webui.keyword.internal.WebUIKeywordMain.stepFailed(WebUIKeywordMain.groovy:177)
	at com.kms.katalon.core.webui.keyword.internal.WebUIKeywordMain.runKeyword(WebUIKeywordMain.groovy:49)
	at com.kms.katalon.core.webui.keyword.builtin.TakeScreenshotKeyword.takeScreenshot(TakeScreenshotKeyword.groovy:93)
	at com.kms.katalon.core.webui.keyword.builtin.TakeScreenshotKeyword.execute(TakeScreenshotKeyword.groovy:49)
	at com.kms.katalon.core.keyword.internal.KeywordExecutor.executeKeywordForPlatform(KeywordExecutor.groovy:99)
	at com.kms.katalon.core.webui.keyword.WebUiBuiltInKeywords.takeScreenshot(WebUiBuiltInKeywords.groovy:3076)
	at AutoScreenshotListener.saveScreenshot(AutoScreenshotListener.groovy:59)
	at AutoScreenshotListener.afterTestCase(AutoScreenshotListener.groovy:71)
	at java.base/jdk.internal.reflect.DirectMethodHandleAccessor.invoke(DirectMethodHandleAccessor.java:103)
	at com.kms.katalon.core.context.internal.TestHooker.invokeMethod(TestHooker.java:111)
	at com.kms.katalon.core.context.internal.TestHooker.lambda$3(TestHooker.java:95)
	at com.kms.katalon.core.context.internal.TestHooker.invokeContextMethods(TestHooker.java:94)
	at com.kms.katalon.core.context.internal.TestListenerCollector.lambda$3(TestListenerCollector.java:88)
	at com.kms.katalon.core.context.internal.TestListenerCollector.handleListenerEvent(TestListenerCollector.java:85)
	at com.kms.katalon.core.context.internal.ExecutionEventManager.publicEvent(ExecutionEventManager.java:47)
	at com.kms.katalon.core.main.TestCaseExecutor.execute(TestCaseExecutor.java:366)
	at com.kms.katalon.core.common.CommonExecutor.accessTestCaseMainPhase(CommonExecutor.java:71)
	at com.kms.katalon.core.main.TestSuiteExecutor.accessTestSuiteMainPhase(TestSuiteExecutor.java:153)
	at com.kms.katalon.core.main.TestSuiteExecutor.execute(TestSuiteExecutor.java:110)
	at com.kms.katalon.core.main.TestCaseMain.startTestSuite(TestCaseMain.java:206)
	at S0529_42.run(S0529_42.groovy:40)
	at java.base/jdk.internal.reflect.DirectMethodHandleAccessor.invoke(DirectMethodHandleAccessor.java:103)
Caused by: com.kms.katalon.core.webui.exception.BrowserNotOpenedException: Browser is not opened
Build info: version: '4.39.0', revision: '126f156aee'
System info: os.name: 'Windows 11', os.arch: 'amd64', os.version: '10.0', java.version: '21.0.9'
Driver info: driver.version: unknown
	at com.kms.katalon.core.webui.driver.DriverFactory.verifyWebDriverIsOpen(DriverFactory.java:600)
	at com.kms.katalon.core.webui.driver.DriverFactory.verifyWebDriver(DriverFactory.java:585)
	at com.kms.katalon.core.webui.driver.DriverFactory.getWebDriver(DriverFactory.java:559)
	at com.kms.katalon.core.webui.keyword.builtin.TakeScreenshotKeyword$_takeScreenshot_closure1.doCall(TakeScreenshotKeyword.groovy:95)
	at com.kms.katalon.core.webui.keyword.builtin.TakeScreenshotKeyword$_takeScreenshot_closure1.call(TakeScreenshotKeyword.groovy)
	at com.kms.katalon.core.webui.keyword.internal.WebUIKeywordMain.runKeyword(WebUIKeywordMain.groovy:41)
	... 20 more]]></system-out>
         <system-err><![CDATA[]]></system-err>
      </testcase>
      <system-out><![CDATA[29-05-2026T14:12:34 - [TEST_SUITE][PASSED] - Registration_TestSuite: null]]></system-out>
      <system-err><![CDATA[]]></system-err>
   </testsuite>
</testsuites>
