<?xml version="1.0" encoding="UTF-8"?>
<testsuites name="ProductCart_TestSuite" time="65.87" tests="1" passed="1" failures="0" errors="0" incompleted="0" skipped="0">
   <testsuite name="ProductCart_TestSuite" tests="1" passed="1" failures="0" errors="0" incompleted="0" skipped="0" time="65.87" timestamp="2026-05-25T08:24:52.999Z" hostname="AgungPriyadi - NB-GDA-55026" id="Test Suites/WEB/Product And Cart/ProductCart_TestSuite" status="PASSED">
      <properties>
[...]
</properties>
      <testcase name="Test Cases/WEB/Product and Cart/Ensure user can add - update - remove product to shopping cart" time="65.732" classname="Test Cases/WEB/Product and Cart/Ensure user can add - update - remove product to shopping cart" status="PASSED">
         <system-out><![CDATA[25-05-2026T15:24:53 - [TEST_CASE][PASSED] - Test Cases/WEB/Product and Cart/Ensure user can add - update - remove product to shopping cart: Test Cases/WEB/Product and Cart/Ensure user can add - update - remove product to shopping cart

25-05-2026T15:24:53 - [TEST_STEP][PASSED] - openBrowser(URL): Browser is opened with url: 'https://d-digibox-kh.blubox.id/'

25-05-2026T15:24:53 - [MESSAGE][INFO] - Starting 'Chrome' driver

25-05-2026T15:24:53 - [MESSAGE][INFO] - User set preference: ['args', '[--start-maximized]']

25-05-2026T15:24:53 - [MESSAGE][INFO] - Action delay is set to 0 milliseconds

25-05-2026T15:24:59 - [MESSAGE][PASSED] - Browser is opened with url: 'https://d-digibox-kh.blubox.id/'

25-05-2026T15:24:59 - [TEST_STEP][PASSED] - verifyElementVisible(findTestObject("Home Page/header_digibox")): Object 'Object Repository/Home Page/header_digibox' is visible

25-05-2026T15:25:00 - [MESSAGE][PASSED] - Object 'Object Repository/Home Page/header_digibox' is visible

25-05-2026T15:25:00 - [TEST_STEP][PASSED] - click(findTestObject("Registration/icon-acount")): Object: 'Object Repository/Registration/icon-acount' is clicked on

25-05-2026T15:25:01 - [MESSAGE][PASSED] - Object: 'Object Repository/Registration/icon-acount' is clicked on

25-05-2026T15:25:01 - [TEST_STEP][PASSED] - setText(findTestObject("Registration/field-account"), "agungpriyadi"): Text 'agungpriyadi' is set on object 'Object Repository/Registration/field-account'

25-05-2026T15:25:03 - [MESSAGE][PASSED] - Text 'agungpriyadi' is set on object 'Object Repository/Registration/field-account'

25-05-2026T15:25:03 - [TEST_STEP][PASSED] - setText(findTestObject("Registration/field-Password"), "Laskar123456"): Text 'Laskar123456' is set on object 'Object Repository/Registration/field-Password'

25-05-2026T15:25:04 - [MESSAGE][PASSED] - Text 'Laskar123456' is set on object 'Object Repository/Registration/field-Password'

25-05-2026T15:25:04 - [TEST_STEP][PASSED] - click(findTestObject("Login/btn-sign in")): Object: 'Object Repository/Login/btn-sign in' is clicked on

25-05-2026T15:25:04 - [MESSAGE][PASSED] - Object: 'Object Repository/Login/btn-sign in' is clicked on

25-05-2026T15:25:04 - [TEST_STEP][PASSED] - click(findTestObject("Registration/icon-acount")): Object: 'Object Repository/Registration/icon-acount' is clicked on

25-05-2026T15:25:05 - [MESSAGE][PASSED] - Object: 'Object Repository/Registration/icon-acount' is clicked on

25-05-2026T15:25:05 - [TEST_STEP][PASSED] - verifyElementVisible(findTestObject("Home Page/verify-succes-acount-login")): Object 'Object Repository/Home Page/verify-succes-acount-login' is visible

25-05-2026T15:25:07 - [MESSAGE][PASSED] - Object 'Object Repository/Home Page/verify-succes-acount-login' is visible

25-05-2026T15:25:07 - [TEST_STEP][PASSED] - click(findTestObject("Home Page/Search/icon-search")): Object: 'Object Repository/Home Page/Search/icon-search' is clicked on

25-05-2026T15:25:08 - [MESSAGE][PASSED] - Object: 'Object Repository/Home Page/Search/icon-search' is clicked on

25-05-2026T15:25:08 - [TEST_STEP][PASSED] - click(findTestObject("Home Page/Search/field-search")): Object: 'Object Repository/Home Page/Search/field-search' is clicked on

25-05-2026T15:25:09 - [MESSAGE][PASSED] - Object: 'Object Repository/Home Page/Search/field-search' is clicked on

25-05-2026T15:25:09 - [TEST_STEP][PASSED] - sendKeys(findTestObject("Home Page/Search/field-search"), Keys.chord("IPHONE 11 PRO 128 GB DEEP PURPLE", ENTER)): Keys 'ENTER + IPHONE 11 PRO 128 GB DEEP PURPLE' sent to object: 'Object Repository/Home Page/Search/field-search'

25-05-2026T15:25:09 - [MESSAGE][PASSED] - Keys 'ENTER + IPHONE 11 PRO 128 GB DEEP PURPLE' sent to object: 'Object Repository/Home Page/Search/field-search'

25-05-2026T15:25:09 - [TEST_STEP][PASSED] - verifyElementVisible(findTestObject("Home Page/Search/verify-product-iphone-11-pro")): Object 'Object Repository/Home Page/Search/verify-product-iphone-11-pro' is visible

25-05-2026T15:25:12 - [MESSAGE][PASSED] - Object 'Object Repository/Home Page/Search/verify-product-iphone-11-pro' is visible

25-05-2026T15:25:12 - [TEST_STEP][PASSED] - click(findTestObject("Product and Cart/Add to cart/btn-product")): Object: 'Object Repository/Product and Cart/Add to cart/btn-product' is clicked on

25-05-2026T15:25:22 - [MESSAGE][WARNING] - [WEBUI-SELF-HEALING] Failed to find element with id 'Object Repository/Product and Cart/Add to cart/btn-product'. Try using Self-healing.

25-05-2026T15:25:23 - [MESSAGE][WARNING] - [WEBUI-SELF-HEALING] Web element with id: 'Object Repository/Product and Cart/Add to cart/btn-product' located by 'By.xpath: //div[@id='waterfallWrapper1779689225939']/div/section/div/div/div/div[2]/p' not found

25-05-2026T15:25:23 - [MESSAGE][ERROR] - Failed to execute candidate self-healer, trigger AI-SelfHealing: Web element with id: 'Object Repository/Product and Cart/Add to cart/btn-product' located by 'By.xpath: //div[@id='waterfallWrapper1779689225939']/div/section/div/div/div/div[2]/p' not found

25-05-2026T15:25:23 - [MESSAGE][INFO] - [AI Self-Healing] Recovering element locator by using AI Self-Healing...

25-05-2026T15:25:40 - [MESSAGE][INFO] - [AI Self-Healing] Found "3" possible locators:
 [
  {
    "type": "XPATH",
    "value": "//div[@id\u003d\u0027waterfallWrapper1779697511492\u0027]//p[@class\u003d\u0027product-name\u0027 and normalize-space() \u003d \u0027IPHONE 11 PRO 128 GB DEEP PURPLE\u0027]",
    "semanticLocator": "product name label: \u0027IPHONE 11 PRO 128 GB DEEP PURPLE\u0027 (first product)",
    "confidence": 0.85,
    "reason": "Matched the recorded locator\u0027s waterfall container pattern (\u0027waterfallWrapper...\u0027 in broken object\u0027s XPath) and the target tag/class (p with class\u003d\u0027product-name\u0027). Matched visible text \u0027IPHONE 11 PRO 128 GB DEEP PURPLE\u0027 which corresponds to a product-name element in the provided DOM."
  },
  {
    "type": "CSS",
    "value": "#waterfallWrapper1779697511492 .waterfall__item:nth-child(1) .product-name",
    "semanticLocator": "first product-name inside waterfall list (index-based)",
    "confidence": 0.6,
    "reason": "Matched broken object\u0027s locator structure (element under a \u0027waterfallWrapper...\u0027 container). Uses the same product card structure: waterfall__item → .product-name. (Index used because many product-name elements exist; broken XPath targeted a specific item.)"
  },
  {
    "type": "XPATH",
    "value": "//div[contains(@id,\u0027waterfallWrapper\u0027)]//p[@class\u003d\u0027product-name\u0027 and contains(normalize-space(),\u0027iPhone 14 Pro Max\u0027)]",
    "semanticLocator": "product name label containing \u0027iPhone 14 Pro Max\u0027",
    "confidence": 0.4,
    "reason": "Matched the broken object\u0027s waterfall container pattern (id contains \u0027waterfallWrapper\u0027) and tag/class (p with class\u003d\u0027product-name\u0027). Uses fuzzy text matching to account for similar product-name variants (e.g. \u0027iPhone 14 Pro Max\u0027) present in the DOM; lower confidence because multiple matching elements exist."
  }
]

25-05-2026T15:25:40 - [MESSAGE][INFO] - [AI Self-Healing] Verifying locator: "//div[@id='waterfallWrapper1779697511492']//p[@class='product-name' and normalize-space() = 'IPHONE 11 PRO 128 GB DEEP PURPLE']"

25-05-2026T15:25:41 - [MESSAGE][INFO] - [AI Self-Healing] Found valid locator: "//div[@id='waterfallWrapper1779697511492']//p[@class='product-name' and normalize-space() = 'IPHONE 11 PRO 128 GB DEEP PURPLE']"

25-05-2026T15:25:41 - [MESSAGE][INFO] - [AI Self-Healing] Screenshot: C:/Users/AgungPriyadi/git/digibox-kh/Reports/Self-healing/Object Repository/Product and Cart/Add to cart/btn-product_XPATH.png

25-05-2026T15:25:41 - [MESSAGE][WARNING] - Waiting for element timed out

25-05-2026T15:25:41 - [MESSAGE][PASSED] - Object: 'Object Repository/Product and Cart/Add to cart/btn-product' is clicked on

25-05-2026T15:25:41 - [TEST_STEP][PASSED] - click(findTestObject("Product and Cart/Add to cart/button_Add to Cart")): Object: 'Object Repository/Product and Cart/Add to cart/button_Add to Cart' is clicked on

25-05-2026T15:25:51 - [MESSAGE][WARNING] - [WEBUI-SELF-HEALING] Failed to find element with id 'Object Repository/Product and Cart/Add to cart/button_Add to Cart'. Try using Self-healing.

25-05-2026T15:25:52 - [MESSAGE][WARNING] - [WEBUI-SELF-HEALING] The current locator of test object 'Object Repository/Product and Cart/Add to cart/button_Add to Cart' was broken. Propose an alternative one: '//button[@type='primary']'.

25-05-2026T15:25:52 - [MESSAGE][WARNING] - Waiting for element timed out

25-05-2026T15:25:52 - [MESSAGE][PASSED] - Object: 'Object Repository/Product and Cart/Add to cart/button_Add to Cart' is clicked on

25-05-2026T15:25:52 - [TEST_STEP][PASSED] - click(findTestObject("Product and Cart/Add to cart/i_icon-cart")): Object: 'Object Repository/Product and Cart/Add to cart/i_icon-cart' is clicked on

25-05-2026T15:25:53 - [MESSAGE][PASSED] - Object: 'Object Repository/Product and Cart/Add to cart/i_icon-cart' is clicked on

25-05-2026T15:25:53 - [TEST_STEP][PASSED] - takeScreenshot(): Taking screenshot successfully

25-05-2026T15:25:53 - [MESSAGE][PASSED] - Taking screenshot successfully
[[ATTACHMENT|C:\\Users\\AgungPriyadi\\git\\digibox-kh\\Reports\\20260525_152448\\WEB\\Product And Cart\\ProductCart_TestSuite\\20260525_152448\\1779697553147.png]]

25-05-2026T15:25:53 - [TEST_STEP][PASSED] - click(findTestObject("Product and Cart/Add to cart/btn-trash")): Object: 'Object Repository/Product and Cart/Add to cart/btn-trash' is clicked on

25-05-2026T15:25:54 - [MESSAGE][PASSED] - Object: 'Object Repository/Product and Cart/Add to cart/btn-trash' is clicked on

25-05-2026T15:25:54 - [TEST_STEP][PASSED] - takeScreenshot(): Taking screenshot successfully

25-05-2026T15:25:55 - [MESSAGE][PASSED] - Taking screenshot successfully
[[ATTACHMENT|C:\\Users\\AgungPriyadi\\git\\digibox-kh\\Reports\\20260525_152448\\WEB\\Product And Cart\\ProductCart_TestSuite\\20260525_152448\\1779697554674.png]]

25-05-2026T15:25:55 - [TEST_STEP][PASSED] - click(findTestObject("Product and Cart/Add to cart/btn-confrim-yes")): Object: 'Object Repository/Product and Cart/Add to cart/btn-confrim-yes' is clicked on

25-05-2026T15:25:55 - [MESSAGE][PASSED] - Object: 'Object Repository/Product and Cart/Add to cart/btn-confrim-yes' is clicked on

25-05-2026T15:25:55 - [TEST_STEP][PASSED] - takeScreenshot(): Taking screenshot successfully

25-05-2026T15:25:56 - [MESSAGE][PASSED] - Taking screenshot successfully
[[ATTACHMENT|C:\\Users\\AgungPriyadi\\git\\digibox-kh\\Reports\\20260525_152448\\WEB\\Product And Cart\\ProductCart_TestSuite\\20260525_152448\\1779697555822.png]]

25-05-2026T15:25:56 - [TEST_STEP][PASSED] - closeBrowser(): Browser is closed

25-05-2026T15:25:56 - [MESSAGE][PASSED] - Browser is closed

25-05-2026T15:25:58 - [TEST_STEP][PASSED] - Video: Video recording for test case 'Test Cases/WEB/Product and Cart/Ensure user can add - update - remove product to shopping cart' .

25-05-2026T15:25:58 - [MESSAGE][INFO] - Video recording for test case 'Test Cases/WEB/Product and Cart/Ensure user can add - update - remove product to shopping cart' .]]></system-out>
         <system-err><![CDATA[]]></system-err>
      </testcase>
      <system-out><![CDATA[25-05-2026T15:24:52 - [TEST_SUITE][PASSED] - ProductCart_TestSuite: null]]></system-out>
      <system-err><![CDATA[]]></system-err>
   </testsuite>
</testsuites>
